#
# There is insufficient memory for the Java Runtime Environment to continue.
# Native memory allocation (malloc) failed to allocate 1098576 bytes for Chunk::new
# Possible reasons:
#   The system is out of physical RAM or swap space
#   The process is running with CompressedOops enabled, and the Java Heap may be blocking the growth of the native heap
# Possible solutions:
#   Reduce memory load on the system
#   Increase physical memory or swap space
#   Check if swap backing store is full
#   Decrease Java heap size (-Xmx/-Xms)
#   Decrease number of Java threads
#   Decrease Java thread stack sizes (-Xss)
#   Set larger code cache with -XX:ReservedCodeCacheSize=
#   JVM is running with Unscaled Compressed Oops mode in which the Java heap is
#     placed in the first 4GB address space. The Java Heap base address is the
#     maximum limit for the native heap growth. Please use -XX:HeapBaseMinAddress
#     to set the Java Heap base and to place the Java Heap above 4GB virtual address.
# This output file may be truncated or incomplete.
#
#  Out of Memory Error (allocation.cpp:389), pid=14540, tid=0x0000000000001218
#
# JRE version: OpenJDK Runtime Environment (8.0_242-b01) (build 1.8.0_242-release-1644-b01)
# Java VM: OpenJDK 64-Bit Server VM (25.242-b01 mixed mode windows-amd64 compressed oops)
# Failed to write core dump. Minidumps are not enabled by default on client versions of Windows
#

---------------  T H R E A D  ---------------

Current thread (0x0000000019652800):  JavaThread "C2 CompilerThread2" daemon [_thread_in_native, id=4632, stack(0x000000001aeb0000,0x000000001afb0000)]

Stack: [0x000000001aeb0000,0x000000001afb0000]
[error occurred during error reporting (printing stack bounds), id 0xc0000005]

Native frames: (J=compiled Java code, j=interpreted, Vv=VM code, C=native code)


Current CompileTask:
C2:2745371 46554 %     4       com.android.tools.r8.dex.n::m @ 64 (2044 bytes)


---------------  P R O C E S S  ---------------

Java Threads: ( => current thread )
  0x00000000451b0800 JavaThread "ForkJoinPool-23-worker-12" daemon [_thread_blocked, id=17036, stack(0x00000000549f0000,0x0000000054af0000)]
  0x00000000451b3800 JavaThread "ForkJoinPool-23-worker-3" daemon [_thread_blocked, id=8412, stack(0x00000000548f0000,0x00000000549f0000)]
  0x00000000198bc800 JavaThread "ForkJoinPool-23-worker-10" daemon [_thread_blocked, id=14012, stack(0x00000000547f0000,0x00000000548f0000)]
  0x000000001fb40800 JavaThread "ForkJoinPool-23-worker-1" daemon [_thread_blocked, id=7964, stack(0x00000000546f0000,0x00000000547f0000)]
  0x0000000023749800 JavaThread "ForkJoinPool-23-worker-8" daemon [_thread_blocked, id=12764, stack(0x00000000545f0000,0x00000000546f0000)]
  0x00000000209f7800 JavaThread "ForkJoinPool-23-worker-15" daemon [_thread_blocked, id=12504, stack(0x00000000544f0000,0x00000000545f0000)]
  0x000000003ee08800 JavaThread "ForkJoinPool-23-worker-6" daemon [_thread_blocked, id=14264, stack(0x00000000543f0000,0x00000000544f0000)]
  0x000000003ee09800 JavaThread "ForkJoinPool-23-worker-13" daemon [_thread_blocked, id=14144, stack(0x00000000542f0000,0x00000000543f0000)]
  0x000000003ee08000 JavaThread "ForkJoinPool-23-worker-4" daemon [_thread_blocked, id=15568, stack(0x00000000541f0000,0x00000000542f0000)]
  0x000000003ee05800 JavaThread "ForkJoinPool-23-worker-11" daemon [_thread_blocked, id=16744, stack(0x00000000540f0000,0x00000000541f0000)]
  0x000000003ee04000 JavaThread "ForkJoinPool-23-worker-2" daemon [_thread_blocked, id=14660, stack(0x0000000053ff0000,0x00000000540f0000)]
  0x000000003ee03000 JavaThread "ForkJoinPool-23-worker-9" daemon [_thread_blocked, id=12788, stack(0x0000000053ef0000,0x0000000053ff0000)]
  0x000000003ee07000 JavaThread "ForkJoinPool-21-worker-12" daemon [_thread_in_Java, id=11972, stack(0x0000000053df0000,0x0000000053ef0000)]
  0x000000003ee04800 JavaThread "ForkJoinPool-21-worker-3" daemon [_thread_in_Java, id=6896, stack(0x0000000053cf0000,0x0000000053df0000)]
  0x000000003edff800 JavaThread "ForkJoinPool-21-worker-10" daemon [_thread_in_Java, id=14084, stack(0x0000000053bf0000,0x0000000053cf0000)]
  0x000000003ee00000 JavaThread "ForkJoinPool-21-worker-1" daemon [_thread_in_Java, id=10440, stack(0x0000000053af0000,0x0000000053bf0000)]
  0x000000003ee01800 JavaThread "ForkJoinPool-21-worker-8" daemon [_thread_in_Java, id=8140, stack(0x00000000539f0000,0x0000000053af0000)]
  0x000000003ee06800 JavaThread "ForkJoinPool-21-worker-15" daemon [_thread_blocked, id=15172, stack(0x00000000538f0000,0x00000000539f0000)]
  0x000000003edfe800 JavaThread "ForkJoinPool-21-worker-6" daemon [_thread_in_Java, id=7144, stack(0x00000000537f0000,0x00000000538f0000)]
  0x000000003ee01000 JavaThread "ForkJoinPool-21-worker-13" daemon [_thread_blocked, id=10744, stack(0x00000000536f0000,0x00000000537f0000)]
  0x000000003ee02800 JavaThread "ForkJoinPool-21-worker-4" daemon [_thread_blocked, id=3132, stack(0x00000000535f0000,0x00000000536f0000)]
  0x000000003edf7000 JavaThread "ForkJoinPool-21-worker-11" daemon [_thread_in_Java, id=15228, stack(0x0000000052a30000,0x0000000052b30000)]
  0x000000003edfc800 JavaThread "ForkJoinPool-21-worker-2" daemon [_thread_blocked, id=15900, stack(0x000000003c100000,0x000000003c200000)]
  0x000000003edfb800 JavaThread "ForkJoinPool-21-worker-9" daemon [_thread_blocked, id=13060, stack(0x000000003c000000,0x000000003c100000)]
  0x000000003edfb000 JavaThread "WorkerExecutor Queue Thread 13" [_thread_blocked, id=14516, stack(0x00000000534f0000,0x00000000535f0000)]
  0x000000003edf8800 JavaThread "WorkerExecutor Queue Thread 12" [_thread_blocked, id=16580, stack(0x00000000533f0000,0x00000000534f0000)]
  0x000000003edfe000 JavaThread "WorkerExecutor Queue Thread 11" [_thread_blocked, id=7096, stack(0x00000000532f0000,0x00000000533f0000)]
  0x000000003edfa000 JavaThread "WorkerExecutor Queue Thread 10" [_thread_blocked, id=14100, stack(0x00000000531f0000,0x00000000532f0000)]
  0x000000003edfd000 JavaThread "WorkerExecutor Queue Thread 9" [_thread_blocked, id=14344, stack(0x0000000052930000,0x0000000052a30000)]
  0x000000003edf8000 JavaThread "WorkerExecutor Queue Thread 8" [_thread_blocked, id=17044, stack(0x0000000052ee0000,0x0000000052fe0000)]
  0x000000003edf5000 JavaThread "WorkerExecutor Queue Thread 7" [_thread_blocked, id=7764, stack(0x0000000052de0000,0x0000000052ee0000)]
  0x000000003edf9800 JavaThread "WorkerExecutor Queue Thread 6" [_thread_blocked, id=12536, stack(0x0000000052ce0000,0x0000000052de0000)]
  0x000000003edf1000 JavaThread "WorkerExecutor Queue Thread 5" [_thread_blocked, id=6428, stack(0x0000000052be0000,0x0000000052ce0000)]
  0x000000003edf4000 JavaThread "WorkerExecutor Queue Thread 4" [_thread_blocked, id=5816, stack(0x000000004f610000,0x000000004f710000)]
  0x000000003edec000 JavaThread "WorkerExecutor Queue Thread 3" [_thread_blocked, id=10528, stack(0x000000004e4d0000,0x000000004e5d0000)]
  0x000000003eded800 JavaThread "WorkerExecutor Queue Thread 2" [_thread_blocked, id=10252, stack(0x000000004ac60000,0x000000004ad60000)]
  0x000000003edf0800 JavaThread "WorkerExecutor Queue" [_thread_blocked, id=7104, stack(0x0000000043760000,0x0000000043860000)]
  0x00000000198c5800 JavaThread "Cache worker for Java compile cache (E:\AndroidProjects\ShoppingUser\.gradle\6.5\javaCompile)" [_thread_blocked, id=12352, stack(0x000000004a760000,0x000000004a860000)]
  0x00000000198c4800 JavaThread "Cache worker for execution history cache (E:\AndroidProjects\ShoppingUser\.gradle\6.5\executionHistory)" [_thread_blocked, id=16544, stack(0x000000004a660000,0x000000004a760000)]
  0x00000000198c1800 JavaThread "Execution worker for ':' Thread 11" [_thread_blocked, id=10816, stack(0x000000004a560000,0x000000004a660000)]
  0x00000000198ba000 JavaThread "Execution worker for ':' Thread 10" [_thread_blocked, id=5300, stack(0x000000004a460000,0x000000004a560000)]
  0x00000000198c1000 JavaThread "Execution worker for ':' Thread 9" [_thread_blocked, id=7352, stack(0x000000004a360000,0x000000004a460000)]
  0x00000000198bf800 JavaThread "Execution worker for ':' Thread 8" [_thread_blocked, id=13116, stack(0x000000004a260000,0x000000004a360000)]
  0x00000000198b8000 JavaThread "Execution worker for ':' Thread 7" [_thread_blocked, id=5732, stack(0x000000004a160000,0x000000004a260000)]
  0x00000000198bb000 JavaThread "Execution worker for ':' Thread 6" [_thread_blocked, id=7412, stack(0x0000000049e10000,0x0000000049f10000)]
  0x00000000198be800 JavaThread "Execution worker for ':' Thread 5" [_thread_blocked, id=14316, stack(0x0000000049d10000,0x0000000049e10000)]
  0x000000002374a000 JavaThread "Execution worker for ':' Thread 4" [_thread_blocked, id=15056, stack(0x0000000049c10000,0x0000000049d10000)]
  0x0000000023740800 JavaThread "Execution worker for ':' Thread 3" [_thread_blocked, id=3260, stack(0x0000000049b10000,0x0000000049c10000)]
  0x000000002373f800 JavaThread "Execution worker for ':' Thread 2" [_thread_blocked, id=10104, stack(0x0000000049a10000,0x0000000049b10000)]
  0x000000002373e000 JavaThread "Execution worker for ':'" [_thread_blocked, id=1488, stack(0x0000000049910000,0x0000000049a10000)]
  0x0000000023744000 JavaThread "Cache worker for file content cache (E:\AndroidProjects\ShoppingUser\.gradle\6.5\fileContent)" [_thread_blocked, id=7772, stack(0x0000000048fc0000,0x00000000490c0000)]
  0x0000000023742000 JavaThread "pool-35-thread-1" [_thread_blocked, id=13200, stack(0x00000000488c0000,0x00000000489c0000)]
  0x0000000023741000 JavaThread "Cache worker for Build Output Cleanup Cache (E:\AndroidProjects\ShoppingUser\.gradle\buildOutputCleanup)" [_thread_blocked, id=8460, stack(0x00000000487c0000,0x00000000488c0000)]
  0x0000000023743800 JavaThread "jar transforms Thread 1250" [_thread_blocked, id=13660, stack(0x0000000042420000,0x0000000042520000)]
  0x0000000023d1d000 JavaThread "jar transforms Thread 1249" [_thread_blocked, id=1276, stack(0x0000000042320000,0x0000000042420000)]
  0x0000000023d23800 JavaThread "jar transforms Thread 1248" [_thread_blocked, id=5148, stack(0x000000003b490000,0x000000003b590000)]
  0x0000000023d22800 JavaThread "jar transforms Thread 1247" [_thread_blocked, id=7724, stack(0x000000003b160000,0x000000003b260000)]
  0x0000000023d20800 JavaThread "jar transforms Thread 1246" [_thread_blocked, id=7284, stack(0x000000003b060000,0x000000003b160000)]
  0x0000000023d1f800 JavaThread "jar transforms Thread 1245" [_thread_blocked, id=13912, stack(0x0000000039480000,0x0000000039580000)]
  0x0000000023d1e000 JavaThread "jar transforms Thread 1244" [_thread_blocked, id=14520, stack(0x0000000039380000,0x0000000039480000)]
  0x0000000023d1f000 JavaThread "jar transforms Thread 1243" [_thread_blocked, id=8040, stack(0x0000000039280000,0x0000000039380000)]
  0x0000000023d22000 JavaThread "jar transforms Thread 1242" [_thread_blocked, id=16772, stack(0x0000000039180000,0x0000000039280000)]
  0x0000000023d21000 JavaThread "jar transforms Thread 1241" [_thread_blocked, id=12832, stack(0x0000000039080000,0x0000000039180000)]
  0x0000000023d15000 JavaThread "jar transforms Thread 1240" [_thread_blocked, id=8224, stack(0x0000000038c90000,0x0000000038d90000)]
  0x0000000023d1b800 JavaThread "jar transforms Thread 1239" [_thread_blocked, id=13188, stack(0x00000000384f0000,0x00000000385f0000)]
  0x0000000023d19800 JavaThread "jar transforms Thread 1238" [_thread_blocked, id=5588, stack(0x0000000034a80000,0x0000000034b80000)]
  0x0000000023d1b000 JavaThread "jar transforms Thread 1237" [_thread_blocked, id=5736, stack(0x0000000031cb0000,0x0000000031db0000)]
  0x0000000023d18800 JavaThread "jar transforms Thread 1236" [_thread_blocked, id=1972, stack(0x000000002ff60000,0x0000000030060000)]
  0x0000000023d18000 JavaThread "jar transforms Thread 1235" [_thread_blocked, id=14340, stack(0x000000002fc60000,0x000000002fd60000)]
  0x0000000023d16800 JavaThread "jar transforms Thread 1234" [_thread_blocked, id=16952, stack(0x000000002f760000,0x000000002f860000)]
  0x0000000023d17000 JavaThread "jar transforms Thread 1233" [_thread_blocked, id=16512, stack(0x000000002f660000,0x000000002f760000)]
  0x0000000023d1a000 JavaThread "jar transforms Thread 1232" [_thread_blocked, id=7456, stack(0x000000002f560000,0x000000002f660000)]
  0x000000001fb5a800 JavaThread "jar transforms Thread 1231" [_thread_blocked, id=14208, stack(0x000000002f260000,0x000000002f360000)]
  0x000000001fb5a000 JavaThread "jar transforms Thread 1230" [_thread_blocked, id=8604, stack(0x000000002ef60000,0x000000002f060000)]
  0x000000001fb59000 JavaThread "jar transforms Thread 1229" [_thread_blocked, id=15916, stack(0x000000002ee60000,0x000000002ef60000)]
  0x000000001fb57800 JavaThread "jar transforms Thread 1228" [_thread_blocked, id=7968, stack(0x000000002ed60000,0x000000002ee60000)]
  0x000000001fb57000 JavaThread "jar transforms Thread 1227" [_thread_blocked, id=12560, stack(0x000000002ea60000,0x000000002eb60000)]
  0x000000001fb58800 JavaThread "jar transforms Thread 1226" [_thread_blocked, id=12632, stack(0x000000002d840000,0x000000002d940000)]
  0x000000001fb56000 JavaThread "jar transforms Thread 1225" [_thread_blocked, id=8316, stack(0x000000002d2b0000,0x000000002d3b0000)]
  0x000000001fb50000 JavaThread "jar transforms Thread 1224" [_thread_blocked, id=13228, stack(0x000000002d1b0000,0x000000002d2b0000)]
  0x000000001fb4e800 JavaThread "jar transforms Thread 1223" [_thread_blocked, id=12412, stack(0x000000002ce50000,0x000000002cf50000)]
  0x000000001fb53000 JavaThread "jar transforms Thread 1222" [_thread_blocked, id=11740, stack(0x000000002cd50000,0x000000002ce50000)]
  0x000000001fb52800 JavaThread "jar transforms Thread 1221" [_thread_blocked, id=7280, stack(0x000000002cc50000,0x000000002cd50000)]
  0x000000001fb55800 JavaThread "jar transforms Thread 1220" [_thread_blocked, id=5576, stack(0x000000002cb50000,0x000000002cc50000)]
  0x000000001fb4f800 JavaThread "jar transforms Thread 1219" [_thread_blocked, id=7880, stack(0x000000002c850000,0x000000002c950000)]
  0x000000001fb54800 JavaThread "jar transforms Thread 1218" [_thread_blocked, id=15468, stack(0x000000002c750000,0x000000002c850000)]
  0x000000001fb51800 JavaThread "jar transforms Thread 1217" [_thread_blocked, id=7680, stack(0x000000002c650000,0x000000002c750000)]
  0x000000001fb54000 JavaThread "jar transforms Thread 1216" [_thread_blocked, id=7156, stack(0x000000002c350000,0x000000002c450000)]
  0x000000001fb51000 JavaThread "jar transforms Thread 1215" [_thread_blocked, id=12320, stack(0x000000002b940000,0x000000002ba40000)]
  0x000000001fb47000 JavaThread "jar transforms Thread 1214" [_thread_blocked, id=5836, stack(0x000000002b840000,0x000000002b940000)]
  0x000000001fb4e000 JavaThread "jar transforms Thread 1213" [_thread_blocked, id=10080, stack(0x000000002b540000,0x000000002b640000)]
  0x000000001fb46800 JavaThread "jar transforms Thread 1212" [_thread_blocked, id=9760, stack(0x000000002b440000,0x000000002b540000)]
  0x000000001fb4c800 JavaThread "jar transforms Thread 1211" [_thread_blocked, id=7652, stack(0x000000002b340000,0x000000002b440000)]
  0x000000001fb4b800 JavaThread "jar transforms Thread 1210" [_thread_blocked, id=13924, stack(0x000000002b240000,0x000000002b340000)]
  0x000000001fb4b000 JavaThread "jar transforms Thread 1209" [_thread_blocked, id=6952, stack(0x000000002b140000,0x000000002b240000)]
  0x000000001fb48800 JavaThread "jar transforms Thread 1208" [_thread_blocked, id=6680, stack(0x000000002b040000,0x000000002b140000)]
  0x000000001fb49800 JavaThread "jar transforms Thread 1207" [_thread_blocked, id=7048, stack(0x000000002af40000,0x000000002b040000)]
  0x000000001fb48000 JavaThread "jar transforms Thread 1206" [_thread_blocked, id=13004, stack(0x000000002ae40000,0x000000002af40000)]
  0x000000001fb4d000 JavaThread "jar transforms Thread 1205" [_thread_blocked, id=15808, stack(0x000000002ad40000,0x000000002ae40000)]
  0x000000001fb4a000 JavaThread "jar transforms Thread 1204" [_thread_blocked, id=2944, stack(0x000000002ac40000,0x000000002ad40000)]
  0x000000001fb3f000 JavaThread "jar transforms Thread 1203" [_thread_blocked, id=12736, stack(0x000000002ab40000,0x000000002ac40000)]
  0x000000001fb45800 JavaThread "jar transforms Thread 1202" [_thread_blocked, id=13112, stack(0x000000002aa40000,0x000000002ab40000)]
  0x000000001fb45000 JavaThread "jar transforms Thread 1201" [_thread_blocked, id=16960, stack(0x000000002a940000,0x000000002aa40000)]
  0x000000001fb44000 JavaThread "jar transforms Thread 1200" [_thread_blocked, id=7780, stack(0x000000002a840000,0x000000002a940000)]
  0x000000001fb42000 JavaThread "jar transforms Thread 1199" [_thread_blocked, id=17128, stack(0x000000002a740000,0x000000002a840000)]
  0x000000001fb3f800 JavaThread "jar transforms Thread 1198" [_thread_blocked, id=2948, stack(0x000000002a640000,0x000000002a740000)]
  0x000000001fb42800 JavaThread "jar transforms Thread 1197" [_thread_blocked, id=804, stack(0x000000002a540000,0x000000002a640000)]
  0x000000001fb3c800 JavaThread "jar transforms Thread 1196" [_thread_blocked, id=12500, stack(0x000000002a440000,0x000000002a540000)]
  0x000000001fb43800 JavaThread "jar transforms Thread 1195" [_thread_blocked, id=8932, stack(0x000000002a340000,0x000000002a440000)]
  0x000000001fb41000 JavaThread "jar transforms Thread 1194" [_thread_blocked, id=6708, stack(0x000000002a240000,0x000000002a340000)]
  0x0000000023c84000 JavaThread "jar transforms Thread 1193" [_thread_blocked, id=14060, stack(0x000000002a140000,0x000000002a240000)]
  0x0000000023c83800 JavaThread "jar transforms Thread 1192" [_thread_blocked, id=11844, stack(0x000000002a040000,0x000000002a140000)]
  0x0000000023c82800 JavaThread "jar transforms Thread 1191" [_thread_blocked, id=4676, stack(0x0000000029f40000,0x000000002a040000)]
  0x0000000023c82000 JavaThread "jar transforms Thread 1190" [_thread_blocked, id=16460, stack(0x0000000029e40000,0x0000000029f40000)]
  0x0000000023c7a800 JavaThread "jar transforms Thread 1189" [_thread_blocked, id=17404, stack(0x0000000029d40000,0x0000000029e40000)]
  0x0000000023c81000 JavaThread "jar transforms Thread 1188" [_thread_blocked, id=11456, stack(0x0000000029c40000,0x0000000029d40000)]
  0x0000000023c7f800 JavaThread "jar transforms Thread 1187" [_thread_blocked, id=10476, stack(0x0000000029b40000,0x0000000029c40000)]
  0x0000000023c80800 JavaThread "jar transforms Thread 1186" [_thread_blocked, id=10828, stack(0x0000000029a40000,0x0000000029b40000)]
  0x0000000023c78000 JavaThread "jar transforms Thread 1185" [_thread_blocked, id=9872, stack(0x0000000029940000,0x0000000029a40000)]
  0x0000000023c7f000 JavaThread "jar transforms Thread 1184" [_thread_blocked, id=7364, stack(0x0000000029840000,0x0000000029940000)]
  0x0000000023c77800 JavaThread "jar transforms Thread 1183" [_thread_blocked, id=10888, stack(0x0000000029740000,0x0000000029840000)]
  0x0000000023c7e000 JavaThread "jar transforms Thread 1182" [_thread_blocked, id=6836, stack(0x0000000029640000,0x0000000029740000)]
  0x0000000023c79800 JavaThread "jar transforms Thread 1181" [_thread_blocked, id=9820, stack(0x0000000029540000,0x0000000029640000)]
  0x0000000023c7d800 JavaThread "jar transforms Thread 1180" [_thread_blocked, id=9388, stack(0x0000000029440000,0x0000000029540000)]
  0x0000000023c7c800 JavaThread "jar transforms Thread 1179" [_thread_blocked, id=13280, stack(0x0000000029340000,0x0000000029440000)]
  0x0000000023c76000 JavaThread "jar transforms Thread 1178" [_thread_blocked, id=4436, stack(0x0000000029240000,0x0000000029340000)]
  0x0000000023c76800 JavaThread "jar transforms Thread 1177" [_thread_blocked, id=2208, stack(0x0000000029140000,0x0000000029240000)]
  0x0000000023c79000 JavaThread "jar transforms Thread 1176" [_thread_blocked, id=9072, stack(0x0000000029040000,0x0000000029140000)]
  0x0000000023c75000 JavaThread "jar transforms Thread 1175" [_thread_blocked, id=10356, stack(0x0000000028f40000,0x0000000029040000)]
  0x0000000023c7b000 JavaThread "jar transforms Thread 1174" [_thread_blocked, id=2656, stack(0x0000000028e40000,0x0000000028f40000)]
  0x0000000023c7c000 JavaThread "jar transforms Thread 1173" [_thread_blocked, id=2964, stack(0x0000000028d40000,0x0000000028e40000)]
  0x0000000023c6d800 JavaThread "jar transforms Thread 1172" [_thread_blocked, id=10648, stack(0x0000000028c40000,0x0000000028d40000)]
  0x0000000023c74000 JavaThread "jar transforms Thread 1171" [_thread_blocked, id=14952, stack(0x0000000028b40000,0x0000000028c40000)]
  0x0000000023c72000 JavaThread "jar transforms Thread 1170" [_thread_blocked, id=400, stack(0x0000000028a40000,0x0000000028b40000)]
  0x0000000023c6f800 JavaThread "jar transforms Thread 1169" [_thread_blocked, id=15212, stack(0x0000000028940000,0x0000000028a40000)]
  0x0000000023c70800 JavaThread "jar transforms Thread 1168" [_thread_blocked, id=10396, stack(0x0000000028840000,0x0000000028940000)]
  0x0000000023c6c800 JavaThread "jar transforms Thread 1167" [_thread_blocked, id=13240, stack(0x0000000028740000,0x0000000028840000)]
  0x0000000023c71000 JavaThread "jar transforms Thread 1166" [_thread_blocked, id=3832, stack(0x0000000028640000,0x0000000028740000)]
  0x0000000023c6f000 JavaThread "jar transforms Thread 1165" [_thread_blocked, id=6676, stack(0x0000000028540000,0x0000000028640000)]
  0x0000000023c73800 JavaThread "jar transforms Thread 1164" [_thread_blocked, id=7732, stack(0x0000000028440000,0x0000000028540000)]
  0x0000000023c6a800 JavaThread "jar transforms Thread 1163" [_thread_blocked, id=6480, stack(0x0000000028340000,0x0000000028440000)]
  0x0000000023c67800 JavaThread "jar transforms Thread 1162" [_thread_blocked, id=11744, stack(0x0000000028240000,0x0000000028340000)]
  0x0000000023c6e000 JavaThread "jar transforms Thread 1161" [_thread_blocked, id=7128, stack(0x0000000028140000,0x0000000028240000)]
  0x0000000023c69800 JavaThread "jar transforms Thread 1160" [_thread_blocked, id=3152, stack(0x0000000028040000,0x0000000028140000)]
  0x0000000023c68000 JavaThread "jar transforms Thread 1159" [_thread_blocked, id=3948, stack(0x0000000027f40000,0x0000000028040000)]
  0x0000000023c6b000 JavaThread "jar transforms Thread 1158" [_thread_blocked, id=14268, stack(0x0000000027e40000,0x0000000027f40000)]
  0x0000000023c66000 JavaThread "jar transforms Thread 1157" [_thread_blocked, id=3304, stack(0x0000000027d40000,0x0000000027e40000)]
  0x0000000023c66800 JavaThread "jar transforms Thread 1156" [_thread_blocked, id=3188, stack(0x0000000027c40000,0x0000000027d40000)]
  0x0000000023c69000 JavaThread "jar transforms Thread 1155" [_thread_blocked, id=2692, stack(0x0000000027b40000,0x0000000027c40000)]
  0x000000001fa17000 JavaThread "jar transforms Thread 1154" [_thread_blocked, id=16280, stack(0x0000000027a40000,0x0000000027b40000)]
  0x000000001fa16800 JavaThread "jar transforms Thread 1153" [_thread_blocked, id=3084, stack(0x0000000027940000,0x0000000027a40000)]
  0x000000001fa15000 JavaThread "jar transforms Thread 1152" [_thread_blocked, id=13720, stack(0x0000000027840000,0x0000000027940000)]
  0x000000001fa15800 JavaThread "jar transforms Thread 1151" [_thread_blocked, id=10488, stack(0x0000000027740000,0x0000000027840000)]
  0x000000001fa0d800 JavaThread "jar transforms Thread 1150" [_thread_blocked, id=10168, stack(0x0000000027640000,0x0000000027740000)]
  0x000000001fa14000 JavaThread "jar transforms Thread 1149" [_thread_blocked, id=8080, stack(0x0000000027540000,0x0000000027640000)]
  0x000000001fa0c800 JavaThread "jar transforms Thread 1148" [_thread_blocked, id=4388, stack(0x0000000027440000,0x0000000027540000)]
  0x000000001fa13800 JavaThread "jar transforms Thread 1147" [_thread_blocked, id=10524, stack(0x0000000027340000,0x0000000027440000)]
  0x000000001fa0c000 JavaThread "jar transforms Thread 1146" [_thread_blocked, id=10092, stack(0x0000000027240000,0x0000000027340000)]
  0x000000001fa12000 JavaThread "jar transforms Thread 1145" [_thread_blocked, id=1360, stack(0x0000000027140000,0x0000000027240000)]
  0x000000001fa11000 JavaThread "jar transforms Thread 1144" [_thread_blocked, id=1372, stack(0x0000000027040000,0x0000000027140000)]
  0x000000001fa0f000 JavaThread "jar transforms Thread 1143" [_thread_blocked, id=13048, stack(0x0000000026f40000,0x0000000027040000)]
  0x000000001fa0e000 JavaThread "jar transforms Thread 1142" [_thread_blocked, id=7848, stack(0x0000000026e40000,0x0000000026f40000)]
  0x000000001fa12800 JavaThread "jar transforms Thread 1141" [_thread_blocked, id=12228, stack(0x0000000026d40000,0x0000000026e40000)]
  0x000000001fa10800 JavaThread "jar transforms Thread 1140" [_thread_blocked, id=15348, stack(0x0000000026c40000,0x0000000026d40000)]
  0x000000001fa0b000 JavaThread "jar transforms Thread 1139" [_thread_blocked, id=2432, stack(0x0000000026b40000,0x0000000026c40000)]
  0x000000001fa0f800 JavaThread "jar transforms Thread 1138" [_thread_blocked, id=9524, stack(0x0000000026a40000,0x0000000026b40000)]
  0x000000001fa03800 JavaThread "jar transforms Thread 1137" [_thread_blocked, id=17160, stack(0x0000000026940000,0x0000000026a40000)]
  0x000000001fa0a800 JavaThread "jar transforms Thread 1136" [_thread_blocked, id=14108, stack(0x0000000026840000,0x0000000026940000)]
  0x000000001fa03000 JavaThread "jar transforms Thread 1135" [_thread_blocked, id=4752, stack(0x0000000026740000,0x0000000026840000)]
  0x000000001fa09800 JavaThread "jar transforms Thread 1134" [_thread_blocked, id=4672, stack(0x0000000026640000,0x0000000026740000)]
  0x000000001fa09000 JavaThread "jar transforms Thread 1133" [_thread_blocked, id=17180, stack(0x0000000026540000,0x0000000026640000)]
  0x000000001fa07800 JavaThread "jar transforms Thread 1132" [_thread_blocked, id=17152, stack(0x0000000026440000,0x0000000026540000)]
  0x000000001fa06800 JavaThread "jar transforms Thread 1131" [_thread_blocked, id=2500, stack(0x0000000026340000,0x0000000026440000)]
  0x000000001fa04800 JavaThread "jar transforms Thread 1130" [_thread_blocked, id=3940, stack(0x0000000026240000,0x0000000026340000)]
  0x000000001fa02000 JavaThread "Build operations Thread 12" [_thread_blocked, id=13380, stack(0x0000000026140000,0x0000000026240000)]
  0x000000001fa08000 JavaThread "Build operations Thread 11" [_thread_blocked, id=3452, stack(0x0000000026040000,0x0000000026140000)]
  0x000000001fa05000 JavaThread "Build operations Thread 10" [_thread_blocked, id=11256, stack(0x0000000025f40000,0x0000000026040000)]
  0x000000001fa06000 JavaThread "Build operations Thread 9" [_thread_blocked, id=13780, stack(0x0000000025e40000,0x0000000025f40000)]
  0x000000001f9fa800 JavaThread "Build operations Thread 8" [_thread_blocked, id=10156, stack(0x0000000025d40000,0x0000000025e40000)]
  0x000000001fa01800 JavaThread "Build operations Thread 7" [_thread_blocked, id=8668, stack(0x0000000025c40000,0x0000000025d40000)]
  0x000000001f9fa000 JavaThread "Build operations Thread 6" [_thread_blocked, id=15300, stack(0x0000000025b40000,0x0000000025c40000)]
  0x000000001fa00800 JavaThread "Build operations Thread 5" [_thread_blocked, id=12516, stack(0x0000000025a40000,0x0000000025b40000)]
  0x000000001fa00000 JavaThread "Build operations Thread 4" [_thread_blocked, id=10288, stack(0x0000000025940000,0x0000000025a40000)]
  0x000000001f9f8800 JavaThread "Build operations Thread 3" [_thread_blocked, id=372, stack(0x0000000025840000,0x0000000025940000)]
  0x000000001f9fb800 JavaThread "Build operations Thread 2" [_thread_blocked, id=11708, stack(0x0000000025740000,0x0000000025840000)]
  0x000000001f9fe800 JavaThread "Build operations" [_thread_blocked, id=14852, stack(0x0000000025640000,0x0000000025740000)]
  0x000000001f9fd800 JavaThread "Cache worker for cache directory md-rule (C:\Users\kh\.gradle\caches\6.5\md-rule)" [_thread_blocked, id=15884, stack(0x0000000025540000,0x0000000025640000)]
  0x000000001f9fc000 JavaThread "Cache worker for cache directory md-supplier (C:\Users\kh\.gradle\caches\6.5\md-supplier)" [_thread_blocked, id=7232, stack(0x0000000025440000,0x0000000025540000)]
  0x000000001f9fd000 JavaThread "Cache worker for checksums cache (E:\AndroidProjects\ShoppingUser\.gradle\checksums)" [_thread_blocked, id=10484, stack(0x0000000025240000,0x0000000025340000)]
  0x0000000020a02800 JavaThread "Cache worker for file hash cache (E:\AndroidProjects\ShoppingUser\.gradle\6.5\fileHashes)" [_thread_blocked, id=8148, stack(0x0000000025140000,0x0000000025240000)]
  0x0000000020a01800 JavaThread "Thread-1895" [_thread_blocked, id=15960, stack(0x0000000025040000,0x0000000025140000)]
  0x0000000020a01000 JavaThread "Stdin handler" [_thread_blocked, id=1168, stack(0x0000000024940000,0x0000000024a40000)]
  0x0000000020a00000 JavaThread "Asynchronous log dispatcher for DefaultDaemonConnection: socket connection from /127.0.0.1:64793 to /127.0.0.1:49781" [_thread_blocked, id=10308, stack(0x0000000022e90000,0x0000000022f90000)]
  0x00000000209ff800 JavaThread "Daemon worker Thread 11" [_thread_blocked, id=13512, stack(0x0000000021d70000,0x0000000021e70000)]
  0x00000000209fe800 JavaThread "Cancel handler" [_thread_blocked, id=15432, stack(0x0000000021970000,0x0000000021a70000)]
  0x00000000209fe000 JavaThread "Handler for socket connection from /127.0.0.1:64793 to /127.0.0.1:49781" [_thread_in_native, id=16312, stack(0x000000001edd0000,0x000000001eed0000)]
  0x00000000209f6000 JavaThread "Daemon Thread 11" [_thread_blocked, id=14908, stack(0x0000000000d80000,0x0000000000e80000)]
  0x00000000209fd000 JavaThread "ForkJoinPool.commonPool-worker-4" daemon [_thread_blocked, id=13448, stack(0x000000004a060000,0x000000004a160000)]
  0x00000000209f4000 JavaThread "ForkJoinPool.commonPool-worker-11" daemon [_thread_blocked, id=16436, stack(0x0000000049f60000,0x000000004a060000)]
  0x00000000198bd000 JavaThread "ForkJoinPool.commonPool-worker-9" daemon [_thread_blocked, id=3312, stack(0x0000000049810000,0x0000000049910000)]
  0x000000001f9ff000 JavaThread "Cache worker for Java compile cache (C:\Users\kh\.gradle\caches\6.5\javaCompile)" [_thread_blocked, id=16776, stack(0x000000002dd40000,0x000000002de40000)]
  0x00000000198c0000 JavaThread "Memory manager" [_thread_blocked, id=7036, stack(0x000000002de90000,0x000000002df90000)]
  0x000000001d089000 JavaThread "Cache worker for file content cache (C:\Users\kh\.gradle\caches\6.5\fileContent)" [_thread_blocked, id=8840, stack(0x0000000022f90000,0x0000000023090000)]
  0x000000001d085800 JavaThread "Cache worker for execution history cache (C:\Users\kh\.gradle\caches\6.5\executionHistory)" [_thread_blocked, id=7640, stack(0x0000000021c70000,0x0000000021d70000)]
  0x000000001d084800 JavaThread "Cache worker for file hash cache (C:\Users\kh\.gradle\caches\6.5\fileHashes)" [_thread_blocked, id=4328, stack(0x000000001f2d0000,0x000000001f3d0000)]
  0x000000001d08a000 JavaThread "File lock request listener" [_thread_in_native, id=15192, stack(0x000000001f1d0000,0x000000001f2d0000)]
  0x000000001d168800 JavaThread "Cache worker for journal cache (C:\Users\kh\.gradle\caches\journal-1)" [_thread_blocked, id=10380, stack(0x000000001f0d0000,0x000000001f1d0000)]
  0x000000001cfad800 JavaThread "Daemon periodic checks" [_thread_blocked, id=3236, stack(0x000000001e4d0000,0x000000001e5d0000)]
  0x000000001cf5c000 JavaThread "Incoming local TCP Connector on port 64793" [_thread_in_native, id=5804, stack(0x000000001e290000,0x000000001e390000)]
  0x000000001ce8e000 JavaThread "Daemon health stats" [_thread_blocked, id=9912, stack(0x000000001dc50000,0x000000001dd50000)]
  0x00000000196d2800 JavaThread "Service Thread" daemon [_thread_blocked, id=308, stack(0x000000001b0b0000,0x000000001b1b0000)]
  0x0000000019653000 JavaThread "C1 CompilerThread3" daemon [_thread_in_native, id=13728, stack(0x000000001afb0000,0x000000001b0b0000)]
=>0x0000000019652800 JavaThread "C2 CompilerThread2" daemon [_thread_in_native, id=4632, stack(0x000000001aeb0000,0x000000001afb0000)]
  0x000000001964d800 JavaThread "C2 CompilerThread1" daemon [_thread_in_native, id=14600, stack(0x000000001adb0000,0x000000001aeb0000)]
  0x0000000019645000 JavaThread "C2 CompilerThread0" daemon [_thread_in_native, id=8252, stack(0x000000001acb0000,0x000000001adb0000)]
  0x0000000019643800 JavaThread "Attach Listener" daemon [_thread_blocked, id=12712, stack(0x000000001abb0000,0x000000001acb0000)]
  0x0000000019642000 JavaThread "Signal Dispatcher" daemon [_thread_blocked, id=9964, stack(0x000000001aab0000,0x000000001abb0000)]
  0x0000000002ccb000 JavaThread "Finalizer" daemon [_thread_blocked, id=10928, stack(0x000000001a8b0000,0x000000001a9b0000)]
  0x0000000019633000 JavaThread "Reference Handler" daemon [_thread_blocked, id=9324, stack(0x000000001a7b0000,0x000000001a8b0000)]
  0x0000000002b2d800 JavaThread "main" [_thread_blocked, id=14928, stack(0x0000000002a20000,0x0000000002b20000)]

Other Threads:
  0x0000000017f35800 VMThread [stack: 0x000000001a6b0000,0x000000001a7b0000] [id=7400]
  0x00000000196d3800 WatcherThread [stack: 0x000000001b1b0000,0x000000001b2b0000] [id=4420]

VM state:not at safepoint (normal execution)

VM Mutex/Monitor currently owned by a thread: None

heap address: 0x0000000080000000, size: 2048 MB, Compressed Oops mode: 32-bit
Narrow klass base: 0x0000000000000000, Narrow klass shift: 3
Compressed class space size: 1073741824 Address: 0x0000000100000000

Heap:
 PSYoungGen      total 628224K, used 566517K [0x00000000d5580000, 0x00000000ff580000, 0x0000000100000000)
  eden space 577536K, 95% used [0x00000000d5580000,0x00000000f6f88860,0x00000000f8980000)
  from space 50688K, 30% used [0x00000000fc400000,0x00000000fd334de0,0x00000000ff580000)
  to   space 55296K, 0% used [0x00000000f8980000,0x00000000f8980000,0x00000000fbf80000)
 ParOldGen       total 582656K, used 369315K [0x0000000080000000, 0x00000000a3900000, 0x00000000d5580000)
  object space 582656K, 63% used [0x0000000080000000,0x00000000968a8c58,0x00000000a3900000)
 Metaspace       used 225793K, capacity 241059K, committed 245464K, reserved 1261568K
  class space    used 29688K, capacity 32184K, committed 33304K, reserved 1048576K

Card table byte_map: [0x0000000012090000,0x00000000124a0000] byte_map_base: 0x0000000011c90000

Marking Bits: (ParMarkBitMap*) 0x0000000074cdf030
 Begin Bits: [0x0000000013150000, 0x0000000015150000)
 End Bits:   [0x0000000015150000, 0x0000000017150000)

Polling page: 0x0000000000c70000

CodeCache: size=245760Kb used=122205Kb max_used=122216Kb free=123555Kb
 bounds [0x0000000002cd0000, 0x000000000a510000, 0x0000000011cd0000]
 total_blobs=35247 nmethods=34327 adapters=830
 compilation: enabled

Compilation events (10 events):
Event: 2745.301 Thread 0x0000000019653000 46643       3       com.android.tools.r8.utils.X::c (70 bytes)
Event: 2745.302 Thread 0x0000000019653000 nmethod 46643 0x000000000985a450 code [0x000000000985a600, 0x000000000985ac98]
Event: 2745.307 Thread 0x0000000019653000 46644       1       com.android.tools.r8.graph.i1::d (11 bytes)
Event: 2745.308 Thread 0x0000000019653000 nmethod 46644 0x00000000036ecc90 code [0x00000000036ecde0, 0x00000000036ecef0]
Event: 2745.313 Thread 0x0000000019653000 46637       2       com.android.tools.r8.dex.n::a (910 bytes)
Event: 2745.325 Thread 0x0000000019653000 nmethod 46637 0x0000000009176590 code [0x0000000009176a40, 0x0000000009178768]
Event: 2745.331 Thread 0x0000000019653000 46662 %     3       com.android.tools.r8.dex.n::a @ 312 (910 bytes)
Event: 2745.345 Thread 0x0000000019653000 nmethod 46662% 0x000000000a4f92d0 code [0x000000000a4f9b40, 0x000000000a5006a8]
Event: 2745.350 Thread 0x0000000019653000 46673       3       com.android.tools.r8.dex.n::a (910 bytes)
Event: 2745.362 Thread 0x0000000019653000 nmethod 46673 0x000000000a450ad0 code [0x000000000a451300, 0x000000000a457308]

GC Heap History (10 events):
Event: 2736.031 GC heap before
{Heap before GC invocations=92 (full 6):
 PSYoungGen      total 632832K, used 620481K [0x00000000d5580000, 0x0000000100000000, 0x0000000100000000)
  eden space 575488K, 100% used [0x00000000d5580000,0x00000000f8780000,0x00000000f8780000)
  from space 57344K, 78% used [0x00000000f8780000,0x00000000fb370738,0x00000000fbf80000)
  to   space 64000K, 0% used [0x00000000fc180000,0x00000000fc180000,0x0000000100000000)
 ParOldGen       total 582656K, used 334344K [0x0000000080000000, 0x00000000a3900000, 0x00000000d5580000)
  object space 582656K, 57% used [0x0000000080000000,0x0000000094682370,0x00000000a3900000)
 Metaspace       used 224829K, capacity 239885K, committed 244696K, reserved 1261568K
  class space    used 29567K, capacity 32009K, committed 33304K, reserved 1048576K
Event: 2736.057 GC heap after
Heap after GC invocations=92 (full 6):
 PSYoungGen      total 626688K, used 41072K [0x00000000d5580000, 0x0000000100000000, 0x0000000100000000)
  eden space 562688K, 0% used [0x00000000d5580000,0x00000000d5580000,0x00000000f7b00000)
  from space 64000K, 64% used [0x00000000fc180000,0x00000000fe99c248,0x0000000100000000)
  to   space 68096K, 0% used [0x00000000f7b00000,0x00000000f7b00000,0x00000000fbd80000)
 ParOldGen       total 582656K, used 337410K [0x0000000080000000, 0x00000000a3900000, 0x00000000d5580000)
  object space 582656K, 57% used [0x0000000080000000,0x0000000094980850,0x00000000a3900000)
 Metaspace       used 224829K, capacity 239885K, committed 244696K, reserved 1261568K
  class space    used 29567K, capacity 32009K, committed 33304K, reserved 1048576K
}
Event: 2737.322 GC heap before
{Heap before GC invocations=93 (full 6):
 PSYoungGen      total 626688K, used 603760K [0x00000000d5580000, 0x0000000100000000, 0x0000000100000000)
  eden space 562688K, 100% used [0x00000000d5580000,0x00000000f7b00000,0x00000000f7b00000)
  from space 64000K, 64% used [0x00000000fc180000,0x00000000fe99c248,0x0000000100000000)
  to   space 68096K, 0% used [0x00000000f7b00000,0x00000000f7b00000,0x00000000fbd80000)
 ParOldGen       total 582656K, used 337410K [0x0000000080000000, 0x00000000a3900000, 0x00000000d5580000)
  object space 582656K, 57% used [0x0000000080000000,0x0000000094980850,0x00000000a3900000)
 Metaspace       used 224831K, capacity 239885K, committed 244696K, reserved 1261568K
  class space    used 29567K, capacity 32009K, committed 33304K, reserved 1048576K
Event: 2737.357 GC heap after
Heap after GC invocations=93 (full 6):
 PSYoungGen      total 630784K, used 6880K [0x00000000d5580000, 0x00000000fff00000, 0x0000000100000000)
  eden space 562688K, 0% used [0x00000000d5580000,0x00000000d5580000,0x00000000f7b00000)
  from space 68096K, 10% used [0x00000000f7b00000,0x00000000f81b8010,0x00000000fbd80000)
  to   space 65536K, 0% used [0x00000000fbf00000,0x00000000fbf00000,0x00000000fff00000)
 ParOldGen       total 582656K, used 363339K [0x0000000080000000, 0x00000000a3900000, 0x00000000d5580000)
  object space 582656K, 62% used [0x0000000080000000,0x00000000962d2ed8,0x00000000a3900000)
 Metaspace       used 224831K, capacity 239885K, committed 244696K, reserved 1261568K
  class space    used 29567K, capacity 32009K, committed 33304K, reserved 1048576K
}
Event: 2738.681 GC heap before
{Heap before GC invocations=94 (full 6):
 PSYoungGen      total 630784K, used 569568K [0x00000000d5580000, 0x00000000fff00000, 0x0000000100000000)
  eden space 562688K, 100% used [0x00000000d5580000,0x00000000f7b00000,0x00000000f7b00000)
  from space 68096K, 10% used [0x00000000f7b00000,0x00000000f81b8010,0x00000000fbd80000)
  to   space 65536K, 0% used [0x00000000fbf00000,0x00000000fbf00000,0x00000000fff00000)
 ParOldGen       total 582656K, used 363339K [0x0000000080000000, 0x00000000a3900000, 0x00000000d5580000)
  object space 582656K, 62% used [0x0000000080000000,0x00000000962d2ed8,0x00000000a3900000)
 Metaspace       used 224835K, capacity 239885K, committed 244696K, reserved 1261568K
  class space    used 29567K, capacity 32009K, committed 33304K, reserved 1048576K
Event: 2738.698 GC heap after
Heap after GC invocations=94 (full 6):
 PSYoungGen      total 623104K, used 9984K [0x00000000d5580000, 0x00000000ff780000, 0x0000000100000000)
  eden space 565248K, 0% used [0x00000000d5580000,0x00000000d5580000,0x00000000f7d80000)
  from space 57856K, 17% used [0x00000000fbf00000,0x00000000fc8c0000,0x00000000ff780000)
  to   space 62464K, 0% used [0x00000000f7d80000,0x00000000f7d80000,0x00000000fba80000)
 ParOldGen       total 582656K, used 366941K [0x0000000080000000, 0x00000000a3900000, 0x00000000d5580000)
  object space 582656K, 62% used [0x0000000080000000,0x0000000096657598,0x00000000a3900000)
 Metaspace       used 224835K, capacity 239885K, committed 244696K, reserved 1261568K
  class space    used 29567K, capacity 32009K, committed 33304K, reserved 1048576K
}
Event: 2740.329 GC heap before
{Heap before GC invocations=95 (full 6):
 PSYoungGen      total 623104K, used 575232K [0x00000000d5580000, 0x00000000ff780000, 0x0000000100000000)
  eden space 565248K, 100% used [0x00000000d5580000,0x00000000f7d80000,0x00000000f7d80000)
  from space 57856K, 17% used [0x00000000fbf00000,0x00000000fc8c0000,0x00000000ff780000)
  to   space 62464K, 0% used [0x00000000f7d80000,0x00000000f7d80000,0x00000000fba80000)
 ParOldGen       total 582656K, used 366941K [0x0000000080000000, 0x00000000a3900000, 0x00000000d5580000)
  object space 582656K, 62% used [0x0000000080000000,0x0000000096657598,0x00000000a3900000)
 Metaspace       used 224839K, capacity 239885K, committed 244696K, reserved 1261568K
  class space    used 29567K, capacity 32009K, committed 33304K, reserved 1048576K
Event: 2740.350 GC heap after
Heap after GC invocations=95 (full 6):
 PSYoungGen      total 627712K, used 14624K [0x00000000d5580000, 0x00000000ffd80000, 0x0000000100000000)
  eden space 565248K, 0% used [0x00000000d5580000,0x00000000d5580000,0x00000000f7d80000)
  from space 62464K, 23% used [0x00000000f7d80000,0x00000000f8bc8000,0x00000000fba80000)
  to   space 58880K, 0% used [0x00000000fc400000,0x00000000fc400000,0x00000000ffd80000)
 ParOldGen       total 582656K, used 369315K [0x0000000080000000, 0x00000000a3900000, 0x00000000d5580000)
  object space 582656K, 63% used [0x0000000080000000,0x00000000968a8c58,0x00000000a3900000)
 Metaspace       used 224839K, capacity 239885K, committed 244696K, reserved 1261568K
  class space    used 29567K, capacity 32009K, committed 33304K, reserved 1048576K
}
Event: 2742.896 GC heap before
{Heap before GC invocations=96 (full 6):
 PSYoungGen      total 627712K, used 579872K [0x00000000d5580000, 0x00000000ffd80000, 0x0000000100000000)
  eden space 565248K, 100% used [0x00000000d5580000,0x00000000f7d80000,0x00000000f7d80000)
  from space 62464K, 23% used [0x00000000f7d80000,0x00000000f8bc8000,0x00000000fba80000)
  to   space 58880K, 0% used [0x00000000fc400000,0x00000000fc400000,0x00000000ffd80000)
 ParOldGen       total 582656K, used 369315K [0x0000000080000000, 0x00000000a3900000, 0x00000000d5580000)
  object space 582656K, 63% used [0x0000000080000000,0x00000000968a8c58,0x00000000a3900000)
 Metaspace       used 224843K, capacity 239885K, committed 244696K, reserved 1261568K
  class space    used 29567K, capacity 32009K, committed 33304K, reserved 1048576K
Event: 2742.915 GC heap after
Heap after GC invocations=96 (full 6):
 PSYoungGen      total 628224K, used 15571K [0x00000000d5580000, 0x00000000ff580000, 0x0000000100000000)
  eden space 577536K, 0% used [0x00000000d5580000,0x00000000d5580000,0x00000000f8980000)
  from space 50688K, 30% used [0x00000000fc400000,0x00000000fd334de0,0x00000000ff580000)
  to   space 55296K, 0% used [0x00000000f8980000,0x00000000f8980000,0x00000000fbf80000)
 ParOldGen       total 582656K, used 369315K [0x0000000080000000, 0x00000000a3900000, 0x00000000d5580000)
  object space 582656K, 63% used [0x0000000080000000,0x00000000968a8c58,0x00000000a3900000)
 Metaspace       used 224843K, capacity 239885K, committed 244696K, reserved 1261568K
  class space    used 29567K, capacity 32009K, committed 33304K, reserved 1048576K
}

Deoptimization events (10 events):
Event: 2738.742 Thread 0x000000001f9fe800 Uncommon trap: reason=unstable_if action=reinterpret pc=0x0000000009fa5d14 method=com.android.tools.r8.ir.optimize.l.o(Lcom/android/tools/r8/s/b/X;)V @ 177
Event: 2739.861 Thread 0x000000001f9fb800 Uncommon trap: reason=unstable_if action=reinterpret pc=0x000000000a2df48c method=com.android.tools.r8.ir.optimize.a0.a(Ljava/util/Map;I)V @ 29
Event: 2740.036 Thread 0x000000001f9fe800 Uncommon trap: reason=null_check action=make_not_entrant pc=0x000000000a3c7c64 method=com.android.tools.r8.graph.Z0.a(Lcom/android/tools/r8/graph/d0;)Lcom/android/tools/r8/graph/W; @ 16
Event: 2741.841 Thread 0x000000001f9fe800 Uncommon trap: reason=unstable_if action=reinterpret pc=0x000000000a4013b0 method=com.android.tools.r8.utils.T.a(C)Z @ 45
Event: 2744.440 Thread 0x000000003edf9800 Uncommon trap: reason=class_check action=maybe_recompile pc=0x000000000944ac14 method=com.android.tools.r8.utils.k0.M()Z @ 6
Event: 2744.440 Thread 0x000000003edf9800 Uncommon trap: reason=class_check action=maybe_recompile pc=0x000000000944ac14 method=com.android.tools.r8.utils.k0.M()Z @ 6
Event: 2744.440 Thread 0x000000003edf9800 Uncommon trap: reason=class_check action=maybe_recompile pc=0x000000000944ac14 method=com.android.tools.r8.utils.k0.M()Z @ 6
Event: 2744.440 Thread 0x000000003edf9800 Uncommon trap: reason=class_check action=maybe_recompile pc=0x000000000944ac14 method=com.android.tools.r8.utils.k0.M()Z @ 6
Event: 2744.441 Thread 0x000000003edf9800 Uncommon trap: reason=class_check action=maybe_recompile pc=0x00000000036ea580 method=com.android.tools.r8.utils.k0.M()Z @ 6
Event: 2744.502 Thread 0x000000003edf1000 Uncommon trap: reason=class_check action=maybe_recompile pc=0x000000000a12485c method=com.android.tools.r8.utils.k0.M()Z @ 6

Classes redefined (0 events):
No events

Internal exceptions (10 events):
Event: 2744.566 Thread 0x000000003edf1000 Exception <a 'sun/nio/fs/WindowsException'> (0x00000000ea14aaf8) thrown at [C:\src\AOSP-openjdk-git\hotspot\src\share\vm\prims\jni.cpp, line 710]
Event: 2744.568 Thread 0x000000003edf1000 Exception <a 'sun/nio/fs/WindowsException'> (0x00000000ea193e50) thrown at [C:\src\AOSP-openjdk-git\hotspot\src\share\vm\prims\jni.cpp, line 710]
Event: 2744.573 Thread 0x000000003edf5000 Exception <a 'sun/nio/fs/WindowsException'> (0x00000000e7ab59f0) thrown at [C:\src\AOSP-openjdk-git\hotspot\src\share\vm\prims\jni.cpp, line 710]
Event: 2744.575 Thread 0x000000003edf5000 Exception <a 'sun/nio/fs/WindowsException'> (0x00000000e7abc520) thrown at [C:\src\AOSP-openjdk-git\hotspot\src\share\vm\prims\jni.cpp, line 710]
Event: 2744.577 Thread 0x000000003edf5000 Exception <a 'sun/nio/fs/WindowsException'> (0x00000000e7ac77a0) thrown at [C:\src\AOSP-openjdk-git\hotspot\src\share\vm\prims\jni.cpp, line 710]
Event: 2744.578 Thread 0x000000003edf5000 Exception <a 'sun/nio/fs/WindowsException'> (0x00000000e7ace938) thrown at [C:\src\AOSP-openjdk-git\hotspot\src\share\vm\prims\jni.cpp, line 710]
Event: 2744.580 Thread 0x000000003edf5000 Exception <a 'sun/nio/fs/WindowsException'> (0x00000000ea891f20) thrown at [C:\src\AOSP-openjdk-git\hotspot\src\share\vm\prims\jni.cpp, line 710]
Event: 2744.581 Thread 0x000000003edf5000 Exception <a 'sun/nio/fs/WindowsException'> (0x00000000ea8d8808) thrown at [C:\src\AOSP-openjdk-git\hotspot\src\share\vm\prims\jni.cpp, line 710]
Event: 2744.583 Thread 0x000000003edf5000 Exception <a 'sun/nio/fs/WindowsException'> (0x00000000ea923898) thrown at [C:\src\AOSP-openjdk-git\hotspot\src\share\vm\prims\jni.cpp, line 710]
Event: 2745.099 Thread 0x000000003eded800 Exception <a 'sun/nio/fs/WindowsException'> (0x00000000f35ec268) thrown at [C:\src\AOSP-openjdk-git\hotspot\src\share\vm\prims\jni.cpp, line 710]

Events (10 events):
Event: 2745.282 Thread 0x0000000019653000 flushing nmethod 0x0000000004120590
Event: 2745.300 Thread 0x0000000019653000 flushing nmethod 0x00000000059ef250
Event: 2745.318 Executing VM operation: RevokeBias
Event: 2745.319 Executing VM operation: RevokeBias done
Event: 2745.349 Thread 0x000000003ee02800 DEOPT PACKING pc=0x000000000917819d sp=0x00000000536eeb70
Event: 2745.349 Thread 0x000000003ee02800 DEOPT UNPACKING pc=0x0000000002d175d0 sp=0x00000000536ee9e0 mode 0
Event: 2745.356 Thread 0x000000003ee00000 DEOPT PACKING pc=0x000000000917819d sp=0x0000000053beedc0
Event: 2745.356 Thread 0x000000003ee00000 DEOPT UNPACKING pc=0x0000000002d175d0 sp=0x0000000053beec30 mode 0
Event: 2745.363 Thread 0x0000000019653000 flushing nmethod 0x0000000007d24490
Event: 2745.367 Thread 0x0000000019653000 flushing nmethod 0x0000000008400790


Dynamic libraries:
0x00007ff719990000 - 0x00007ff7199c1000 	C:\Program Files\Android\Android Studio\jre\bin\java.exe
0x00007ffc90450000 - 0x00007ffc90645000 	C:\WINDOWS\SYSTEM32\ntdll.dll
0x00007ffc902f0000 - 0x00007ffc903ad000 	C:\WINDOWS\System32\KERNEL32.DLL
0x00007ffc8dcc0000 - 0x00007ffc8df89000 	C:\WINDOWS\System32\KERNELBASE.dll
0x00007ffc8e920000 - 0x00007ffc8e9cc000 	C:\WINDOWS\System32\ADVAPI32.dll
0x00007ffc8e740000 - 0x00007ffc8e7de000 	C:\WINDOWS\System32\msvcrt.dll
0x00007ffc901e0000 - 0x00007ffc9027b000 	C:\WINDOWS\System32\sechost.dll
0x00007ffc8e7f0000 - 0x00007ffc8e91a000 	C:\WINDOWS\System32\RPCRT4.dll
0x00007ffc8fe70000 - 0x00007ffc90010000 	C:\WINDOWS\System32\USER32.dll
0x00007ffc8dbe0000 - 0x00007ffc8dc02000 	C:\WINDOWS\System32\win32u.dll
0x00007ffc8fdb0000 - 0x00007ffc8fdda000 	C:\WINDOWS\System32\GDI32.dll
0x00007ffc8df90000 - 0x00007ffc8e09b000 	C:\WINDOWS\System32\gdi32full.dll
0x00007ffc8e2c0000 - 0x00007ffc8e35d000 	C:\WINDOWS\System32\msvcp_win.dll
0x00007ffc8e0a0000 - 0x00007ffc8e1a0000 	C:\WINDOWS\System32\ucrtbase.dll
0x00007ffc77210000 - 0x00007ffc774aa000 	C:\WINDOWS\WinSxS\amd64_microsoft.windows.common-controls_6595b64144ccf1df_6.0.19041.1110_none_60b5254171f9507e\COMCTL32.dll
0x00007ffc90010000 - 0x00007ffc90040000 	C:\WINDOWS\System32\IMM32.DLL
0x00000000750b0000 - 0x0000000075182000 	C:\Program Files\Android\Android Studio\jre\jre\bin\msvcr100.dll
0x0000000074510000 - 0x0000000074d5b000 	C:\Program Files\Android\Android Studio\jre\jre\bin\server\jvm.dll
0x00007ffc8e7e0000 - 0x00007ffc8e7e8000 	C:\WINDOWS\System32\PSAPI.DLL
0x00007ffc73a40000 - 0x00007ffc73a49000 	C:\WINDOWS\SYSTEM32\WSOCK32.dll
0x00007ffc72b90000 - 0x00007ffc72bb7000 	C:\WINDOWS\SYSTEM32\WINMM.dll
0x00007ffc90280000 - 0x00007ffc902eb000 	C:\WINDOWS\System32\WS2_32.dll
0x00007ffc843b0000 - 0x00007ffc843ba000 	C:\WINDOWS\SYSTEM32\VERSION.dll
0x00007ffc850e0000 - 0x00007ffc850ef000 	C:\Program Files\Android\Android Studio\jre\jre\bin\verify.dll
0x00007ffc850b0000 - 0x00007ffc850d9000 	C:\Program Files\Android\Android Studio\jre\jre\bin\java.dll
0x00007ffc5a7a0000 - 0x00007ffc5a7b6000 	C:\Program Files\Android\Android Studio\jre\jre\bin\zip.dll
0x00007ffc8f070000 - 0x00007ffc8f7af000 	C:\WINDOWS\System32\SHELL32.dll
0x00007ffc8b910000 - 0x00007ffc8c0a1000 	C:\WINDOWS\SYSTEM32\windows.storage.dll
0x00007ffc8e9d0000 - 0x00007ffc8ed25000 	C:\WINDOWS\System32\combase.dll
0x00007ffc8d600000 - 0x00007ffc8d62c000 	C:\WINDOWS\SYSTEM32\Wldp.dll
0x00007ffc90040000 - 0x00007ffc900ee000 	C:\WINDOWS\System32\SHCORE.dll
0x00007ffc903b0000 - 0x00007ffc90405000 	C:\WINDOWS\System32\shlwapi.dll
0x00007ffc8dad0000 - 0x00007ffc8daef000 	C:\WINDOWS\SYSTEM32\profapi.dll
0x00007ffc5a2b0000 - 0x00007ffc5a2ca000 	C:\Program Files\Android\Android Studio\jre\jre\bin\net.dll
0x00007ffc8d360000 - 0x00007ffc8d3ca000 	C:\WINDOWS\system32\mswsock.dll
0x00007ffc56aa0000 - 0x00007ffc56ab3000 	C:\Program Files\Android\Android Studio\jre\jre\bin\nio.dll
0x00007ffc684d0000 - 0x00007ffc684f7000 	C:\Users\kh\.gradle\native\f6784746aeab05261644944871eae4fe03e0ef1612fff0a4a95f87b438bc6780\windows-amd64\native-platform.dll
0x00007ffc753f0000 - 0x00007ffc753fd000 	C:\Program Files\Android\Android Studio\jre\jre\bin\management.dll
0x00007ffc8d540000 - 0x00007ffc8d558000 	C:\WINDOWS\SYSTEM32\CRYPTSP.dll
0x00007ffc8cc90000 - 0x00007ffc8ccc4000 	C:\WINDOWS\system32\rsaenh.dll
0x00007ffc8e1a0000 - 0x00007ffc8e1c7000 	C:\WINDOWS\System32\bcrypt.dll
0x00007ffc8da90000 - 0x00007ffc8dabe000 	C:\WINDOWS\SYSTEM32\USERENV.dll
0x00007ffc8e1d0000 - 0x00007ffc8e253000 	C:\WINDOWS\System32\bcryptprimitives.dll
0x00007ffc8d560000 - 0x00007ffc8d56c000 	C:\WINDOWS\SYSTEM32\CRYPTBASE.dll
0x00007ffc8d000000 - 0x00007ffc8d03b000 	C:\WINDOWS\SYSTEM32\IPHLPAPI.DLL
0x00007ffc8e660000 - 0x00007ffc8e668000 	C:\WINDOWS\System32\NSI.dll
0x00007ffc82770000 - 0x00007ffc82787000 	C:\WINDOWS\SYSTEM32\dhcpcsvc6.DLL
0x00007ffc82da0000 - 0x00007ffc82dbd000 	C:\WINDOWS\SYSTEM32\dhcpcsvc.DLL
0x00007ffc8d040000 - 0x00007ffc8d10c000 	C:\WINDOWS\SYSTEM32\DNSAPI.dll
0x00007ffc85e00000 - 0x00007ffc85e0b000 	C:\WINDOWS\SYSTEM32\WINNSI.DLL
0x00007ffc77df0000 - 0x00007ffc77e14000 	C:\Program Files\Android\Android Studio\jre\jre\bin\sunec.dll
0x00007ffc82740000 - 0x00007ffc8274a000 	C:\Windows\System32\rasadhlp.dll
0x00007ffc823c0000 - 0x00007ffc8243f000 	C:\WINDOWS\System32\fwpuclnt.dll
0x00007ffc75b40000 - 0x00007ffc75b4b000 	C:\Program Files\Android\Android Studio\jre\jre\bin\sunmscapi.dll
0x00007ffc8e360000 - 0x00007ffc8e4bf000 	C:\WINDOWS\System32\CRYPT32.dll

VM Arguments:
jvm_args: -Xmx2048m -Dfile.encoding=UTF-8 -Duser.country=US -Duser.language=en -Duser.variant 
java_command: org.gradle.launcher.daemon.bootstrap.GradleDaemon 6.5
java_class_path (initial): C:\Users\kh\.gradle\wrapper\dists\gradle-6.5-bin\6nifqtx7604sqp1q6g8wikw7p\gradle-6.5\lib\gradle-launcher-6.5.jar
Launcher Type: SUN_STANDARD

Environment Variables:
PATH=C:\Program Files (x86)\Common Files\Oracle\Java\javapath;C:\ProgramData\Oracle\Java\javapath;C:\Program Files (x86)\Common Files\Intel\Shared Libraries\redist\intel64\compiler;C:\Windows\system32;C:\Windows;C:\Windows\System32\Wbem;C:\Windows\System32\WindowsPowerShell\v1.0\;C:\Windows\System32\OpenSSH\;C:\Program Files (x86)\NVIDIA Corporation\PhysX\Common;E:\AndroidProjects\Animation Projects\bin;C:\Program Files\Git\cmd;C:\WINDOWS\system32;C:\WINDOWS;C:\WINDOWS\System32\Wbem;C:\WINDOWS\System32\WindowsPowerShell\v1.0\;C:\WINDOWS\System32\OpenSSH\;C:\Users\kh\AppData\Local\Microsoft\WindowsApps;E:\Proteus\SDCC\bin;E:\Logic\win32;C:\modeltech_6.5\win32;%USERPROFILE%\AppData\Local\Microsoft\WindowsApps;
USERNAME=kh
OS=Windows_NT
PROCESSOR_IDENTIFIER=Intel64 Family 6 Model 158 Stepping 10, GenuineIntel



---------------  S Y S T E M  ---------------

OS: Windows 10.0 , 64 bit Build 19041 (10.0.19041.1023)

CPU:total 12 (initial active 12) (6 cores per cpu, 2 threads per core) family 6 model 158 stepping 10, cmov, cx8, fxsr, mmx, sse, sse2, sse3, ssse3, sse4.1, sse4.2, popcnt, avx, avx2, aes, clmul, erms, 3dnowpref, lzcnt, ht, tsc, tscinvbit, bmi1, bmi2, adx

Memory: 4k page, physical 16600544k(3620312k free), swap 16600544k(6032k free)

vm_info: OpenJDK 64-Bit Server VM (25.242-b01) for windows-amd64 JRE (1.8.0_242-release-1644-b01), built by "builder" with MS VC++ 10.0 (VS2010)

time: Tue Aug 03 14:52:52 2021
timezone: Egypt Standard Time
elapsed time: 2745 seconds (0d 0h 45m 45s)

