#
# There is insufficient memory for the Java Runtime Environment to continue.
# Native memory allocation (malloc) failed to allocate 1577648 bytes for Chunk::new
# Possible reasons:
#   The system is out of physical RAM or swap space
#   The process is running with CompressedOops enabled, and the Java Heap may be blocking the growth of the native heap
# Possible solutions:
#   Reduce memory load on the system
#   Increase physical memory or swap space
#   Check if swap backing store is full
#   Decrease Java heap size (-Xmx/-Xms)
#   Decrease number of Java threads
#   Decrease Java thread stack sizes (-Xss)
#   Set larger code cache with -XX:ReservedCodeCacheSize=
#   JVM is running with Unscaled Compressed Oops mode in which the Java heap is
#     placed in the first 4GB address space. The Java Heap base address is the
#     maximum limit for the native heap growth. Please use -XX:HeapBaseMinAddress
#     to set the Java Heap base and to place the Java Heap above 4GB virtual address.
# This output file may be truncated or incomplete.
#
#  Out of Memory Error (allocation.cpp:389), pid=11072, tid=0x0000000000002548
#
# JRE version: OpenJDK Runtime Environment (8.0_242-b01) (build 1.8.0_242-release-1644-b01)
# Java VM: OpenJDK 64-Bit Server VM (25.242-b01 mixed mode windows-amd64 compressed oops)
# Failed to write core dump. Minidumps are not enabled by default on client versions of Windows
#

---------------  T H R E A D  ---------------

Current thread (0x00000000190e6000):  JavaThread "C2 CompilerThread2" daemon [_thread_in_native, id=9544, stack(0x000000001a920000,0x000000001aa20000)]

Stack: [0x000000001a920000,0x000000001aa20000]
[error occurred during error reporting (printing stack bounds), id 0xc0000005]

Native frames: (J=compiled Java code, j=interpreted, Vv=VM code, C=native code)


Current CompileTask:
C2: 520824 27133 %     4       com.android.tools.r8.ir.regalloc.a::a @ 531 (952 bytes)


---------------  P R O C E S S  ---------------

Java Threads: ( => current thread )
  0x000000003321b800 JavaThread "stdout" [_thread_in_native, id=5428, stack(0x000000003aee0000,0x000000003afe0000)]
  0x000000003321b000 JavaThread "stderr" [_thread_in_native, id=12412, stack(0x000000003ade0000,0x000000003aee0000)]
  0x0000000033218000 JavaThread "stdout" [_thread_in_native, id=8968, stack(0x000000003ace0000,0x000000003ade0000)]
  0x000000003321a000 JavaThread "stderr" [_thread_in_native, id=260, stack(0x000000003abe0000,0x000000003ace0000)]
  0x000000003321e000 JavaThread "pool-13-thread-1" [_thread_blocked, id=4520, stack(0x000000003a850000,0x000000003a950000)]
  0x0000000033219800 JavaThread "WorkerExecutor Queue Thread 2" [_thread_blocked, id=15500, stack(0x000000003a750000,0x000000003a850000)]
  0x0000000033218800 JavaThread "WorkerExecutor Queue" [_thread_blocked, id=7032, stack(0x000000003a650000,0x000000003a750000)]
  0x000000001c144800 JavaThread "Cache worker for execution history cache (E:\AndroidProjects\ShoppingUser\.gradle\6.5\executionHistory)" [_thread_blocked, id=1892, stack(0x000000003a350000,0x000000003a450000)]
  0x000000001c144000 JavaThread "Execution worker for ':' Thread 11" [_thread_blocked, id=3048, stack(0x000000003a250000,0x000000003a350000)]
  0x000000001c142800 JavaThread "Execution worker for ':' Thread 10" [_thread_blocked, id=8324, stack(0x000000003a150000,0x000000003a250000)]
  0x000000001c141800 JavaThread "Execution worker for ':' Thread 9" [_thread_blocked, id=9120, stack(0x000000003a050000,0x000000003a150000)]
  0x000000001c143000 JavaThread "Execution worker for ':' Thread 8" [_thread_blocked, id=3036, stack(0x0000000039f50000,0x000000003a050000)]
  0x000000001c145800 JavaThread "Execution worker for ':' Thread 7" [_thread_blocked, id=7604, stack(0x0000000039e50000,0x0000000039f50000)]
  0x000000001c147000 JavaThread "Execution worker for ':' Thread 6" [_thread_blocked, id=13760, stack(0x0000000039d50000,0x0000000039e50000)]
  0x000000001c141000 JavaThread "Execution worker for ':' Thread 5" [_thread_blocked, id=11164, stack(0x0000000039c50000,0x0000000039d50000)]
  0x000000001c138800 JavaThread "Execution worker for ':' Thread 4" [_thread_blocked, id=10844, stack(0x0000000039b50000,0x0000000039c50000)]
  0x000000001c13b000 JavaThread "Execution worker for ':' Thread 3" [_thread_blocked, id=3364, stack(0x0000000039a50000,0x0000000039b50000)]
  0x000000001c13f800 JavaThread "Execution worker for ':' Thread 2" [_thread_blocked, id=12672, stack(0x0000000039950000,0x0000000039a50000)]
  0x000000001c13a000 JavaThread "Execution worker for ':'" [_thread_blocked, id=9220, stack(0x0000000039850000,0x0000000039950000)]
  0x000000001c13e800 JavaThread "Cache worker for file content cache (E:\AndroidProjects\ShoppingUser\.gradle\6.5\fileContent)" [_thread_blocked, id=7540, stack(0x0000000038b70000,0x0000000038c70000)]
  0x000000001c139800 JavaThread "pool-12-thread-1" [_thread_blocked, id=6480, stack(0x0000000038070000,0x0000000038170000)]
  0x000000001c13c800 JavaThread "Cache worker for Build Output Cleanup Cache (E:\AndroidProjects\ShoppingUser\.gradle\buildOutputCleanup)" [_thread_blocked, id=7564, stack(0x0000000037d70000,0x0000000037e70000)]
  0x000000001c13b800 JavaThread "jar transforms Thread 430" [_thread_blocked, id=9728, stack(0x0000000037c70000,0x0000000037d70000)]
  0x000000001c13d000 JavaThread "jar transforms Thread 429" [_thread_blocked, id=11484, stack(0x0000000037b70000,0x0000000037c70000)]
  0x000000001cd9e800 JavaThread "jar transforms Thread 428" [_thread_blocked, id=12364, stack(0x0000000037a70000,0x0000000037b70000)]
  0x000000001cd9c000 JavaThread "jar transforms Thread 427" [_thread_blocked, id=1020, stack(0x0000000037970000,0x0000000037a70000)]
  0x000000001cd9d000 JavaThread "jar transforms Thread 426" [_thread_blocked, id=10132, stack(0x0000000037870000,0x0000000037970000)]
  0x000000001cda2000 JavaThread "jar transforms Thread 425" [_thread_blocked, id=12880, stack(0x0000000037770000,0x0000000037870000)]
  0x000000001cda1800 JavaThread "jar transforms Thread 424" [_thread_blocked, id=15704, stack(0x0000000037670000,0x0000000037770000)]
  0x0000000021f15000 JavaThread "jar transforms Thread 423" [_thread_blocked, id=12692, stack(0x0000000037570000,0x0000000037670000)]
  0x0000000021f14000 JavaThread "jar transforms Thread 422" [_thread_blocked, id=6468, stack(0x0000000034420000,0x0000000034520000)]
  0x0000000021f12800 JavaThread "jar transforms Thread 421" [_thread_blocked, id=1864, stack(0x00000000340d0000,0x00000000341d0000)]
  0x0000000021f16800 JavaThread "jar transforms Thread 420" [_thread_blocked, id=15332, stack(0x0000000033fd0000,0x00000000340d0000)]
  0x0000000021f15800 JavaThread "jar transforms Thread 419" [_thread_blocked, id=12304, stack(0x0000000033ed0000,0x0000000033fd0000)]
  0x0000000021f18000 JavaThread "jar transforms Thread 418" [_thread_blocked, id=12072, stack(0x0000000032720000,0x0000000032820000)]
  0x0000000021f09800 JavaThread "jar transforms Thread 417" [_thread_blocked, id=8744, stack(0x0000000031f60000,0x0000000032060000)]
  0x0000000021f10800 JavaThread "jar transforms Thread 416" [_thread_blocked, id=1648, stack(0x0000000031b70000,0x0000000031c70000)]
  0x0000000021f0f800 JavaThread "jar transforms Thread 415" [_thread_blocked, id=12552, stack(0x0000000031800000,0x0000000031900000)]
  0x0000000021f0c800 JavaThread "jar transforms Thread 414" [_thread_blocked, id=8372, stack(0x000000002fd20000,0x000000002fe20000)]
  0x0000000021f0b800 JavaThread "jar transforms Thread 413" [_thread_blocked, id=4656, stack(0x000000002fc20000,0x000000002fd20000)]
  0x0000000021f0a000 JavaThread "jar transforms Thread 412" [_thread_blocked, id=6296, stack(0x000000002f920000,0x000000002fa20000)]
  0x0000000021f08800 JavaThread "jar transforms Thread 411" [_thread_blocked, id=10208, stack(0x000000002f5e0000,0x000000002f6e0000)]
  0x0000000021f0d000 JavaThread "jar transforms Thread 410" [_thread_blocked, id=13468, stack(0x000000002f230000,0x000000002f330000)]
  0x0000000021f0b000 JavaThread "jar transforms Thread 409" [_thread_blocked, id=7696, stack(0x000000002e8b0000,0x000000002e9b0000)]
  0x0000000021f0f000 JavaThread "jar transforms Thread 408" [_thread_blocked, id=14124, stack(0x000000002e7b0000,0x000000002e8b0000)]
  0x000000001bdf5000 JavaThread "jar transforms Thread 407" [_thread_blocked, id=1752, stack(0x000000002e6b0000,0x000000002e7b0000)]
  0x000000001bdf3800 JavaThread "jar transforms Thread 406" [_thread_blocked, id=11620, stack(0x000000002e3b0000,0x000000002e4b0000)]
  0x000000001bdf1800 JavaThread "jar transforms Thread 405" [_thread_blocked, id=11340, stack(0x000000002e0b0000,0x000000002e1b0000)]
  0x000000001bdf3000 JavaThread "jar transforms Thread 404" [_thread_blocked, id=104, stack(0x000000002d9b0000,0x000000002dab0000)]
  0x000000001bdf4800 JavaThread "jar transforms Thread 403" [_thread_blocked, id=9708, stack(0x000000002d8b0000,0x000000002d9b0000)]
  0x000000001bdf0800 JavaThread "jar transforms Thread 402" [_thread_blocked, id=500, stack(0x000000002b830000,0x000000002b930000)]
  0x000000001bde9000 JavaThread "jar transforms Thread 401" [_thread_blocked, id=15396, stack(0x000000002b530000,0x000000002b630000)]
  0x000000001bdf0000 JavaThread "jar transforms Thread 400" [_thread_blocked, id=10104, stack(0x000000002a9d0000,0x000000002aad0000)]
  0x000000001bde8800 JavaThread "jar transforms Thread 399" [_thread_blocked, id=10024, stack(0x000000002a1a0000,0x000000002a2a0000)]
  0x000000001bdef000 JavaThread "jar transforms Thread 398" [_thread_blocked, id=4584, stack(0x000000002a0a0000,0x000000002a1a0000)]
  0x000000001bde7800 JavaThread "jar transforms Thread 397" [_thread_blocked, id=10508, stack(0x0000000029fa0000,0x000000002a0a0000)]
  0x000000001bdee800 JavaThread "jar transforms Thread 396" [_thread_blocked, id=14556, stack(0x0000000029ea0000,0x0000000029fa0000)]
  0x000000001bdea000 JavaThread "jar transforms Thread 395" [_thread_blocked, id=14724, stack(0x0000000029da0000,0x0000000029ea0000)]
  0x000000001bde6800 JavaThread "jar transforms Thread 394" [_thread_blocked, id=9884, stack(0x0000000029ca0000,0x0000000029da0000)]
  0x000000001bdeb800 JavaThread "jar transforms Thread 393" [_thread_blocked, id=516, stack(0x0000000029ba0000,0x0000000029ca0000)]
  0x000000001bded000 JavaThread "jar transforms Thread 392" [_thread_blocked, id=4528, stack(0x0000000029aa0000,0x0000000029ba0000)]
  0x000000002c672800 JavaThread "jar transforms Thread 391" [_thread_blocked, id=2948, stack(0x00000000299a0000,0x0000000029aa0000)]
  0x000000002c672000 JavaThread "jar transforms Thread 390" [_thread_blocked, id=11208, stack(0x00000000298a0000,0x00000000299a0000)]
  0x000000002c671000 JavaThread "jar transforms Thread 389" [_thread_blocked, id=2012, stack(0x00000000297a0000,0x00000000298a0000)]
  0x000000002c670800 JavaThread "jar transforms Thread 388" [_thread_blocked, id=7232, stack(0x00000000296a0000,0x00000000297a0000)]
  0x000000002c66f800 JavaThread "jar transforms Thread 387" [_thread_blocked, id=12500, stack(0x00000000295a0000,0x00000000296a0000)]
  0x000000002c675800 JavaThread "jar transforms Thread 386" [_thread_blocked, id=12108, stack(0x00000000294a0000,0x00000000295a0000)]
  0x000000002c673800 JavaThread "jar transforms Thread 385" [_thread_blocked, id=15200, stack(0x00000000293a0000,0x00000000294a0000)]
  0x000000002c668000 JavaThread "jar transforms Thread 384" [_thread_blocked, id=4516, stack(0x00000000292a0000,0x00000000293a0000)]
  0x000000002c66f000 JavaThread "jar transforms Thread 383" [_thread_blocked, id=6876, stack(0x00000000291a0000,0x00000000292a0000)]
  0x000000002c66b000 JavaThread "jar transforms Thread 382" [_thread_blocked, id=15356, stack(0x00000000290a0000,0x00000000291a0000)]
  0x000000002c66e000 JavaThread "jar transforms Thread 381" [_thread_blocked, id=14620, stack(0x0000000028fa0000,0x00000000290a0000)]
  0x000000002c669800 JavaThread "jar transforms Thread 380" [_thread_blocked, id=15840, stack(0x0000000028ea0000,0x0000000028fa0000)]
  0x000000002c667000 JavaThread "jar transforms Thread 379" [_thread_blocked, id=10584, stack(0x0000000028da0000,0x0000000028ea0000)]
  0x000000002c66d000 JavaThread "jar transforms Thread 378" [_thread_blocked, id=13024, stack(0x0000000028ca0000,0x0000000028da0000)]
  0x000000002c66b800 JavaThread "jar transforms Thread 377" [_thread_blocked, id=1132, stack(0x0000000028ba0000,0x0000000028ca0000)]
  0x000000002c666800 JavaThread "jar transforms Thread 376" [_thread_blocked, id=8868, stack(0x0000000028aa0000,0x0000000028ba0000)]
  0x000000002c668800 JavaThread "jar transforms Thread 375" [_thread_blocked, id=16300, stack(0x00000000289a0000,0x0000000028aa0000)]
  0x0000000030d90000 JavaThread "jar transforms Thread 374" [_thread_blocked, id=15712, stack(0x00000000288a0000,0x00000000289a0000)]
  0x0000000030d8f800 JavaThread "jar transforms Thread 373" [_thread_blocked, id=10888, stack(0x00000000287a0000,0x00000000288a0000)]
  0x0000000030d93000 JavaThread "jar transforms Thread 372" [_thread_blocked, id=11440, stack(0x00000000286a0000,0x00000000287a0000)]
  0x0000000030d92800 JavaThread "jar transforms Thread 371" [_thread_blocked, id=9004, stack(0x00000000285a0000,0x00000000286a0000)]
  0x0000000030d91800 JavaThread "jar transforms Thread 370" [_thread_blocked, id=13440, stack(0x00000000284a0000,0x00000000285a0000)]
  0x0000000030d91000 JavaThread "jar transforms Thread 369" [_thread_blocked, id=12904, stack(0x00000000283a0000,0x00000000284a0000)]
  0x0000000030d88000 JavaThread "jar transforms Thread 368" [_thread_blocked, id=7268, stack(0x00000000282a0000,0x00000000283a0000)]
  0x0000000030d8e800 JavaThread "jar transforms Thread 367" [_thread_blocked, id=3360, stack(0x00000000281a0000,0x00000000282a0000)]
  0x0000000030d8a000 JavaThread "jar transforms Thread 366" [_thread_blocked, id=15836, stack(0x00000000280a0000,0x00000000281a0000)]
  0x0000000030d88800 JavaThread "jar transforms Thread 365" [_thread_blocked, id=7532, stack(0x0000000027fa0000,0x00000000280a0000)]
  0x0000000030d8e000 JavaThread "jar transforms Thread 364" [_thread_blocked, id=13936, stack(0x0000000027ea0000,0x0000000027fa0000)]
  0x0000000030d86800 JavaThread "jar transforms Thread 363" [_thread_blocked, id=8140, stack(0x0000000027da0000,0x0000000027ea0000)]
  0x0000000030d8b000 JavaThread "jar transforms Thread 362" [_thread_blocked, id=6660, stack(0x0000000027ca0000,0x0000000027da0000)]
  0x0000000030d8d000 JavaThread "jar transforms Thread 361" [_thread_blocked, id=1696, stack(0x0000000027ba0000,0x0000000027ca0000)]
  0x0000000030d85800 JavaThread "jar transforms Thread 360" [_thread_blocked, id=16012, stack(0x0000000027aa0000,0x0000000027ba0000)]
  0x0000000030d89800 JavaThread "jar transforms Thread 359" [_thread_blocked, id=11684, stack(0x00000000279a0000,0x0000000027aa0000)]
  0x0000000030d85000 JavaThread "jar transforms Thread 358" [_thread_blocked, id=12564, stack(0x00000000278a0000,0x00000000279a0000)]
  0x0000000030d84000 JavaThread "jar transforms Thread 357" [_thread_blocked, id=12916, stack(0x00000000277a0000,0x00000000278a0000)]
  0x000000002010b800 JavaThread "jar transforms Thread 356" [_thread_blocked, id=5440, stack(0x00000000276a0000,0x00000000277a0000)]
  0x0000000020109000 JavaThread "jar transforms Thread 355" [_thread_blocked, id=15648, stack(0x00000000275a0000,0x00000000276a0000)]
  0x0000000020106000 JavaThread "jar transforms Thread 354" [_thread_blocked, id=12432, stack(0x00000000274a0000,0x00000000275a0000)]
  0x000000002010a000 JavaThread "jar transforms Thread 353" [_thread_blocked, id=3912, stack(0x00000000273a0000,0x00000000274a0000)]
  0x0000000020104800 JavaThread "jar transforms Thread 352" [_thread_blocked, id=15776, stack(0x00000000272a0000,0x00000000273a0000)]
  0x0000000020108800 JavaThread "jar transforms Thread 351" [_thread_blocked, id=6888, stack(0x00000000271a0000,0x00000000272a0000)]
  0x0000000020105800 JavaThread "jar transforms Thread 350" [_thread_blocked, id=5508, stack(0x00000000270a0000,0x00000000271a0000)]
  0x0000000020107800 JavaThread "jar transforms Thread 349" [_thread_blocked, id=13548, stack(0x0000000026fa0000,0x00000000270a0000)]
  0x000000002010a800 JavaThread "jar transforms Thread 348" [_thread_blocked, id=7484, stack(0x0000000026ea0000,0x0000000026fa0000)]
  0x0000000020107000 JavaThread "jar transforms Thread 347" [_thread_blocked, id=11284, stack(0x0000000026da0000,0x0000000026ea0000)]
  0x00000000200fd800 JavaThread "jar transforms Thread 346" [_thread_blocked, id=6640, stack(0x0000000026ca0000,0x0000000026da0000)]
  0x0000000020100000 JavaThread "jar transforms Thread 345" [_thread_blocked, id=13856, stack(0x0000000026ba0000,0x0000000026ca0000)]
  0x0000000020103800 JavaThread "jar transforms Thread 344" [_thread_blocked, id=12476, stack(0x0000000026aa0000,0x0000000026ba0000)]
  0x00000000200fd000 JavaThread "jar transforms Thread 343" [_thread_blocked, id=8452, stack(0x00000000269a0000,0x0000000026aa0000)]
  0x00000000200ff000 JavaThread "jar transforms Thread 342" [_thread_blocked, id=10760, stack(0x00000000268a0000,0x00000000269a0000)]
  0x0000000020100800 JavaThread "jar transforms Thread 341" [_thread_blocked, id=14828, stack(0x00000000267a0000,0x00000000268a0000)]
  0x0000000020103000 JavaThread "jar transforms Thread 340" [_thread_blocked, id=13620, stack(0x00000000266a0000,0x00000000267a0000)]
  0x00000000200fc000 JavaThread "jar transforms Thread 339" [_thread_blocked, id=5724, stack(0x00000000265a0000,0x00000000266a0000)]
  0x000000001f430000 JavaThread "jar transforms Thread 338" [_thread_blocked, id=960, stack(0x00000000264a0000,0x00000000265a0000)]
  0x000000001f431800 JavaThread "jar transforms Thread 337" [_thread_blocked, id=12372, stack(0x00000000263a0000,0x00000000264a0000)]
  0x000000001f42f000 JavaThread "jar transforms Thread 336" [_thread_blocked, id=11532, stack(0x00000000262a0000,0x00000000263a0000)]
  0x000000001f42c800 JavaThread "jar transforms Thread 335" [_thread_blocked, id=9820, stack(0x00000000261a0000,0x00000000262a0000)]
  0x000000001f42c000 JavaThread "jar transforms Thread 334" [_thread_blocked, id=6544, stack(0x00000000260a0000,0x00000000261a0000)]
  0x000000001f432000 JavaThread "jar transforms Thread 333" [_thread_blocked, id=14116, stack(0x0000000025fa0000,0x00000000260a0000)]
  0x000000001f430800 JavaThread "jar transforms Thread 332" [_thread_blocked, id=8948, stack(0x0000000025ea0000,0x0000000025fa0000)]
  0x000000001f42e000 JavaThread "jar transforms Thread 331" [_thread_blocked, id=2380, stack(0x0000000025da0000,0x0000000025ea0000)]
  0x000000001f42d800 JavaThread "jar transforms Thread 330" [_thread_blocked, id=13004, stack(0x0000000025ca0000,0x0000000025da0000)]
  0x000000001f424800 JavaThread "jar transforms Thread 329" [_thread_blocked, id=12024, stack(0x0000000025ba0000,0x0000000025ca0000)]
  0x000000001f42b000 JavaThread "jar transforms Thread 328" [_thread_blocked, id=7092, stack(0x0000000025aa0000,0x0000000025ba0000)]
  0x000000001f423800 JavaThread "jar transforms Thread 327" [_thread_blocked, id=4540, stack(0x00000000259a0000,0x0000000025aa0000)]
  0x000000001f425000 JavaThread "jar transforms Thread 326" [_thread_blocked, id=12448, stack(0x00000000258a0000,0x00000000259a0000)]
  0x000000001f42a800 JavaThread "jar transforms Thread 325" [_thread_blocked, id=3432, stack(0x00000000257a0000,0x00000000258a0000)]
  0x000000001f423000 JavaThread "jar transforms Thread 324" [_thread_blocked, id=13768, stack(0x00000000256a0000,0x00000000257a0000)]
  0x000000001f426800 JavaThread "jar transforms Thread 323" [_thread_blocked, id=10872, stack(0x00000000255a0000,0x00000000256a0000)]
  0x000000001f429800 JavaThread "jar transforms Thread 322" [_thread_blocked, id=10420, stack(0x00000000254a0000,0x00000000255a0000)]
  0x000000001f429000 JavaThread "jar transforms Thread 321" [_thread_blocked, id=512, stack(0x00000000253a0000,0x00000000254a0000)]
  0x000000001f428000 JavaThread "jar transforms Thread 320" [_thread_blocked, id=6856, stack(0x00000000252a0000,0x00000000253a0000)]
  0x000000001d479800 JavaThread "jar transforms Thread 319" [_thread_blocked, id=8028, stack(0x00000000251a0000,0x00000000252a0000)]
  0x000000001d478800 JavaThread "jar transforms Thread 318" [_thread_blocked, id=7856, stack(0x00000000250a0000,0x00000000251a0000)]
  0x000000001d478000 JavaThread "jar transforms Thread 317" [_thread_blocked, id=6016, stack(0x0000000024fa0000,0x00000000250a0000)]
  0x000000001d477000 JavaThread "jar transforms Thread 316" [_thread_blocked, id=12980, stack(0x0000000024ea0000,0x0000000024fa0000)]
  0x000000001d46f800 JavaThread "jar transforms Thread 315" [_thread_blocked, id=11096, stack(0x0000000024da0000,0x0000000024ea0000)]
  0x000000001d476800 JavaThread "jar transforms Thread 314" [_thread_blocked, id=10236, stack(0x0000000024ca0000,0x0000000024da0000)]
  0x000000001d472800 JavaThread "jar transforms Thread 313" [_thread_blocked, id=2264, stack(0x0000000024ba0000,0x0000000024ca0000)]
  0x000000001d471000 JavaThread "jar transforms Thread 312" [_thread_blocked, id=11900, stack(0x0000000024aa0000,0x0000000024ba0000)]
  0x000000001d475000 JavaThread "jar transforms Thread 311" [_thread_blocked, id=12208, stack(0x00000000249a0000,0x0000000024aa0000)]
  0x000000001d46f000 JavaThread "jar transforms Thread 310" [_thread_blocked, id=13736, stack(0x00000000248a0000,0x00000000249a0000)]
  0x000000001d474000 JavaThread "Build operations Thread 12" [_thread_blocked, id=7620, stack(0x00000000247a0000,0x00000000248a0000)]
  0x000000001d473800 JavaThread "Build operations Thread 11" [_thread_blocked, id=10328, stack(0x00000000246a0000,0x00000000247a0000)]
  0x000000001d475800 JavaThread "Build operations Thread 10" [_thread_blocked, id=15668, stack(0x00000000245a0000,0x00000000246a0000)]
  0x000000001d470800 JavaThread "Build operations Thread 9" [_thread_blocked, id=10476, stack(0x00000000244a0000,0x00000000245a0000)]
  0x000000001d472000 JavaThread "Build operations Thread 8" [_thread_blocked, id=13600, stack(0x00000000243a0000,0x00000000244a0000)]
  0x000000001d467800 JavaThread "Build operations Thread 7" [_thread_blocked, id=7552, stack(0x00000000242a0000,0x00000000243a0000)]
  0x000000001d46e000 JavaThread "Build operations Thread 6" [_thread_blocked, id=10392, stack(0x00000000241a0000,0x00000000242a0000)]
  0x000000001d469000 JavaThread "Build operations Thread 5" [_thread_blocked, id=1144, stack(0x00000000240a0000,0x00000000241a0000)]
  0x000000001d46d800 JavaThread "Build operations Thread 4" [_thread_blocked, id=13692, stack(0x0000000023fa0000,0x00000000240a0000)]
  0x000000001d46c000 JavaThread "Build operations Thread 3" [_thread_blocked, id=8236, stack(0x0000000023ea0000,0x0000000023fa0000)]
  0x000000001d464800 JavaThread "Build operations Thread 2" [_thread_blocked, id=6436, stack(0x0000000023ca0000,0x0000000023da0000)]
  0x000000001d466800 JavaThread "Build operations" [_thread_blocked, id=15448, stack(0x0000000023ba0000,0x0000000023ca0000)]
  0x000000001d466000 JavaThread "Cache worker for cache directory md-rule (C:\Users\kh\.gradle\caches\6.5\md-rule)" [_thread_blocked, id=7880, stack(0x0000000023aa0000,0x0000000023ba0000)]
  0x000000001d465000 JavaThread "Cache worker for cache directory md-supplier (C:\Users\kh\.gradle\caches\6.5\md-supplier)" [_thread_blocked, id=9852, stack(0x00000000239a0000,0x0000000023aa0000)]
  0x000000001d45c000 JavaThread "Cache worker for checksums cache (E:\AndroidProjects\ShoppingUser\.gradle\checksums)" [_thread_blocked, id=2812, stack(0x00000000238a0000,0x00000000239a0000)]
  0x000000001d45e800 JavaThread "Cache worker for file hash cache (E:\AndroidProjects\ShoppingUser\.gradle\6.5\fileHashes)" [_thread_blocked, id=13152, stack(0x00000000237a0000,0x00000000238a0000)]
  0x000000001d463000 JavaThread "Thread-534" [_thread_blocked, id=10304, stack(0x0000000022fa0000,0x00000000230a0000)]
  0x000000001d45f000 JavaThread "Stdin handler" [_thread_blocked, id=14668, stack(0x00000000227a0000,0x00000000228a0000)]
  0x000000001d45b800 JavaThread "Asynchronous log dispatcher for DefaultDaemonConnection: socket connection from /127.0.0.1:53090 to /127.0.0.1:53536" [_thread_blocked, id=14796, stack(0x000000001ee40000,0x000000001ef40000)]
  0x000000001d462000 JavaThread "Daemon worker Thread 4" [_thread_blocked, id=9700, stack(0x000000001e240000,0x000000001e340000)]
  0x000000001d45d000 JavaThread "Cancel handler" [_thread_blocked, id=7888, stack(0x000000001dc00000,0x000000001dd00000)]
  0x000000001d460800 JavaThread "Handler for socket connection from /127.0.0.1:53090 to /127.0.0.1:53536" [_thread_in_native, id=14168, stack(0x000000001db00000,0x000000001dc00000)]
  0x000000001d45a800 JavaThread "Daemon Thread 4" [_thread_blocked, id=7536, stack(0x0000000000830000,0x0000000000930000)]
  0x000000001d46c800 JavaThread "ForkJoinPool.commonPool-worker-3" daemon [_thread_blocked, id=7096, stack(0x0000000039750000,0x0000000039850000)]
  0x000000001d460000 JavaThread "Cache worker for Java compile cache (C:\Users\kh\.gradle\caches\6.5\javaCompile)" [_thread_blocked, id=6980, stack(0x0000000032ba0000,0x0000000032ca0000)]
  0x000000001bdec000 JavaThread "Memory manager" [_thread_blocked, id=15664, stack(0x000000002a8d0000,0x000000002a9d0000)]
  0x000000001cd9f000 JavaThread "Cache worker for file content cache (C:\Users\kh\.gradle\caches\6.5\fileContent)" [_thread_blocked, id=6416, stack(0x00000000230a0000,0x00000000231a0000)]
  0x000000001cd9d800 JavaThread "Cache worker for execution history cache (C:\Users\kh\.gradle\caches\6.5\executionHistory)" [_thread_blocked, id=12056, stack(0x00000000228a0000,0x00000000229a0000)]
  0x000000001cda0800 JavaThread "Cache worker for file hash cache (C:\Users\kh\.gradle\caches\6.5\fileHashes)" [_thread_blocked, id=11560, stack(0x000000001ed40000,0x000000001ee40000)]
  0x000000001cda3000 JavaThread "File lock request listener" [_thread_in_native, id=10388, stack(0x000000001ec40000,0x000000001ed40000)]
  0x000000001cc12800 JavaThread "Cache worker for journal cache (C:\Users\kh\.gradle\caches\journal-1)" [_thread_blocked, id=816, stack(0x000000001eb40000,0x000000001ec40000)]
  0x000000001c935000 JavaThread "Daemon periodic checks" [_thread_blocked, id=14592, stack(0x000000001df40000,0x000000001e040000)]
  0x000000001c964800 JavaThread "Incoming local TCP Connector on port 53090" [_thread_in_native, id=12884, stack(0x000000001dd00000,0x000000001de00000)]
  0x000000001c849000 JavaThread "Daemon health stats" [_thread_blocked, id=4600, stack(0x000000001d6c0000,0x000000001d7c0000)]
  0x0000000019172800 JavaThread "Service Thread" daemon [_thread_blocked, id=9408, stack(0x000000001ab20000,0x000000001ac20000)]
  0x00000000190e7800 JavaThread "C1 CompilerThread3" daemon [_thread_blocked, id=13712, stack(0x000000001aa20000,0x000000001ab20000)]
=>0x00000000190e6000 JavaThread "C2 CompilerThread2" daemon [_thread_in_native, id=9544, stack(0x000000001a920000,0x000000001aa20000)]
  0x00000000190de000 JavaThread "C2 CompilerThread1" daemon [_thread_in_native, id=7848, stack(0x000000001a820000,0x000000001a920000)]
  0x00000000190d5800 JavaThread "C2 CompilerThread0" daemon [_thread_in_native, id=1668, stack(0x000000001a720000,0x000000001a820000)]
  0x00000000190d4000 JavaThread "Attach Listener" daemon [_thread_blocked, id=15912, stack(0x000000001a620000,0x000000001a720000)]
  0x00000000190d3000 JavaThread "Signal Dispatcher" daemon [_thread_blocked, id=5836, stack(0x000000001a520000,0x000000001a620000)]
  0x00000000179f1800 JavaThread "Finalizer" daemon [_thread_blocked, id=7252, stack(0x000000001a320000,0x000000001a420000)]
  0x00000000190c3000 JavaThread "Reference Handler" daemon [_thread_blocked, id=14280, stack(0x000000001a220000,0x000000001a320000)]
  0x000000000257d800 JavaThread "main" [_thread_blocked, id=2736, stack(0x0000000002580000,0x0000000002680000)]

Other Threads:
  0x00000000179e5800 VMThread [stack: 0x000000001a120000,0x000000001a220000] [id=15328]
  0x0000000019173800 WatcherThread [stack: 0x000000001ac20000,0x000000001ad20000] [id=11248]

VM state:at safepoint (normal execution)

VM Mutex/Monitor currently owned by a thread:  ([mutex/lock_event])
[0x000000000257d530] Threads_lock - owner thread: 0x00000000179e5800
[0x000000000257c6b0] Heap_lock - owner thread: 0x000000001d46c000

heap address: 0x0000000080000000, size: 2048 MB, Compressed Oops mode: 32-bit
Narrow klass base: 0x0000000000000000, Narrow klass shift: 3
Compressed class space size: 1073741824 Address: 0x0000000100000000

Heap:
 PSYoungGen      total 561664K, used 531457K [0x00000000d5580000, 0x0000000100000000, 0x0000000100000000)
  eden space 458240K, 100% used [0x00000000d5580000,0x00000000f1500000,0x00000000f1500000)
  from space 103424K, 70% used [0x00000000f1500000,0x00000000f5c80470,0x00000000f7a00000)
  to   space 107520K, 38% used [0x00000000f9700000,0x00000000fbf831b0,0x0000000100000000)
 ParOldGen       total 511488K, used 177789K [0x0000000080000000, 0x000000009f380000, 0x00000000d5580000)
  object space 511488K, 34% used [0x0000000080000000,0x000000008ad9f4a0,0x000000009f380000)
 Metaspace       used 178319K, capacity 189968K, committed 190232K, reserved 1214464K
  class space    used 23988K, capacity 26068K, committed 26160K, reserved 1048576K

Card table byte_map: [0x0000000011b40000,0x0000000011f50000] byte_map_base: 0x0000000011740000

Marking Bits: (ParMarkBitMap*) 0x00000000747cf030
 Begin Bits: [0x0000000012c00000, 0x0000000014c00000)
 End Bits:   [0x0000000014c00000, 0x0000000016c00000)

Polling page: 0x0000000000720000

CodeCache: size=245760Kb used=71327Kb max_used=71327Kb free=174432Kb
 bounds [0x0000000002780000, 0x0000000006d80000, 0x0000000011780000]
 total_blobs=23836 nmethods=22917 adapters=828
 compilation: enabled

Compilation events (10 events):
Event: 520.813 Thread 0x00000000190e7800 29101       2       com.android.tools.r8.graph.C$$Lambda$3193/662509299::apply (14 bytes)
Event: 520.813 Thread 0x00000000190e7800 nmethod 29101 0x0000000006d7c150 code [0x0000000006d7c2c0, 0x0000000006d7c468]
Event: 520.813 Thread 0x00000000190e7800 29100       2       com.android.tools.r8.s.a.i.a$$Lambda$3557/1265070794::<init> (10 bytes)
Event: 520.813 Thread 0x00000000190e7800 nmethod 29100 0x0000000006d7c550 code [0x0000000006d7c6a0, 0x0000000006d7c810]
Event: 520.816 Thread 0x00000000190e7800 29102       1       com.android.tools.r8.s.b.f1::I2 (3 bytes)
Event: 520.816 Thread 0x00000000190e7800 nmethod 29102 0x0000000006d7c890 code [0x0000000006d7c9e0, 0x0000000006d7caf0]
Event: 520.816 Thread 0x00000000190e7800 29103       1       com.android.tools.r8.s.b.f1::G2 (4 bytes)
Event: 520.816 Thread 0x00000000190e7800 nmethod 29103 0x0000000006d7cb50 code [0x0000000006d7cca0, 0x0000000006d7cdb0]
Event: 520.816 Thread 0x00000000190e7800 29104       2       com.android.tools.r8.s.b.f1::a (213 bytes)
Event: 520.817 Thread 0x00000000190e7800 nmethod 29104 0x0000000006d7ce10 code [0x0000000006d7d080, 0x0000000006d7da78]

GC Heap History (10 events):
Event: 401.214 GC heap after
Heap after GC invocations=30 (full 5):
 PSYoungGen      total 497152K, used 24729K [0x00000000d5580000, 0x00000000fd280000, 0x0000000100000000)
  eden space 380416K, 0% used [0x00000000d5580000,0x00000000d5580000,0x00000000ec900000)
  from space 116736K, 21% used [0x00000000ec900000,0x00000000ee1267c8,0x00000000f3b00000)
  to   space 113664K, 0% used [0x00000000f6380000,0x00000000f6380000,0x00000000fd280000)
 ParOldGen       total 511488K, used 177749K [0x0000000080000000, 0x000000009f380000, 0x00000000d5580000)
  object space 511488K, 34% used [0x0000000080000000,0x000000008ad954a0,0x000000009f380000)
 Metaspace       used 139339K, capacity 146332K, committed 146584K, reserved 1175552K
  class space    used 18600K, capacity 19841K, committed 19888K, reserved 1048576K
}
Event: 515.126 GC heap before
{Heap before GC invocations=31 (full 5):
 PSYoungGen      total 497152K, used 405145K [0x00000000d5580000, 0x00000000fd280000, 0x0000000100000000)
  eden space 380416K, 100% used [0x00000000d5580000,0x00000000ec900000,0x00000000ec900000)
  from space 116736K, 21% used [0x00000000ec900000,0x00000000ee1267c8,0x00000000f3b00000)
  to   space 113664K, 0% used [0x00000000f6380000,0x00000000f6380000,0x00000000fd280000)
 ParOldGen       total 511488K, used 177749K [0x0000000080000000, 0x000000009f380000, 0x00000000d5580000)
  object space 511488K, 34% used [0x0000000080000000,0x000000008ad954a0,0x000000009f380000)
 Metaspace       used 154324K, capacity 162670K, committed 162968K, reserved 1189888K
  class space    used 20365K, capacity 21849K, committed 21936K, reserved 1048576K
Event: 515.154 GC heap after
Heap after GC invocations=31 (full 5):
 PSYoungGen      total 512000K, used 46183K [0x00000000d5580000, 0x00000000fbf80000, 0x0000000100000000)
  eden space 417792K, 0% used [0x00000000d5580000,0x00000000d5580000,0x00000000eed80000)
  from space 94208K, 49% used [0x00000000f6380000,0x00000000f9099c20,0x00000000fbf80000)
  to   space 107520K, 0% used [0x00000000eed80000,0x00000000eed80000,0x00000000f5680000)
 ParOldGen       total 511488K, used 177757K [0x0000000080000000, 0x000000009f380000, 0x00000000d5580000)
  object space 511488K, 34% used [0x0000000080000000,0x000000008ad974a0,0x000000009f380000)
 Metaspace       used 154324K, capacity 162670K, committed 162968K, reserved 1189888K
  class space    used 20365K, capacity 21849K, committed 21936K, reserved 1048576K
}
Event: 517.673 GC heap before
{Heap before GC invocations=32 (full 5):
 PSYoungGen      total 512000K, used 463975K [0x00000000d5580000, 0x00000000fbf80000, 0x0000000100000000)
  eden space 417792K, 100% used [0x00000000d5580000,0x00000000eed80000,0x00000000eed80000)
  from space 94208K, 49% used [0x00000000f6380000,0x00000000f9099c20,0x00000000fbf80000)
  to   space 107520K, 0% used [0x00000000eed80000,0x00000000eed80000,0x00000000f5680000)
 ParOldGen       total 511488K, used 177757K [0x0000000080000000, 0x000000009f380000, 0x00000000d5580000)
  object space 511488K, 34% used [0x0000000080000000,0x000000008ad974a0,0x000000009f380000)
 Metaspace       used 166582K, capacity 175424K, committed 175640K, reserved 1202176K
  class space    used 22144K, capacity 23744K, committed 23856K, reserved 1048576K
Event: 517.710 GC heap after
Heap after GC invocations=32 (full 5):
 PSYoungGen      total 525312K, used 50305K [0x00000000d5580000, 0x00000000fdf00000, 0x0000000100000000)
  eden space 417792K, 0% used [0x00000000d5580000,0x00000000d5580000,0x00000000eed80000)
  from space 107520K, 46% used [0x00000000eed80000,0x00000000f1ea04c8,0x00000000f5680000)
  to   space 103424K, 0% used [0x00000000f7a00000,0x00000000f7a00000,0x00000000fdf00000)
 ParOldGen       total 511488K, used 177765K [0x0000000080000000, 0x000000009f380000, 0x00000000d5580000)
  object space 511488K, 34% used [0x0000000080000000,0x000000008ad994a0,0x000000009f380000)
 Metaspace       used 166582K, capacity 175424K, committed 175640K, reserved 1202176K
  class space    used 22144K, capacity 23744K, committed 23856K, reserved 1048576K
}
Event: 519.167 GC heap before
{Heap before GC invocations=33 (full 5):
 PSYoungGen      total 525312K, used 468097K [0x00000000d5580000, 0x00000000fdf00000, 0x0000000100000000)
  eden space 417792K, 100% used [0x00000000d5580000,0x00000000eed80000,0x00000000eed80000)
  from space 107520K, 46% used [0x00000000eed80000,0x00000000f1ea04c8,0x00000000f5680000)
  to   space 103424K, 0% used [0x00000000f7a00000,0x00000000f7a00000,0x00000000fdf00000)
 ParOldGen       total 511488K, used 177765K [0x0000000080000000, 0x000000009f380000, 0x00000000d5580000)
  object space 511488K, 34% used [0x0000000080000000,0x000000008ad994a0,0x000000009f380000)
 Metaspace       used 176936K, capacity 188478K, committed 188568K, reserved 1212416K
  class space    used 23915K, capacity 25993K, committed 26032K, reserved 1048576K
Event: 519.209 GC heap after
Heap after GC invocations=33 (full 5):
 PSYoungGen      total 561664K, used 60843K [0x00000000d5580000, 0x00000000fe480000, 0x0000000100000000)
  eden space 458240K, 0% used [0x00000000d5580000,0x00000000d5580000,0x00000000f1500000)
  from space 103424K, 58% used [0x00000000f7a00000,0x00000000fb56adc0,0x00000000fdf00000)
  to   space 103424K, 0% used [0x00000000f1500000,0x00000000f1500000,0x00000000f7a00000)
 ParOldGen       total 511488K, used 177773K [0x0000000080000000, 0x000000009f380000, 0x00000000d5580000)
  object space 511488K, 34% used [0x0000000080000000,0x000000008ad9b4a0,0x000000009f380000)
 Metaspace       used 176936K, capacity 188478K, committed 188568K, reserved 1212416K
  class space    used 23915K, capacity 25993K, committed 26032K, reserved 1048576K
}
Event: 519.971 GC heap before
{Heap before GC invocations=34 (full 5):
 PSYoungGen      total 561664K, used 519083K [0x00000000d5580000, 0x00000000fe480000, 0x0000000100000000)
  eden space 458240K, 100% used [0x00000000d5580000,0x00000000f1500000,0x00000000f1500000)
  from space 103424K, 58% used [0x00000000f7a00000,0x00000000fb56adc0,0x00000000fdf00000)
  to   space 103424K, 0% used [0x00000000f1500000,0x00000000f1500000,0x00000000f7a00000)
 ParOldGen       total 511488K, used 177773K [0x0000000080000000, 0x000000009f380000, 0x00000000d5580000)
  object space 511488K, 34% used [0x0000000080000000,0x000000008ad9b4a0,0x000000009f380000)
 Metaspace       used 177804K, capacity 189426K, committed 189720K, reserved 1212416K
  class space    used 23971K, capacity 26059K, committed 26160K, reserved 1048576K
Event: 520.001 GC heap after
Heap after GC invocations=34 (full 5):
 PSYoungGen      total 561664K, used 73217K [0x00000000d5580000, 0x0000000100000000, 0x0000000100000000)
  eden space 458240K, 0% used [0x00000000d5580000,0x00000000d5580000,0x00000000f1500000)
  from space 103424K, 70% used [0x00000000f1500000,0x00000000f5c80470,0x00000000f7a00000)
  to   space 107520K, 0% used [0x00000000f9700000,0x00000000f9700000,0x0000000100000000)
 ParOldGen       total 511488K, used 177781K [0x0000000080000000, 0x000000009f380000, 0x00000000d5580000)
  object space 511488K, 34% used [0x0000000080000000,0x000000008ad9d4a0,0x000000009f380000)
 Metaspace       used 177804K, capacity 189426K, committed 189720K, reserved 1212416K
  class space    used 23971K, capacity 26059K, committed 26160K, reserved 1048576K
}
Event: 520.818 GC heap before
{Heap before GC invocations=35 (full 5):
 PSYoungGen      total 561664K, used 531457K [0x00000000d5580000, 0x0000000100000000, 0x0000000100000000)
  eden space 458240K, 100% used [0x00000000d5580000,0x00000000f1500000,0x00000000f1500000)
  from space 103424K, 70% used [0x00000000f1500000,0x00000000f5c80470,0x00000000f7a00000)
  to   space 107520K, 0% used [0x00000000f9700000,0x00000000f9700000,0x0000000100000000)
 ParOldGen       total 511488K, used 177781K [0x0000000080000000, 0x000000009f380000, 0x00000000d5580000)
  object space 511488K, 34% used [0x0000000080000000,0x000000008ad9d4a0,0x000000009f380000)
 Metaspace       used 178319K, capacity 189968K, committed 190232K, reserved 1214464K
  class space    used 23988K, capacity 26068K, committed 26160K, reserved 1048576K

Deoptimization events (10 events):
Event: 519.748 Thread 0x000000001d473800 Uncommon trap: reason=class_check action=maybe_recompile pc=0x000000000660f23c method=com.android.tools.r8.ir.conversion.N.g(I)V @ 9
Event: 519.748 Thread 0x000000001d473800 Uncommon trap: reason=class_check action=maybe_recompile pc=0x000000000660f23c method=com.android.tools.r8.ir.conversion.N.g(I)V @ 9
Event: 519.759 Thread 0x000000001d473800 Uncommon trap: reason=unstable_if action=reinterpret pc=0x0000000004f45164 method=java.util.stream.AbstractPipeline.exactOutputSizeIfKnown(Ljava/util/Spliterator;)J @ 10
Event: 519.759 Thread 0x000000001d473800 Uncommon trap: reason=unstable_if action=reinterpret pc=0x00000000041c11a4 method=java.util.stream.Nodes.builder(JLjava/util/function/IntFunction;)Ljava/util/stream/Node$Builder; @ 3
Event: 519.760 Thread 0x000000001d473800 Uncommon trap: reason=class_check action=maybe_recompile pc=0x0000000005974dc0 method=java.util.stream.Nodes.flatten(Ljava/util/stream/Node;Ljava/util/function/IntFunction;)Ljava/util/stream/Node; @ 1
Event: 519.925 Thread 0x000000001d46c000 Uncommon trap: reason=unstable_if action=reinterpret pc=0x00000000032ef7dc method=java.util.concurrent.ConcurrentHashMap.computeIfAbsent(Ljava/lang/Object;Ljava/util/function/Function;)Ljava/lang/Object; @ 281
Event: 520.102 Thread 0x000000001d475800 Uncommon trap: reason=bimorphic action=maybe_recompile pc=0x0000000006ab4994 method=com.android.tools.r8.s.a.p.u.G()Z @ 29
Event: 520.136 Thread 0x000000001d475800 Uncommon trap: reason=unstable_if action=reinterpret pc=0x0000000006ab689c method=com.android.tools.r8.ir.conversion.N.a(ILcom/android/tools/r8/s/b/t1;Lcom/android/tools/r8/s/b/o;Lcom/android/tools/r8/s/b/o$c;Lcom/android/tools/r8/s/b/U0$a;)Lcom/android/t
Event: 520.298 Thread 0x000000001d464800 Uncommon trap: reason=class_check action=maybe_recompile pc=0x0000000005974dc0 method=java.util.stream.Nodes.flatten(Ljava/util/stream/Node;Ljava/util/function/IntFunction;)Ljava/util/stream/Node; @ 1
Event: 520.298 Thread 0x000000001d464800 Uncommon trap: reason=class_check action=maybe_recompile pc=0x0000000005974dc0 method=java.util.stream.Nodes.flatten(Ljava/util/stream/Node;Ljava/util/function/IntFunction;)Ljava/util/stream/Node; @ 1

Classes redefined (0 events):
No events

Internal exceptions (10 events):
Event: 519.688 Thread 0x000000001d472000 Exception <a 'sun/nio/fs/WindowsException'> (0x00000000e5fb4c98) thrown at [C:\src\AOSP-openjdk-git\hotspot\src\share\vm\prims\jni.cpp, line 710]
Event: 519.706 Thread 0x000000001d46c000 Exception <a 'sun/nio/fs/WindowsException'> (0x00000000e6b93da0) thrown at [C:\src\AOSP-openjdk-git\hotspot\src\share\vm\prims\jni.cpp, line 710]
Event: 519.773 Thread 0x000000001d473800 Exception <a 'sun/nio/fs/WindowsException'> (0x00000000e8bc1748) thrown at [C:\src\AOSP-openjdk-git\hotspot\src\share\vm\prims\jni.cpp, line 710]
Event: 519.804 Thread 0x000000001d470800 Exception <a 'sun/nio/fs/WindowsException'> (0x00000000e8a8e578) thrown at [C:\src\AOSP-openjdk-git\hotspot\src\share\vm\prims\jni.cpp, line 710]
Event: 519.808 Thread 0x000000001d474000 Exception <a 'sun/nio/fs/WindowsException'> (0x00000000ea89e8e0) thrown at [C:\src\AOSP-openjdk-git\hotspot\src\share\vm\prims\jni.cpp, line 710]
Event: 519.851 Thread 0x000000001d475800 Exception <a 'sun/nio/fs/WindowsException'> (0x00000000ec585fe8) thrown at [C:\src\AOSP-openjdk-git\hotspot\src\share\vm\prims\jni.cpp, line 710]
Event: 519.887 Thread 0x000000001d472000 Exception <a 'sun/nio/fs/WindowsException'> (0x00000000ed8ecdc0) thrown at [C:\src\AOSP-openjdk-git\hotspot\src\share\vm\prims\jni.cpp, line 710]
Event: 519.904 Thread 0x000000001d46c000 Exception <a 'sun/nio/fs/WindowsException'> (0x00000000ee6321e0) thrown at [C:\src\AOSP-openjdk-git\hotspot\src\share\vm\prims\jni.cpp, line 710]
Event: 520.026 Thread 0x000000001d474000 Exception <a 'sun/nio/fs/WindowsException'> (0x00000000d6201548) thrown at [C:\src\AOSP-openjdk-git\hotspot\src\share\vm\prims\jni.cpp, line 710]
Event: 520.450 Thread 0x000000001d464800 Exception <a 'sun/nio/fs/WindowsException'> (0x00000000e40a4618) thrown at [C:\src\AOSP-openjdk-git\hotspot\src\share\vm\prims\jni.cpp, line 710]

Events (10 events):
Event: 520.788 loading class com/android/tools/r8/s/b/q1 done
Event: 520.788 loading class com/android/tools/r8/s/b/k0
Event: 520.788 loading class com/android/tools/r8/s/b/k0 done
Event: 520.788 loading class com/android/tools/r8/s/b/q1
Event: 520.788 loading class com/android/tools/r8/s/b/q1 done
Event: 520.801 Thread 0x000000001d46c000 DEOPT PACKING pc=0x00000000060bed71 sp=0x0000000023f9a530
Event: 520.801 Thread 0x000000001d46c000 DEOPT UNPACKING pc=0x00000000027c75d0 sp=0x0000000023f9a258 mode 0
Event: 520.810 Thread 0x000000001d475800 DEOPT PACKING pc=0x00000000066c0d6d sp=0x000000002469a9f0
Event: 520.810 Thread 0x000000001d475800 DEOPT UNPACKING pc=0x00000000027c75d0 sp=0x000000002469a8c0 mode 0
Event: 520.817 Executing VM operation: ParallelGCFailedAllocation


Dynamic libraries:
0x00007ff792660000 - 0x00007ff792691000 	C:\Program Files\Android\Android Studio\jre\bin\java.exe
0x00007ffd4b210000 - 0x00007ffd4b405000 	C:\WINDOWS\SYSTEM32\ntdll.dll
0x00007ffd493e0000 - 0x00007ffd4949d000 	C:\WINDOWS\System32\KERNEL32.DLL
0x00007ffd48e00000 - 0x00007ffd490c9000 	C:\WINDOWS\System32\KERNELBASE.dll
0x00007ffd4a920000 - 0x00007ffd4a9cc000 	C:\WINDOWS\System32\ADVAPI32.dll
0x00007ffd494c0000 - 0x00007ffd4955e000 	C:\WINDOWS\System32\msvcrt.dll
0x00007ffd49280000 - 0x00007ffd4931b000 	C:\WINDOWS\System32\sechost.dll
0x00007ffd49560000 - 0x00007ffd4968a000 	C:\WINDOWS\System32\RPCRT4.dll
0x00007ffd4b030000 - 0x00007ffd4b1d0000 	C:\WINDOWS\System32\USER32.dll
0x00007ffd490d0000 - 0x00007ffd490f2000 	C:\WINDOWS\System32\win32u.dll
0x00007ffd4a7d0000 - 0x00007ffd4a7fa000 	C:\WINDOWS\System32\GDI32.dll
0x00007ffd48cf0000 - 0x00007ffd48dfb000 	C:\WINDOWS\System32\gdi32full.dll
0x00007ffd49160000 - 0x00007ffd491fd000 	C:\WINDOWS\System32\msvcp_win.dll
0x00007ffd48b40000 - 0x00007ffd48c40000 	C:\WINDOWS\System32\ucrtbase.dll
0x00007ffd2e760000 - 0x00007ffd2e9fa000 	C:\WINDOWS\WinSxS\amd64_microsoft.windows.common-controls_6595b64144ccf1df_6.0.19041.1110_none_60b5254171f9507e\COMCTL32.dll
0x00007ffd493b0000 - 0x00007ffd493e0000 	C:\WINDOWS\System32\IMM32.DLL
0x0000000073e40000 - 0x0000000073f12000 	C:\Program Files\Android\Android Studio\jre\jre\bin\msvcr100.dll
0x0000000074000000 - 0x000000007484b000 	C:\Program Files\Android\Android Studio\jre\jre\bin\server\jvm.dll
0x00007ffd4a5e0000 - 0x00007ffd4a5e8000 	C:\WINDOWS\System32\PSAPI.DLL
0x00007ffd2fc10000 - 0x00007ffd2fc19000 	C:\WINDOWS\SYSTEM32\WSOCK32.dll
0x00007ffd2eb00000 - 0x00007ffd2eb27000 	C:\WINDOWS\SYSTEM32\WINMM.dll
0x00007ffd3eed0000 - 0x00007ffd3eeda000 	C:\WINDOWS\SYSTEM32\VERSION.dll
0x00007ffd4a600000 - 0x00007ffd4a66b000 	C:\WINDOWS\System32\WS2_32.dll
0x00007ffd2d300000 - 0x00007ffd2d30f000 	C:\Program Files\Android\Android Studio\jre\jre\bin\verify.dll
0x00007ffd0c930000 - 0x00007ffd0c959000 	C:\Program Files\Android\Android Studio\jre\jre\bin\java.dll
0x00007ffd148b0000 - 0x00007ffd148c6000 	C:\Program Files\Android\Android Studio\jre\jre\bin\zip.dll
0x00007ffd49690000 - 0x00007ffd49dcf000 	C:\WINDOWS\System32\SHELL32.dll
0x00007ffd466d0000 - 0x00007ffd46e61000 	C:\WINDOWS\SYSTEM32\windows.storage.dll
0x00007ffd49ec0000 - 0x00007ffd4a215000 	C:\WINDOWS\System32\combase.dll
0x00007ffd483c0000 - 0x00007ffd483ec000 	C:\WINDOWS\SYSTEM32\Wldp.dll
0x00007ffd4a670000 - 0x00007ffd4a71e000 	C:\WINDOWS\System32\SHCORE.dll
0x00007ffd49e60000 - 0x00007ffd49eb5000 	C:\WINDOWS\System32\shlwapi.dll
0x00007ffd48890000 - 0x00007ffd488af000 	C:\WINDOWS\SYSTEM32\profapi.dll
0x00007ffd19a90000 - 0x00007ffd19aaa000 	C:\Program Files\Android\Android Studio\jre\jre\bin\net.dll
0x00007ffd48120000 - 0x00007ffd4818a000 	C:\WINDOWS\system32\mswsock.dll
0x00007ffd197a0000 - 0x00007ffd197b3000 	C:\Program Files\Android\Android Studio\jre\jre\bin\nio.dll
0x00007ffd322e0000 - 0x00007ffd32307000 	C:\Users\kh\.gradle\native\f6784746aeab05261644944871eae4fe03e0ef1612fff0a4a95f87b438bc6780\windows-amd64\native-platform.dll
0x00007ffd2aa20000 - 0x00007ffd2aa2d000 	C:\Program Files\Android\Android Studio\jre\jre\bin\management.dll
0x00007ffd48310000 - 0x00007ffd48328000 	C:\WINDOWS\SYSTEM32\CRYPTSP.dll
0x00007ffd47a50000 - 0x00007ffd47a84000 	C:\WINDOWS\system32\rsaenh.dll
0x00007ffd49250000 - 0x00007ffd49277000 	C:\WINDOWS\System32\bcrypt.dll
0x00007ffd48850000 - 0x00007ffd4887e000 	C:\WINDOWS\SYSTEM32\USERENV.dll
0x00007ffd48ab0000 - 0x00007ffd48b33000 	C:\WINDOWS\System32\bcryptprimitives.dll
0x00007ffd48300000 - 0x00007ffd4830c000 	C:\WINDOWS\SYSTEM32\CRYPTBASE.dll
0x00007ffd47dc0000 - 0x00007ffd47dfb000 	C:\WINDOWS\SYSTEM32\IPHLPAPI.DLL
0x00007ffd49dd0000 - 0x00007ffd49dd8000 	C:\WINDOWS\System32\NSI.dll
0x00007ffd3eb60000 - 0x00007ffd3eb77000 	C:\WINDOWS\SYSTEM32\dhcpcsvc6.DLL
0x00007ffd3e300000 - 0x00007ffd3e31d000 	C:\WINDOWS\SYSTEM32\dhcpcsvc.DLL
0x00007ffd47e00000 - 0x00007ffd47ecc000 	C:\WINDOWS\SYSTEM32\DNSAPI.dll
0x00007ffd40c30000 - 0x00007ffd40c3b000 	C:\WINDOWS\SYSTEM32\WINNSI.DLL
0x00007ffd0c390000 - 0x00007ffd0c3b4000 	C:\Program Files\Android\Android Studio\jre\jre\bin\sunec.dll
0x00007ffd3eb50000 - 0x00007ffd3eb5a000 	C:\Windows\System32\rasadhlp.dll
0x00007ffd3cf90000 - 0x00007ffd3d00f000 	C:\WINDOWS\System32\fwpuclnt.dll
0x00007ffd3e210000 - 0x00007ffd3e21b000 	C:\Program Files\Android\Android Studio\jre\jre\bin\sunmscapi.dll
0x00007ffd48950000 - 0x00007ffd48aaf000 	C:\WINDOWS\System32\CRYPT32.dll

VM Arguments:
jvm_args: -Xmx2048m -Dfile.encoding=UTF-8 -Duser.country=US -Duser.language=en -Duser.variant 
java_command: org.gradle.launcher.daemon.bootstrap.GradleDaemon 6.5
java_class_path (initial): C:\Users\kh\.gradle\wrapper\dists\gradle-6.5-bin\6nifqtx7604sqp1q6g8wikw7p\gradle-6.5\lib\gradle-launcher-6.5.jar
Launcher Type: SUN_STANDARD

Environment Variables:
PATH=C:\Program Files (x86)\Common Files\Oracle\Java\javapath;C:\ProgramData\Oracle\Java\javapath;C:\Program Files (x86)\Common Files\Intel\Shared Libraries\redist\intel64\compiler;C:\Windows\system32;C:\Windows;C:\Windows\System32\Wbem;C:\Windows\System32\WindowsPowerShell\v1.0\;C:\Windows\System32\OpenSSH\;C:\Program Files (x86)\NVIDIA Corporation\PhysX\Common;E:\AndroidProjects\Animation Projects\bin;C:\Program Files\Git\cmd;C:\WINDOWS\system32;C:\WINDOWS;C:\WINDOWS\System32\Wbem;C:\WINDOWS\System32\WindowsPowerShell\v1.0\;C:\WINDOWS\System32\OpenSSH\;C:\Users\kh\AppData\Local\Microsoft\WindowsApps;E:\Proteus\SDCC\bin;E:\Logic\win32;C:\modeltech_6.5\win32;%USERPROFILE%\AppData\Local\Microsoft\WindowsApps;
USERNAME=kh
OS=Windows_NT
PROCESSOR_IDENTIFIER=Intel64 Family 6 Model 158 Stepping 10, GenuineIntel



---------------  S Y S T E M  ---------------

OS: Windows 10.0 , 64 bit Build 19041 (10.0.19041.1023)

CPU:total 12 (initial active 12) (6 cores per cpu, 2 threads per core) family 6 model 158 stepping 10, cmov, cx8, fxsr, mmx, sse, sse2, sse3, ssse3, sse4.1, sse4.2, popcnt, avx, avx2, aes, clmul, erms, 3dnowpref, lzcnt, ht, tsc, tscinvbit, bmi1, bmi2, adx

Memory: 4k page, physical 16600544k(3304156k free), swap 16600544k(6392k free)

vm_info: OpenJDK 64-Bit Server VM (25.242-b01) for windows-amd64 JRE (1.8.0_242-release-1644-b01), built by "builder" with MS VC++ 10.0 (VS2010)

time: Wed Aug 04 17:52:29 2021
timezone: Egypt Standard Time
elapsed time: 520 seconds (0d 0h 8m 40s)

