#
# There is insufficient memory for the Java Runtime Environment to continue.
# Native memory allocation (malloc) failed to allocate 1431696 bytes for Chunk::new
# Possible reasons:
#   The system is out of physical RAM or swap space
#   The process is running with CompressedOops enabled, and the Java Heap may be blocking the growth of the native heap
# Possible solutions:
#   Reduce memory load on the system
#   Increase physical memory or swap space
#   Check if swap backing store is full
#   Decrease Java heap size (-Xmx/-Xms)
#   Decrease number of Java threads
#   Decrease Java thread stack sizes (-Xss)
#   Set larger code cache with -XX:ReservedCodeCacheSize=
#   JVM is running with Unscaled Compressed Oops mode in which the Java heap is
#     placed in the first 4GB address space. The Java Heap base address is the
#     maximum limit for the native heap growth. Please use -XX:HeapBaseMinAddress
#     to set the Java Heap base and to place the Java Heap above 4GB virtual address.
# This output file may be truncated or incomplete.
#
#  Out of Memory Error (allocation.cpp:389), pid=10088, tid=0x0000000000002f34
#
# JRE version: OpenJDK Runtime Environment (8.0_242-b01) (build 1.8.0_242-release-1644-b01)
# Java VM: OpenJDK 64-Bit Server VM (25.242-b01 mixed mode windows-amd64 compressed oops)
# Failed to write core dump. Minidumps are not enabled by default on client versions of Windows
#

---------------  T H R E A D  ---------------

Current thread (0x0000000019e77000):  JavaThread "C2 CompilerThread0" daemon [_thread_in_native, id=12084, stack(0x000000001b4c0000,0x000000001b5c0000)]

Stack: [0x000000001b4c0000,0x000000001b5c0000]
[error occurred during error reporting (printing stack bounds), id 0xc0000005]

Native frames: (J=compiled Java code, j=interpreted, Vv=VM code, C=native code)


Current CompileTask:
C2:2043160 20450 %     4       com.android.tools.r8.ir.conversion.N::a @ 153 (3065 bytes)


---------------  P R O C E S S  ---------------

Java Threads: ( => current thread )
  0x000000002279e800 JavaThread "stdout" [_thread_in_native, id=4100, stack(0x0000000034e20000,0x0000000034f20000)]
  0x0000000022792800 JavaThread "stderr" [_thread_in_native, id=6244, stack(0x0000000034d20000,0x0000000034e20000)]
  0x0000000022796800 JavaThread "stdout" [_thread_in_native, id=488, stack(0x0000000034c20000,0x0000000034d20000)]
  0x0000000022797000 JavaThread "stderr" [_thread_in_native, id=6268, stack(0x0000000034b20000,0x0000000034c20000)]
  0x0000000022795800 JavaThread "stdout" [_thread_in_native, id=10412, stack(0x0000000034a20000,0x0000000034b20000)]
  0x0000000022794000 JavaThread "stderr" [_thread_in_native, id=2184, stack(0x0000000034920000,0x0000000034a20000)]
  0x0000000022795000 JavaThread "stdout" [_thread_in_native, id=11628, stack(0x0000000034820000,0x0000000034920000)]
  0x0000000022799800 JavaThread "stderr" [_thread_in_native, id=11648, stack(0x0000000034720000,0x0000000034820000)]
  0x0000000022798800 JavaThread "stdout" [_thread_in_native, id=8324, stack(0x0000000034620000,0x0000000034720000)]
  0x0000000022791000 JavaThread "stderr" [_thread_in_native, id=15248, stack(0x0000000034520000,0x0000000034620000)]
  0x0000000022798000 JavaThread "stdout" [_thread_in_native, id=14928, stack(0x0000000034420000,0x0000000034520000)]
  0x0000000022793800 JavaThread "stderr" [_thread_in_native, id=2904, stack(0x0000000034320000,0x0000000034420000)]
  0x000000002ffbe000 JavaThread "stdout" [_thread_in_native, id=4112, stack(0x0000000033fd0000,0x00000000340d0000)]
  0x000000002ffc1000 JavaThread "stderr" [_thread_in_native, id=13560, stack(0x0000000033ed0000,0x0000000033fd0000)]
  0x000000002ffbf000 JavaThread "stdout" [_thread_in_native, id=8732, stack(0x0000000033dd0000,0x0000000033ed0000)]
  0x000000002ffbf800 JavaThread "stderr" [_thread_in_native, id=13144, stack(0x0000000033cd0000,0x0000000033dd0000)]
  0x000000002ffbd800 JavaThread "pool-11-thread-1" [_thread_blocked, id=7964, stack(0x0000000033ad0000,0x0000000033bd0000)]
  0x000000002ffbb000 JavaThread "WorkerExecutor Queue Thread 3" [_thread_blocked, id=11396, stack(0x00000000336d0000,0x00000000337d0000)]
  0x000000002ffb9800 JavaThread "WorkerExecutor Queue Thread 2" [_thread_blocked, id=14680, stack(0x00000000335d0000,0x00000000336d0000)]
  0x000000002ffb6000 JavaThread "Cache worker for execution history cache (E:\AndroidProjects\ShoppingUser\.gradle\6.5\executionHistory)" [_thread_blocked, id=11556, stack(0x0000000032ee0000,0x0000000032fe0000)]
  0x000000002ffb7800 JavaThread "Execution worker for ':' Thread 11" [_thread_blocked, id=4688, stack(0x0000000032de0000,0x0000000032ee0000)]
  0x000000002ffb2000 JavaThread "Execution worker for ':' Thread 10" [_thread_blocked, id=11912, stack(0x0000000032ce0000,0x0000000032de0000)]
  0x00000000265a0000 JavaThread "Execution worker for ':' Thread 9" [_thread_blocked, id=14848, stack(0x0000000032be0000,0x0000000032ce0000)]
  0x00000000265a3800 JavaThread "Execution worker for ':' Thread 8" [_thread_blocked, id=10948, stack(0x0000000032ae0000,0x0000000032be0000)]
  0x00000000265a2000 JavaThread "Execution worker for ':' Thread 7" [_thread_blocked, id=13380, stack(0x00000000329e0000,0x0000000032ae0000)]
  0x00000000265a1800 JavaThread "Execution worker for ':' Thread 6" [_thread_blocked, id=14832, stack(0x00000000328e0000,0x00000000329e0000)]
  0x00000000265a0800 JavaThread "Execution worker for ':' Thread 5" [_thread_blocked, id=12244, stack(0x0000000032570000,0x0000000032670000)]
  0x000000002659f000 JavaThread "Execution worker for ':' Thread 4" [_thread_blocked, id=10288, stack(0x0000000032470000,0x0000000032570000)]
  0x00000000265a3000 JavaThread "Execution worker for ':' Thread 3" [_thread_blocked, id=6308, stack(0x0000000032370000,0x0000000032470000)]
  0x0000000026597800 JavaThread "Execution worker for ':' Thread 2" [_thread_blocked, id=5032, stack(0x0000000031c70000,0x0000000031d70000)]
  0x000000002659e800 JavaThread "Execution worker for ':'" [_thread_blocked, id=14604, stack(0x000000002e680000,0x000000002e780000)]
  0x000000002659d800 JavaThread "Cache worker for file content cache (E:\AndroidProjects\ShoppingUser\.gradle\6.5\fileContent)" [_thread_blocked, id=1816, stack(0x000000002d640000,0x000000002d740000)]
  0x0000000026596000 JavaThread "pool-10-thread-1" [_thread_blocked, id=13208, stack(0x000000002d340000,0x000000002d440000)]
  0x000000002659d000 JavaThread "Cache worker for Build Output Cleanup Cache (E:\AndroidProjects\ShoppingUser\.gradle\buildOutputCleanup)" [_thread_blocked, id=9948, stack(0x000000002d240000,0x000000002d340000)]
  0x0000000026595800 JavaThread "jar transforms Thread 658" [_thread_blocked, id=11428, stack(0x000000002d140000,0x000000002d240000)]
  0x0000000026597000 JavaThread "jar transforms Thread 657" [_thread_blocked, id=8700, stack(0x000000002d040000,0x000000002d140000)]
  0x000000002659c000 JavaThread "jar transforms Thread 656" [_thread_blocked, id=2792, stack(0x000000002cf40000,0x000000002d040000)]
  0x000000002659b800 JavaThread "jar transforms Thread 655" [_thread_blocked, id=7664, stack(0x000000002ce40000,0x000000002cf40000)]
  0x0000000026594800 JavaThread "jar transforms Thread 654" [_thread_blocked, id=7008, stack(0x000000002cd40000,0x000000002ce40000)]
  0x000000002659a800 JavaThread "jar transforms Thread 653" [_thread_blocked, id=3068, stack(0x000000002cc40000,0x000000002cd40000)]
  0x000000002659a000 JavaThread "jar transforms Thread 652" [_thread_blocked, id=6340, stack(0x000000002cb40000,0x000000002cc40000)]
  0x0000000026598800 JavaThread "jar transforms Thread 651" [_thread_blocked, id=8096, stack(0x000000002ca40000,0x000000002cb40000)]
  0x0000000026599000 JavaThread "jar transforms Thread 650" [_thread_blocked, id=9544, stack(0x000000002c940000,0x000000002ca40000)]
  0x000000001d82f800 JavaThread "jar transforms Thread 649" [_thread_blocked, id=14124, stack(0x000000002c840000,0x000000002c940000)]
  0x000000001d82e800 JavaThread "jar transforms Thread 648" [_thread_blocked, id=8600, stack(0x000000002c740000,0x000000002c840000)]
  0x000000001d82a800 JavaThread "jar transforms Thread 647" [_thread_blocked, id=2728, stack(0x000000002c640000,0x000000002c740000)]
  0x000000001d829000 JavaThread "jar transforms Thread 646" [_thread_blocked, id=3036, stack(0x000000002c540000,0x000000002c640000)]
  0x000000001d82e000 JavaThread "jar transforms Thread 645" [_thread_blocked, id=12416, stack(0x000000002c440000,0x000000002c540000)]
  0x000000001d82d000 JavaThread "jar transforms Thread 644" [_thread_blocked, id=7696, stack(0x000000002c340000,0x000000002c440000)]
  0x000000001d82b800 JavaThread "jar transforms Thread 643" [_thread_blocked, id=5648, stack(0x000000002c240000,0x000000002c340000)]
  0x000000001d82a000 JavaThread "jar transforms Thread 642" [_thread_blocked, id=10060, stack(0x000000002c140000,0x000000002c240000)]
  0x0000000023199800 JavaThread "jar transforms Thread 641" [_thread_blocked, id=4124, stack(0x000000002c040000,0x000000002c140000)]
  0x0000000023199000 JavaThread "jar transforms Thread 640" [_thread_blocked, id=2980, stack(0x000000002bf40000,0x000000002c040000)]
  0x0000000023198000 JavaThread "jar transforms Thread 639" [_thread_blocked, id=7896, stack(0x000000002be40000,0x000000002bf40000)]
  0x000000002319a800 JavaThread "jar transforms Thread 638" [_thread_blocked, id=6460, stack(0x000000002bd40000,0x000000002be40000)]
  0x0000000023190800 JavaThread "jar transforms Thread 637" [_thread_blocked, id=14752, stack(0x000000002bc40000,0x000000002bd40000)]
  0x0000000023197800 JavaThread "jar transforms Thread 636" [_thread_blocked, id=15268, stack(0x000000002bb40000,0x000000002bc40000)]
  0x0000000023190000 JavaThread "jar transforms Thread 635" [_thread_blocked, id=2568, stack(0x000000002ba40000,0x000000002bb40000)]
  0x0000000023196800 JavaThread "jar transforms Thread 634" [_thread_blocked, id=11984, stack(0x000000002b940000,0x000000002ba40000)]
  0x0000000023196000 JavaThread "jar transforms Thread 633" [_thread_blocked, id=5972, stack(0x000000002b840000,0x000000002b940000)]
  0x000000002318e800 JavaThread "jar transforms Thread 632" [_thread_blocked, id=7636, stack(0x000000002b740000,0x000000002b840000)]
  0x0000000023195000 JavaThread "jar transforms Thread 631" [_thread_blocked, id=1984, stack(0x000000002b640000,0x000000002b740000)]
  0x000000002318d800 JavaThread "jar transforms Thread 630" [_thread_blocked, id=9500, stack(0x000000002b540000,0x000000002b640000)]
  0x0000000023194800 JavaThread "jar transforms Thread 629" [_thread_blocked, id=7188, stack(0x000000002b440000,0x000000002b540000)]
  0x0000000023193000 JavaThread "jar transforms Thread 628" [_thread_blocked, id=7128, stack(0x000000002b340000,0x000000002b440000)]
  0x0000000023193800 JavaThread "jar transforms Thread 627" [_thread_blocked, id=1932, stack(0x000000002b240000,0x000000002b340000)]
  0x0000000026137000 JavaThread "jar transforms Thread 626" [_thread_blocked, id=14992, stack(0x000000002b140000,0x000000002b240000)]
  0x0000000026136000 JavaThread "jar transforms Thread 625" [_thread_blocked, id=4084, stack(0x000000002b040000,0x000000002b140000)]
  0x0000000026135800 JavaThread "jar transforms Thread 624" [_thread_blocked, id=14364, stack(0x000000002af40000,0x000000002b040000)]
  0x000000002612e000 JavaThread "jar transforms Thread 623" [_thread_blocked, id=6760, stack(0x000000002ae40000,0x000000002af40000)]
  0x0000000026134800 JavaThread "jar transforms Thread 622" [_thread_blocked, id=9392, stack(0x000000002ad40000,0x000000002ae40000)]
  0x0000000026133000 JavaThread "jar transforms Thread 621" [_thread_blocked, id=11028, stack(0x000000002ac40000,0x000000002ad40000)]
  0x000000002612d000 JavaThread "jar transforms Thread 620" [_thread_blocked, id=10988, stack(0x000000002ab40000,0x000000002ac40000)]
  0x000000002612b800 JavaThread "jar transforms Thread 619" [_thread_blocked, id=9624, stack(0x000000002aa40000,0x000000002ab40000)]
  0x0000000026132800 JavaThread "jar transforms Thread 618" [_thread_blocked, id=14440, stack(0x000000002a940000,0x000000002aa40000)]
  0x0000000026131800 JavaThread "jar transforms Thread 617" [_thread_blocked, id=2300, stack(0x000000002a840000,0x000000002a940000)]
  0x0000000026131000 JavaThread "jar transforms Thread 616" [_thread_blocked, id=14768, stack(0x000000002a740000,0x000000002a840000)]
  0x000000002612f800 JavaThread "jar transforms Thread 615" [_thread_blocked, id=3804, stack(0x000000002a640000,0x000000002a740000)]
  0x000000002612b000 JavaThread "jar transforms Thread 614" [_thread_blocked, id=8940, stack(0x000000002a540000,0x000000002a640000)]
  0x000000002612e800 JavaThread "jar transforms Thread 613" [_thread_blocked, id=992, stack(0x000000002a440000,0x000000002a540000)]
  0x0000000026130000 JavaThread "jar transforms Thread 612" [_thread_blocked, id=11188, stack(0x000000002a340000,0x000000002a440000)]
  0x0000000021638800 JavaThread "jar transforms Thread 611" [_thread_blocked, id=11208, stack(0x000000002a240000,0x000000002a340000)]
  0x0000000021639000 JavaThread "jar transforms Thread 610" [_thread_blocked, id=15072, stack(0x000000002a140000,0x000000002a240000)]
  0x0000000021637800 JavaThread "jar transforms Thread 609" [_thread_blocked, id=3532, stack(0x000000002a040000,0x000000002a140000)]
  0x000000002163b800 JavaThread "jar transforms Thread 608" [_thread_blocked, id=2092, stack(0x0000000029f40000,0x000000002a040000)]
  0x000000002163a800 JavaThread "jar transforms Thread 607" [_thread_blocked, id=12200, stack(0x0000000029c40000,0x0000000029d40000)]
  0x000000002163a000 JavaThread "jar transforms Thread 606" [_thread_blocked, id=14648, stack(0x0000000029b40000,0x0000000029c40000)]
  0x0000000021637000 JavaThread "jar transforms Thread 605" [_thread_blocked, id=5868, stack(0x0000000029a40000,0x0000000029b40000)]
  0x000000002162f800 JavaThread "jar transforms Thread 604" [_thread_blocked, id=5680, stack(0x0000000029940000,0x0000000029a40000)]
  0x0000000021636000 JavaThread "jar transforms Thread 603" [_thread_blocked, id=15260, stack(0x0000000029840000,0x0000000029940000)]
  0x0000000021635800 JavaThread "jar transforms Thread 602" [_thread_blocked, id=14688, stack(0x0000000029740000,0x0000000029840000)]
  0x0000000021634800 JavaThread "jar transforms Thread 601" [_thread_blocked, id=15252, stack(0x0000000029640000,0x0000000029740000)]
  0x000000002162e800 JavaThread "jar transforms Thread 600" [_thread_blocked, id=7200, stack(0x0000000029540000,0x0000000029640000)]
  0x000000002162e000 JavaThread "jar transforms Thread 599" [_thread_blocked, id=1352, stack(0x0000000029440000,0x0000000029540000)]
  0x000000002162d000 JavaThread "jar transforms Thread 598" [_thread_blocked, id=10636, stack(0x0000000029340000,0x0000000029440000)]
  0x000000002162c800 JavaThread "jar transforms Thread 597" [_thread_blocked, id=4176, stack(0x0000000029240000,0x0000000029340000)]
  0x000000001bc0f000 JavaThread "jar transforms Thread 596" [_thread_blocked, id=11240, stack(0x0000000029140000,0x0000000029240000)]
  0x000000001bc0e000 JavaThread "jar transforms Thread 595" [_thread_blocked, id=12184, stack(0x0000000029040000,0x0000000029140000)]
  0x000000001bc0c800 JavaThread "jar transforms Thread 594" [_thread_blocked, id=8040, stack(0x0000000028f40000,0x0000000029040000)]
  0x000000001bc02800 JavaThread "jar transforms Thread 593" [_thread_blocked, id=8864, stack(0x0000000028e40000,0x0000000028f40000)]
  0x000000001bc09800 JavaThread "jar transforms Thread 592" [_thread_blocked, id=4432, stack(0x0000000028d40000,0x0000000028e40000)]
  0x000000001bc02000 JavaThread "jar transforms Thread 591" [_thread_blocked, id=2264, stack(0x0000000028c40000,0x0000000028d40000)]
  0x000000001bc09000 JavaThread "jar transforms Thread 590" [_thread_blocked, id=1004, stack(0x0000000028b40000,0x0000000028c40000)]
  0x000000001bc01000 JavaThread "jar transforms Thread 589" [_thread_blocked, id=12696, stack(0x0000000028a40000,0x0000000028b40000)]
  0x000000001bc05800 JavaThread "jar transforms Thread 588" [_thread_blocked, id=3676, stack(0x0000000028940000,0x0000000028a40000)]
  0x000000001bc05000 JavaThread "jar transforms Thread 587" [_thread_blocked, id=2896, stack(0x0000000028840000,0x0000000028940000)]
  0x000000001bc07800 JavaThread "jar transforms Thread 586" [_thread_blocked, id=1220, stack(0x0000000028740000,0x0000000028840000)]
  0x000000001bc04000 JavaThread "jar transforms Thread 585" [_thread_blocked, id=9552, stack(0x0000000028640000,0x0000000028740000)]
  0x000000001bc03800 JavaThread "jar transforms Thread 584" [_thread_blocked, id=14736, stack(0x0000000028540000,0x0000000028640000)]
  0x000000001bc08000 JavaThread "jar transforms Thread 583" [_thread_blocked, id=12760, stack(0x0000000028440000,0x0000000028540000)]
  0x000000001bc06800 JavaThread "jar transforms Thread 582" [_thread_blocked, id=1092, stack(0x00000000270f0000,0x00000000271f0000)]
  0x00000000228e9000 JavaThread "jar transforms Thread 581" [_thread_blocked, id=8504, stack(0x0000000026ff0000,0x00000000270f0000)]
  0x00000000228e3800 JavaThread "jar transforms Thread 580" [_thread_blocked, id=4360, stack(0x0000000026ef0000,0x0000000026ff0000)]
  0x00000000228e3000 JavaThread "jar transforms Thread 579" [_thread_blocked, id=10840, stack(0x0000000026df0000,0x0000000026ef0000)]
  0x00000000228e8800 JavaThread "jar transforms Thread 578" [_thread_blocked, id=8748, stack(0x0000000026cf0000,0x0000000026df0000)]
  0x00000000228e4800 JavaThread "jar transforms Thread 577" [_thread_blocked, id=7968, stack(0x0000000026bf0000,0x0000000026cf0000)]
  0x00000000228ea000 JavaThread "jar transforms Thread 576" [_thread_blocked, id=9176, stack(0x0000000026af0000,0x0000000026bf0000)]
  0x00000000228e6000 JavaThread "jar transforms Thread 575" [_thread_blocked, id=10160, stack(0x00000000269f0000,0x0000000026af0000)]
  0x00000000228e5800 JavaThread "jar transforms Thread 574" [_thread_blocked, id=9252, stack(0x0000000025310000,0x0000000025410000)]
  0x00000000228e7800 JavaThread "jar transforms Thread 573" [_thread_blocked, id=12016, stack(0x0000000024a10000,0x0000000024b10000)]
  0x00000000228e7000 JavaThread "jar transforms Thread 572" [_thread_blocked, id=12864, stack(0x0000000024910000,0x0000000024a10000)]
  0x00000000228db800 JavaThread "jar transforms Thread 571" [_thread_blocked, id=4140, stack(0x0000000024810000,0x0000000024910000)]
  0x00000000228e2000 JavaThread "jar transforms Thread 570" [_thread_blocked, id=7448, stack(0x0000000024510000,0x0000000024610000)]
  0x00000000228da800 JavaThread "jar transforms Thread 569" [_thread_blocked, id=12740, stack(0x0000000024410000,0x0000000024510000)]
  0x00000000228df000 JavaThread "jar transforms Thread 568" [_thread_blocked, id=660, stack(0x0000000024310000,0x0000000024410000)]
  0x00000000228de800 JavaThread "jar transforms Thread 567" [_thread_blocked, id=12504, stack(0x0000000024210000,0x0000000024310000)]
  0x00000000228e0800 JavaThread "jar transforms Thread 566" [_thread_blocked, id=13816, stack(0x0000000024110000,0x0000000024210000)]
  0x00000000228dd800 JavaThread "jar transforms Thread 565" [_thread_blocked, id=5224, stack(0x0000000024010000,0x0000000024110000)]
  0x00000000228e0000 JavaThread "Build operations Thread 12" [_thread_blocked, id=6392, stack(0x0000000023f10000,0x0000000024010000)]
  0x00000000228dd000 JavaThread "Build operations Thread 11" [_thread_blocked, id=11928, stack(0x0000000023e10000,0x0000000023f10000)]
  0x00000000228dc000 JavaThread "Build operations Thread 10" [_thread_blocked, id=15156, stack(0x0000000023d10000,0x0000000023e10000)]
  0x0000000022968800 JavaThread "Build operations Thread 9" [_thread_blocked, id=13240, stack(0x0000000023c10000,0x0000000023d10000)]
  0x0000000022967800 JavaThread "Build operations Thread 8" [_thread_in_Java, id=14228, stack(0x0000000023b10000,0x0000000023c10000)]
  0x0000000022961000 JavaThread "Build operations Thread 7" [_thread_blocked, id=9040, stack(0x0000000023a10000,0x0000000023b10000)]
  0x0000000022967000 JavaThread "Build operations Thread 6" [_thread_blocked, id=2420, stack(0x0000000023910000,0x0000000023a10000)]
  0x0000000022966000 JavaThread "Build operations Thread 5" [_thread_in_Java, id=2128, stack(0x0000000023810000,0x0000000023910000)]
  0x0000000022965800 JavaThread "Build operations Thread 4" [_thread_blocked, id=3700, stack(0x0000000023710000,0x0000000023810000)]
  0x0000000022964800 JavaThread "Build operations Thread 3" [_thread_blocked, id=6076, stack(0x0000000023610000,0x0000000023710000)]
  0x0000000022962800 JavaThread "Build operations Thread 2" [_thread_in_Java, id=260, stack(0x00000000222b0000,0x00000000223b0000)]
  0x0000000022964000 JavaThread "Build operations" [_thread_in_Java, id=3328, stack(0x00000000221b0000,0x00000000222b0000)]
  0x000000002295d000 JavaThread "Cache worker for cache directory md-rule (C:\Users\kh\.gradle\caches\6.5\md-rule)" [_thread_blocked, id=9892, stack(0x00000000220b0000,0x00000000221b0000)]
  0x000000002295c800 JavaThread "Cache worker for cache directory md-supplier (C:\Users\kh\.gradle\caches\6.5\md-supplier)" [_thread_blocked, id=964, stack(0x0000000021fb0000,0x00000000220b0000)]
  0x0000000022963000 JavaThread "Cache worker for checksums cache (E:\AndroidProjects\ShoppingUser\.gradle\checksums)" [_thread_blocked, id=9108, stack(0x000000001fce0000,0x000000001fde0000)]
  0x0000000022961800 JavaThread "Cache worker for file hash cache (E:\AndroidProjects\ShoppingUser\.gradle\6.5\fileHashes)" [_thread_blocked, id=14032, stack(0x000000001f6e0000,0x000000001f7e0000)]
  0x0000000022959800 JavaThread "Thread-827" [_thread_blocked, id=14616, stack(0x000000001f3e0000,0x000000001f4e0000)]
  0x0000000022960000 JavaThread "Stdin handler" [_thread_blocked, id=3020, stack(0x000000001f2e0000,0x000000001f3e0000)]
  0x000000002295f800 JavaThread "Asynchronous log dispatcher for DefaultDaemonConnection: socket connection from /127.0.0.1:64569 to /127.0.0.1:58735" [_thread_blocked, id=13612, stack(0x000000001f1e0000,0x000000001f2e0000)]
  0x000000002295e000 JavaThread "Daemon worker Thread 7" [_thread_blocked, id=7548, stack(0x000000001efe0000,0x000000001f0e0000)]
  0x000000002295a000 JavaThread "Cancel handler" [_thread_blocked, id=15092, stack(0x0000000001770000,0x0000000001870000)]
  0x000000002295b000 JavaThread "Handler for socket connection from /127.0.0.1:64569 to /127.0.0.1:58735" [_thread_in_native, id=6056, stack(0x0000000001670000,0x0000000001770000)]
  0x000000002295e800 JavaThread "Daemon Thread 7" [_thread_blocked, id=7212, stack(0x0000000001570000,0x0000000001670000)]
  0x0000000021630000 JavaThread "Memory manager" [_thread_blocked, id=4208, stack(0x000000002db40000,0x000000002dc40000)]
  0x000000001bc0b000 JavaThread "Cache worker for file content cache (C:\Users\kh\.gradle\caches\6.5\fileContent)" [_thread_blocked, id=10796, stack(0x0000000025210000,0x0000000025310000)]
  0x000000001bc0a800 JavaThread "Cache worker for execution history cache (C:\Users\kh\.gradle\caches\6.5\executionHistory)" [_thread_blocked, id=2528, stack(0x0000000024d10000,0x0000000024e10000)]
  0x000000001d828800 JavaThread "Cache worker for file hash cache (C:\Users\kh\.gradle\caches\6.5\fileHashes)" [_thread_blocked, id=2272, stack(0x000000001fbe0000,0x000000001fce0000)]
  0x000000001d82c000 JavaThread "File lock request listener" [_thread_in_native, id=9636, stack(0x000000001fae0000,0x000000001fbe0000)]
  0x000000001d798800 JavaThread "Cache worker for journal cache (C:\Users\kh\.gradle\caches\journal-1)" [_thread_blocked, id=6508, stack(0x000000001f9e0000,0x000000001fae0000)]
  0x000000001d5fb000 JavaThread "Daemon periodic checks" [_thread_blocked, id=172, stack(0x000000001ece0000,0x000000001ede0000)]
  0x000000001d59e800 JavaThread "Incoming local TCP Connector on port 64569" [_thread_in_native, id=11996, stack(0x000000001eaa0000,0x000000001eba0000)]
  0x000000001d4e5800 JavaThread "Daemon health stats" [_thread_blocked, id=1440, stack(0x000000001e460000,0x000000001e560000)]
  0x0000000019f0e800 JavaThread "Service Thread" daemon [_thread_blocked, id=11344, stack(0x000000001b8c0000,0x000000001b9c0000)]
  0x0000000019e87800 JavaThread "C1 CompilerThread3" daemon [_thread_in_native, id=12408, stack(0x000000001b7c0000,0x000000001b8c0000)]
  0x0000000019e87000 JavaThread "C2 CompilerThread2" daemon [_thread_in_native, id=2112, stack(0x000000001b6c0000,0x000000001b7c0000)]
  0x0000000019e7d800 JavaThread "C2 CompilerThread1" daemon [_thread_in_native, id=14960, stack(0x000000001b5c0000,0x000000001b6c0000)]
=>0x0000000019e77000 JavaThread "C2 CompilerThread0" daemon [_thread_in_native, id=12084, stack(0x000000001b4c0000,0x000000001b5c0000)]
  0x0000000019e72800 JavaThread "Attach Listener" daemon [_thread_blocked, id=10372, stack(0x000000001b3c0000,0x000000001b4c0000)]
  0x0000000019e71000 JavaThread "Signal Dispatcher" daemon [_thread_blocked, id=9044, stack(0x000000001b2c0000,0x000000001b3c0000)]
  0x00000000034fb000 JavaThread "Finalizer" daemon [_thread_blocked, id=3952, stack(0x000000001b0c0000,0x000000001b1c0000)]
  0x0000000019e63000 JavaThread "Reference Handler" daemon [_thread_blocked, id=12292, stack(0x000000001afc0000,0x000000001b0c0000)]
  0x00000000033fd800 JavaThread "main" [_thread_blocked, id=10944, stack(0x0000000003210000,0x0000000003310000)]

Other Threads:
  0x0000000018766000 VMThread [stack: 0x000000001aec0000,0x000000001afc0000] [id=13604]
  0x0000000019f0f800 WatcherThread [stack: 0x000000001b9c0000,0x000000001bac0000] [id=11112]

VM state:not at safepoint (normal execution)

VM Mutex/Monitor currently owned by a thread:  ([mutex/lock_event])
[0x00000000034014d0] MethodCompileQueue_lock - owner thread: 0x0000000000000000

heap address: 0x0000000080000000, size: 2048 MB, Compressed Oops mode: 32-bit
Narrow klass base: 0x0000000000000000, Narrow klass shift: 3
Compressed class space size: 1073741824 Address: 0x0000000100000000

Heap:
 PSYoungGen      total 468480K, used 390204K [0x00000000d5580000, 0x00000000fc280000, 0x0000000100000000)
  eden space 391168K, 79% used [0x00000000d5580000,0x00000000e8710818,0x00000000ed380000)
  from space 77312K, 99% used [0x00000000ed380000,0x00000000f1efea68,0x00000000f1f00000)
  to   space 90112K, 0% used [0x00000000f6a80000,0x00000000f6a80000,0x00000000fc280000)
 ParOldGen       total 386560K, used 156006K [0x0000000080000000, 0x0000000097980000, 0x00000000d5580000)
  object space 386560K, 40% used [0x0000000080000000,0x00000000898599f8,0x0000000097980000)
 Metaspace       used 103745K, capacity 110039K, committed 110208K, reserved 1144832K
  class space    used 13681K, capacity 14881K, committed 14976K, reserved 1048576K

Card table byte_map: [0x00000000128c0000,0x0000000012cd0000] byte_map_base: 0x00000000124c0000

Marking Bits: (ParMarkBitMap*) 0x000000005ef8f030
 Begin Bits: [0x0000000013980000, 0x0000000015980000)
 End Bits:   [0x0000000015980000, 0x0000000017980000)

Polling page: 0x0000000001980000

CodeCache: size=245760Kb used=57613Kb max_used=57613Kb free=188146Kb
 bounds [0x0000000003500000, 0x0000000006d90000, 0x0000000012500000]
 total_blobs=17612 nmethods=16740 adapters=783
 compilation: enabled

Compilation events (10 events):
Event: 2043.158 Thread 0x0000000019e87800 nmethod 20541 0x0000000006d7c990 code [0x0000000006d7cb40, 0x0000000006d7d068]
Event: 2043.158 Thread 0x0000000019e87800 20642       2       com.android.tools.r8.t.a.a.a.h.a0$f::l (60 bytes)
Event: 2043.158 Thread 0x0000000019e87800 nmethod 20642 0x0000000006d7d410 code [0x0000000006d7d580, 0x0000000006d7d7e8]
Event: 2043.158 Thread 0x0000000019e87800 20667       2       com.android.tools.r8.code.L0::<init> (78 bytes)
Event: 2043.158 Thread 0x0000000019e87800 nmethod 20667 0x0000000006d7d990 code [0x0000000006d7dae0, 0x0000000006d7dc50]
Event: 2043.158 Thread 0x0000000019e87800 20516       2       com.android.tools.r8.code.L0::hashCode (31 bytes)
Event: 2043.159 Thread 0x0000000019e87800 nmethod 20516 0x0000000006d7dcd0 code [0x0000000006d7de40, 0x0000000006d7e018]
Event: 2043.159 Thread 0x0000000019e87800 20700       2       com.android.tools.r8.ir.regalloc.i::<init> (71 bytes)
Event: 2043.159 Thread 0x0000000019e87800 nmethod 20700 0x0000000006d7e110 code [0x0000000006d7e260, 0x0000000006d7e3f0]
Event: 2043.159 Thread 0x0000000019e87800 20676       2       com.android.tools.r8.ir.regalloc.j::e (114 bytes)

GC Heap History (10 events):
Event: 2038.981 GC heap before
{Heap before GC invocations=25 (full 3):
 PSYoungGen      total 347648K, used 105870K [0x00000000d5580000, 0x00000000f1b80000, 0x0000000100000000)
  eden space 309760K, 21% used [0x00000000d5580000,0x00000000d97ea4e0,0x00000000e8400000)
  from space 37888K, 99% used [0x00000000e8400000,0x00000000ea8f93e8,0x00000000ea900000)
  to   space 59904K, 0% used [0x00000000ee100000,0x00000000ee100000,0x00000000f1b80000)
 ParOldGen       total 214528K, used 139808K [0x0000000080000000, 0x000000008d180000, 0x00000000d5580000)
  object space 214528K, 65% used [0x0000000080000000,0x00000000888880a8,0x000000008d180000)
 Metaspace       used 92092K, capacity 98457K, committed 98496K, reserved 1134592K
  class space    used 12174K, capacity 13401K, committed 13440K, reserved 1048576K
Event: 2039.001 GC heap after
Heap after GC invocations=25 (full 3):
 PSYoungGen      total 400896K, used 46510K [0x00000000d5580000, 0x00000000f3880000, 0x0000000100000000)
  eden space 340992K, 0% used [0x00000000d5580000,0x00000000d5580000,0x00000000ea280000)
  from space 59904K, 77% used [0x00000000ee100000,0x00000000f0e6bb50,0x00000000f1b80000)
  to   space 64000K, 0% used [0x00000000ea280000,0x00000000ea280000,0x00000000ee100000)
 ParOldGen       total 214528K, used 140032K [0x0000000080000000, 0x000000008d180000, 0x00000000d5580000)
  object space 214528K, 65% used [0x0000000080000000,0x00000000888c00a8,0x000000008d180000)
 Metaspace       used 92092K, capacity 98457K, committed 98496K, reserved 1134592K
  class space    used 12174K, capacity 13401K, committed 13440K, reserved 1048576K
}
Event: 2039.001 GC heap before
{Heap before GC invocations=26 (full 4):
 PSYoungGen      total 400896K, used 46510K [0x00000000d5580000, 0x00000000f3880000, 0x0000000100000000)
  eden space 340992K, 0% used [0x00000000d5580000,0x00000000d5580000,0x00000000ea280000)
  from space 59904K, 77% used [0x00000000ee100000,0x00000000f0e6bb50,0x00000000f1b80000)
  to   space 64000K, 0% used [0x00000000ea280000,0x00000000ea280000,0x00000000ee100000)
 ParOldGen       total 214528K, used 140032K [0x0000000080000000, 0x000000008d180000, 0x00000000d5580000)
  object space 214528K, 65% used [0x0000000080000000,0x00000000888c00a8,0x000000008d180000)
 Metaspace       used 92092K, capacity 98457K, committed 98496K, reserved 1134592K
  class space    used 12174K, capacity 13401K, committed 13440K, reserved 1048576K
Event: 2039.260 GC heap after
Heap after GC invocations=26 (full 4):
 PSYoungGen      total 400896K, used 0K [0x00000000d5580000, 0x00000000f3880000, 0x0000000100000000)
  eden space 340992K, 0% used [0x00000000d5580000,0x00000000d5580000,0x00000000ea280000)
  from space 59904K, 0% used [0x00000000ee100000,0x00000000ee100000,0x00000000f1b80000)
  to   space 64000K, 0% used [0x00000000ea280000,0x00000000ea280000,0x00000000ee100000)
 ParOldGen       total 386560K, used 134879K [0x0000000080000000, 0x0000000097980000, 0x00000000d5580000)
  object space 386560K, 34% used [0x0000000080000000,0x00000000883b7ff8,0x0000000097980000)
 Metaspace       used 91197K, capacity 96251K, committed 98496K, reserved 1134592K
  class space    used 11931K, capacity 12973K, committed 13440K, reserved 1048576K
}
Event: 2040.770 GC heap before
{Heap before GC invocations=27 (full 4):
 PSYoungGen      total 400896K, used 340992K [0x00000000d5580000, 0x00000000f3880000, 0x0000000100000000)
  eden space 340992K, 100% used [0x00000000d5580000,0x00000000ea280000,0x00000000ea280000)
  from space 59904K, 0% used [0x00000000ee100000,0x00000000ee100000,0x00000000f1b80000)
  to   space 64000K, 0% used [0x00000000ea280000,0x00000000ea280000,0x00000000ee100000)
 ParOldGen       total 386560K, used 134955K [0x0000000080000000, 0x0000000097980000, 0x00000000d5580000)
  object space 386560K, 34% used [0x0000000080000000,0x00000000883cac58,0x0000000097980000)
 Metaspace       used 95901K, capacity 101167K, committed 102784K, reserved 1138688K
  class space    used 12520K, capacity 13593K, committed 13952K, reserved 1048576K
Event: 2040.789 GC heap after
Heap after GC invocations=27 (full 4):
 PSYoungGen      total 404992K, used 23259K [0x00000000d5580000, 0x00000000f5b00000, 0x0000000100000000)
  eden space 340992K, 0% used [0x00000000d5580000,0x00000000d5580000,0x00000000ea280000)
  from space 64000K, 36% used [0x00000000ea280000,0x00000000eb936f60,0x00000000ee100000)
  to   space 61440K, 0% used [0x00000000f1f00000,0x00000000f1f00000,0x00000000f5b00000)
 ParOldGen       total 386560K, used 134963K [0x0000000080000000, 0x0000000097980000, 0x00000000d5580000)
  object space 386560K, 34% used [0x0000000080000000,0x00000000883ccc58,0x0000000097980000)
 Metaspace       used 95901K, capacity 101167K, committed 102784K, reserved 1138688K
  class space    used 12520K, capacity 13593K, committed 13952K, reserved 1048576K
}
Event: 2041.655 GC heap before
{Heap before GC invocations=28 (full 4):
 PSYoungGen      total 404992K, used 364251K [0x00000000d5580000, 0x00000000f5b00000, 0x0000000100000000)
  eden space 340992K, 100% used [0x00000000d5580000,0x00000000ea280000,0x00000000ea280000)
  from space 64000K, 36% used [0x00000000ea280000,0x00000000eb936f60,0x00000000ee100000)
  to   space 61440K, 0% used [0x00000000f1f00000,0x00000000f1f00000,0x00000000f5b00000)
 ParOldGen       total 386560K, used 134965K [0x0000000080000000, 0x0000000097980000, 0x00000000d5580000)
  object space 386560K, 34% used [0x0000000080000000,0x00000000883cd668,0x0000000097980000)
 Metaspace       used 101000K, capacity 106835K, committed 107520K, reserved 1142784K
  class space    used 13325K, capacity 14471K, committed 14592K, reserved 1048576K
Event: 2041.694 GC heap after
Heap after GC invocations=28 (full 4):
 PSYoungGen      total 452608K, used 61414K [0x00000000d5580000, 0x00000000f7f00000, 0x0000000100000000)
  eden space 391168K, 0% used [0x00000000d5580000,0x00000000d5580000,0x00000000ed380000)
  from space 61440K, 99% used [0x00000000f1f00000,0x00000000f5af98c8,0x00000000f5b00000)
  to   space 77312K, 0% used [0x00000000ed380000,0x00000000ed380000,0x00000000f1f00000)
 ParOldGen       total 386560K, used 152764K [0x0000000080000000, 0x0000000097980000, 0x00000000d5580000)
  object space 386560K, 39% used [0x0000000080000000,0x000000008952f1a8,0x0000000097980000)
 Metaspace       used 101000K, capacity 106835K, committed 107520K, reserved 1142784K
  class space    used 13325K, capacity 14471K, committed 14592K, reserved 1048576K
}
Event: 2042.470 GC heap before
{Heap before GC invocations=29 (full 4):
 PSYoungGen      total 452608K, used 452582K [0x00000000d5580000, 0x00000000f7f00000, 0x0000000100000000)
  eden space 391168K, 100% used [0x00000000d5580000,0x00000000ed380000,0x00000000ed380000)
  from space 61440K, 99% used [0x00000000f1f00000,0x00000000f5af98c8,0x00000000f5b00000)
  to   space 77312K, 0% used [0x00000000ed380000,0x00000000ed380000,0x00000000f1f00000)
 ParOldGen       total 386560K, used 152764K [0x0000000080000000, 0x0000000097980000, 0x00000000d5580000)
  object space 386560K, 39% used [0x0000000080000000,0x000000008952f1a8,0x0000000097980000)
 Metaspace       used 103382K, capacity 109687K, committed 109952K, reserved 1144832K
  class space    used 13672K, capacity 14873K, committed 14976K, reserved 1048576K
Event: 2042.507 GC heap after
Heap after GC invocations=29 (full 4):
 PSYoungGen      total 468480K, used 77306K [0x00000000d5580000, 0x00000000fc280000, 0x0000000100000000)
  eden space 391168K, 0% used [0x00000000d5580000,0x00000000d5580000,0x00000000ed380000)
  from space 77312K, 99% used [0x00000000ed380000,0x00000000f1efea68,0x00000000f1f00000)
  to   space 90112K, 0% used [0x00000000f6a80000,0x00000000f6a80000,0x00000000fc280000)
 ParOldGen       total 386560K, used 156006K [0x0000000080000000, 0x0000000097980000, 0x00000000d5580000)
  object space 386560K, 40% used [0x0000000080000000,0x00000000898599f8,0x0000000097980000)
 Metaspace       used 103382K, capacity 109687K, committed 109952K, reserved 1144832K
  class space    used 13672K, capacity 14873K, committed 14976K, reserved 1048576K
}

Deoptimization events (10 events):
Event: 2042.554 Thread 0x000000002ffbb000 Uncommon trap: reason=class_check action=maybe_recompile pc=0x0000000004957c5c method=java.io.BufferedOutputStream.write([BII)V @ 20
Event: 2042.555 Thread 0x000000002ffbb000 Uncommon trap: reason=class_check action=maybe_recompile pc=0x0000000004957c5c method=java.io.BufferedOutputStream.write([BII)V @ 20
Event: 2042.557 Thread 0x000000002ffbb000 Uncommon trap: reason=class_check action=maybe_recompile pc=0x0000000004957c5c method=java.io.BufferedOutputStream.write([BII)V @ 20
Event: 2042.568 Thread 0x000000002ffbb000 Uncommon trap: reason=array_check action=maybe_recompile pc=0x00000000069f6bb0 method=java.util.TimSort.binarySort([Ljava/lang/Object;IIILjava/util/Comparator;)V @ 215
Event: 2042.616 Thread 0x0000000022964000 Uncommon trap: reason=null_check action=make_not_entrant pc=0x00000000069e36e0 method=com.android.tools.r8.s.b.o.a(ILcom/android/tools/r8/s/b/o$c;)Z @ 23
Event: 2042.654 Thread 0x000000002ffb9800 Uncommon trap: reason=unstable_if action=reinterpret pc=0x00000000067f9ec4 method=com.google.common.base.Objects.equal(Ljava/lang/Object;Ljava/lang/Object;)Z @ 14
Event: 2042.672 Thread 0x000000002ffb9800 Uncommon trap: reason=array_check action=maybe_recompile pc=0x00000000069f6bb0 method=java.util.TimSort.binarySort([Ljava/lang/Object;IIILjava/util/Comparator;)V @ 215
Event: 2042.792 Thread 0x0000000022966000 Uncommon trap: reason=unstable_if action=reinterpret pc=0x0000000005ee7648 method=com.android.tools.r8.graph.i0.a([C)I @ 121
Event: 2043.027 Thread 0x0000000022967800 Uncommon trap: reason=unstable_if action=reinterpret pc=0x00000000052eb7d4 method=java.util.concurrent.ConcurrentHashMap.computeIfAbsent(Ljava/lang/Object;Ljava/util/function/Function;)Ljava/lang/Object; @ 456
Event: 2043.145 Thread 0x0000000022966000 Uncommon trap: reason=null_check action=make_not_entrant pc=0x0000000006c86d60 method=com.android.tools.r8.s.b.o.a(ILcom/android/tools/r8/s/b/o$c;)Z @ 23

Classes redefined (0 events):
No events

Internal exceptions (10 events):
Event: 2041.494 Thread 0x0000000022962800 Exception <a 'java/lang/NoSuchMethodError': java.lang.Object.lambda$maxBy$1(Ljava/util/Comparator;Ljava/lang/Object;Ljava/lang/Object;)Ljava/lang/Object;> (0x00000000e5e5f6f8) thrown at [C:\src\AOSP-openjdk-git\hotspot\src\share\vm\interpreter\linkResolve
Event: 2041.494 Thread 0x0000000022968800 Exception <a 'java/lang/NoSuchMethodError': java.lang.Object.lambda$maxBy$1(Ljava/util/Comparator;Ljava/lang/Object;Ljava/lang/Object;)Ljava/lang/Object;> (0x00000000e5e3b680) thrown at [C:\src\AOSP-openjdk-git\hotspot\src\share\vm\interpreter\linkResolve
Event: 2041.494 Thread 0x0000000022964000 Exception <a 'java/lang/NoSuchMethodError': java.lang.Object.lambda$maxBy$1(Ljava/util/Comparator;Ljava/lang/Object;Ljava/lang/Object;)Ljava/lang/Object;> (0x00000000e5ec5f90) thrown at [C:\src\AOSP-openjdk-git\hotspot\src\share\vm\interpreter\linkResolve
Event: 2041.546 Thread 0x0000000022967800 Exception <a 'sun/nio/fs/WindowsException'> (0x00000000e6f7cab0) thrown at [C:\src\AOSP-openjdk-git\hotspot\src\share\vm\prims\jni.cpp, line 710]
Event: 2042.119 Thread 0x000000002ffb9800 Implicit null exception at 0x00000000065f4faa to 0x00000000065f4ff9
Event: 2042.120 Thread 0x000000002ffb9800 Implicit null exception at 0x0000000005fddef0 to 0x0000000005fddf00
Event: 2042.244 Thread 0x0000000022968800 Exception <a 'sun/nio/fs/WindowsException'> (0x00000000e48d2048) thrown at [C:\src\AOSP-openjdk-git\hotspot\src\share\vm\prims\jni.cpp, line 710]
Event: 2042.325 Thread 0x0000000022966000 Exception <a 'sun/nio/fs/WindowsException'> (0x00000000e7719190) thrown at [C:\src\AOSP-openjdk-git\hotspot\src\share\vm\prims\jni.cpp, line 710]
Event: 2042.616 Thread 0x0000000022964000 Implicit null exception at 0x00000000069e2d38 to 0x00000000069e36d5
Event: 2043.145 Thread 0x0000000022966000 Implicit null exception at 0x0000000006c84a8c to 0x0000000006c86d55

Events (10 events):
Event: 2043.106 Thread 0x0000000022967800 DEOPT UNPACKING pc=0x00000000035475d0 sp=0x0000000023c0a7c0 mode 0
Event: 2043.134 Thread 0x0000000022966000 DEOPT PACKING pc=0x0000000006c12483 sp=0x000000002390a630
Event: 2043.134 Thread 0x0000000022966000 DEOPT UNPACKING pc=0x00000000035475d0 sp=0x000000002390a488 mode 0
Event: 2043.145 Thread 0x0000000022966000 Uncommon trap: trap_request=0xfffffff4 fr.pc=0x0000000006c86d60
Event: 2043.146 Thread 0x0000000022966000 DEOPT PACKING pc=0x0000000006c86d60 sp=0x0000000023909e80
Event: 2043.146 Thread 0x0000000022966000 DEOPT UNPACKING pc=0x000000000354557b sp=0x0000000023909e60 mode 2
Event: 2043.147 Thread 0x0000000022966000 DEOPT PACKING pc=0x0000000006bda01b sp=0x000000002390a680
Event: 2043.147 Thread 0x0000000022966000 DEOPT UNPACKING pc=0x00000000035475d0 sp=0x000000002390a4c0 mode 0
Event: 2043.149 Thread 0x0000000022962800 DEOPT PACKING pc=0x0000000006c2042e sp=0x00000000223aa930
Event: 2043.149 Thread 0x0000000022962800 DEOPT UNPACKING pc=0x00000000035475d0 sp=0x00000000223aa6a0 mode 0


Dynamic libraries:
0x00007ff6ccc70000 - 0x00007ff6ccca1000 	C:\Program Files\Android\Android Studio\jre\bin\java.exe
0x00007ffaa5210000 - 0x00007ffaa5405000 	C:\WINDOWS\SYSTEM32\ntdll.dll
0x00007ffaa3380000 - 0x00007ffaa343d000 	C:\WINDOWS\System32\KERNEL32.DLL
0x00007ffaa2a40000 - 0x00007ffaa2d08000 	C:\WINDOWS\System32\KERNELBASE.dll
0x00007ffaa3d90000 - 0x00007ffaa3e3c000 	C:\WINDOWS\System32\ADVAPI32.dll
0x00007ffaa40d0000 - 0x00007ffaa416e000 	C:\WINDOWS\System32\msvcrt.dll
0x00007ffaa42d0000 - 0x00007ffaa436b000 	C:\WINDOWS\System32\sechost.dll
0x00007ffaa3440000 - 0x00007ffaa356b000 	C:\WINDOWS\System32\RPCRT4.dll
0x00007ffaa5030000 - 0x00007ffaa51d0000 	C:\WINDOWS\System32\USER32.dll
0x00007ffaa2f80000 - 0x00007ffaa2fa2000 	C:\WINDOWS\System32\win32u.dll
0x00007ffaa4ed0000 - 0x00007ffaa4efa000 	C:\WINDOWS\System32\GDI32.dll
0x00007ffaa2d10000 - 0x00007ffaa2e1b000 	C:\WINDOWS\System32\gdi32full.dll
0x00007ffaa29a0000 - 0x00007ffaa2a3d000 	C:\WINDOWS\System32\msvcp_win.dll
0x00007ffaa3170000 - 0x00007ffaa3270000 	C:\WINDOWS\System32\ucrtbase.dll
0x00007ffa94020000 - 0x00007ffa942ba000 	C:\WINDOWS\WinSxS\amd64_microsoft.windows.common-controls_6595b64144ccf1df_6.0.19041.844_none_ca00b6081b84eb1d\COMCTL32.dll
0x00007ffaa4750000 - 0x00007ffaa4780000 	C:\WINDOWS\System32\IMM32.DLL
0x000000005e5e0000 - 0x000000005e6b2000 	C:\Program Files\Android\Android Studio\jre\jre\bin\msvcr100.dll
0x000000005e7c0000 - 0x000000005f00b000 	C:\Program Files\Android\Android Studio\jre\jre\bin\server\jvm.dll
0x00007ffaa42b0000 - 0x00007ffaa42b8000 	C:\WINDOWS\System32\PSAPI.DLL
0x00007ffa86c00000 - 0x00007ffa86c09000 	C:\WINDOWS\SYSTEM32\WSOCK32.dll
0x00007ffa94480000 - 0x00007ffa944a7000 	C:\WINDOWS\SYSTEM32\WINMM.dll
0x00007ffa99760000 - 0x00007ffa9976a000 	C:\WINDOWS\SYSTEM32\VERSION.dll
0x00007ffaa3d20000 - 0x00007ffaa3d8b000 	C:\WINDOWS\System32\WS2_32.dll
0x00007ffa9cb70000 - 0x00007ffa9cb7f000 	C:\Program Files\Android\Android Studio\jre\jre\bin\verify.dll
0x00007ffa98f50000 - 0x00007ffa98f79000 	C:\Program Files\Android\Android Studio\jre\jre\bin\java.dll
0x00007ffa9cb50000 - 0x00007ffa9cb66000 	C:\Program Files\Android\Android Studio\jre\jre\bin\zip.dll
0x00007ffaa4780000 - 0x00007ffaa4ec2000 	C:\WINDOWS\System32\SHELL32.dll
0x00007ffaa0a80000 - 0x00007ffaa1210000 	C:\WINDOWS\SYSTEM32\windows.storage.dll
0x00007ffaa43d0000 - 0x00007ffaa4725000 	C:\WINDOWS\System32\combase.dll
0x00007ffaa23c0000 - 0x00007ffaa23ec000 	C:\WINDOWS\SYSTEM32\Wldp.dll
0x00007ffaa3c10000 - 0x00007ffaa3cbe000 	C:\WINDOWS\System32\SHCORE.dll
0x00007ffaa3cc0000 - 0x00007ffaa3d15000 	C:\WINDOWS\System32\shlwapi.dll
0x00007ffaa2890000 - 0x00007ffaa28af000 	C:\WINDOWS\SYSTEM32\profapi.dll
0x00007ffa98f30000 - 0x00007ffa98f4a000 	C:\Program Files\Android\Android Studio\jre\jre\bin\net.dll
0x00007ffaa20c0000 - 0x00007ffaa212a000 	C:\WINDOWS\system32\mswsock.dll
0x00007ffa98050000 - 0x00007ffa98063000 	C:\Program Files\Android\Android Studio\jre\jre\bin\nio.dll
0x00007ffa930a0000 - 0x00007ffa930c7000 	C:\Users\kh\.gradle\native\f6784746aeab05261644944871eae4fe03e0ef1612fff0a4a95f87b438bc6780\windows-amd64\native-platform.dll
0x00007ffa990c0000 - 0x00007ffa990cd000 	C:\Program Files\Android\Android Studio\jre\jre\bin\management.dll
0x00007ffaa22a0000 - 0x00007ffaa22b8000 	C:\WINDOWS\SYSTEM32\CRYPTSP.dll
0x00007ffaa1a00000 - 0x00007ffaa1a34000 	C:\WINDOWS\system32\rsaenh.dll
0x00007ffaa2f50000 - 0x00007ffaa2f77000 	C:\WINDOWS\System32\bcrypt.dll
0x00007ffaa2850000 - 0x00007ffaa287e000 	C:\WINDOWS\SYSTEM32\USERENV.dll
0x00007ffaa2ed0000 - 0x00007ffaa2f50000 	C:\WINDOWS\System32\bcryptprimitives.dll
0x00007ffaa2290000 - 0x00007ffaa229c000 	C:\WINDOWS\SYSTEM32\CRYPTBASE.dll
0x00007ffaa1d50000 - 0x00007ffaa1d8b000 	C:\WINDOWS\SYSTEM32\IPHLPAPI.DLL
0x00007ffaa3e40000 - 0x00007ffaa3e48000 	C:\WINDOWS\System32\NSI.dll
0x00007ffa97fa0000 - 0x00007ffa97fb7000 	C:\WINDOWS\SYSTEM32\dhcpcsvc6.DLL
0x00007ffa987a0000 - 0x00007ffa987bd000 	C:\WINDOWS\SYSTEM32\dhcpcsvc.DLL
0x00007ffaa1df0000 - 0x00007ffaa1ebc000 	C:\WINDOWS\SYSTEM32\DNSAPI.dll
0x00007ffa9aa80000 - 0x00007ffa9aa8b000 	C:\WINDOWS\SYSTEM32\WINNSI.DLL
0x00007ffaa1690000 - 0x00007ffaa16c3000 	C:\WINDOWS\SYSTEM32\ntmarta.dll

VM Arguments:
jvm_args: -Xmx2048m -Dfile.encoding=UTF-8 -Duser.country=US -Duser.language=en -Duser.variant 
java_command: org.gradle.launcher.daemon.bootstrap.GradleDaemon 6.5
java_class_path (initial): C:\Users\kh\.gradle\wrapper\dists\gradle-6.5-bin\6nifqtx7604sqp1q6g8wikw7p\gradle-6.5\lib\gradle-launcher-6.5.jar
Launcher Type: SUN_STANDARD

Environment Variables:
PATH=C:\Program Files (x86)\Common Files\Oracle\Java\javapath;C:\ProgramData\Oracle\Java\javapath;C:\Program Files (x86)\Common Files\Intel\Shared Libraries\redist\intel64\compiler;C:\Windows\system32;C:\Windows;C:\Windows\System32\Wbem;C:\Windows\System32\WindowsPowerShell\v1.0\;C:\Windows\System32\OpenSSH\;C:\Program Files (x86)\NVIDIA Corporation\PhysX\Common;E:\AndroidProjects\Animation Projects\bin;C:\Program Files\Git\cmd;C:\WINDOWS\system32;C:\WINDOWS;C:\WINDOWS\System32\Wbem;C:\WINDOWS\System32\WindowsPowerShell\v1.0\;C:\WINDOWS\System32\OpenSSH\;C:\Users\kh\AppData\Local\Microsoft\WindowsApps;E:\Proteus\SDCC\bin;E:\Logic\win32;C:\modeltech_6.5\win32;%USERPROFILE%\AppData\Local\Microsoft\WindowsApps;
USERNAME=kh
OS=Windows_NT
PROCESSOR_IDENTIFIER=Intel64 Family 6 Model 158 Stepping 10, GenuineIntel



---------------  S Y S T E M  ---------------

OS: Windows 10.0 , 64 bit Build 19041 (10.0.19041.928)

CPU:total 12 (initial active 12) (6 cores per cpu, 2 threads per core) family 6 model 158 stepping 10, cmov, cx8, fxsr, mmx, sse, sse2, sse3, ssse3, sse4.1, sse4.2, popcnt, avx, avx2, aes, clmul, erms, 3dnowpref, lzcnt, ht, tsc, tscinvbit, bmi1, bmi2, adx

Memory: 4k page, physical 16600544k(3496464k free), swap 16600544k(4896k free)

vm_info: OpenJDK 64-Bit Server VM (25.242-b01) for windows-amd64 JRE (1.8.0_242-release-1644-b01), built by "builder" with MS VC++ 10.0 (VS2010)

time: Thu May 27 03:21:22 2021
timezone: Egypt Standard Time
elapsed time: 2043 seconds (0d 0h 34m 3s)

