#
# There is insufficient memory for the Java Runtime Environment to continue.
# Native memory allocation (malloc) failed to allocate 1219136 bytes for Chunk::new
# Possible reasons:
#   The system is out of physical RAM or swap space
#   The process is running with CompressedOops enabled, and the Java Heap may be blocking the growth of the native heap
# Possible solutions:
#   Reduce memory load on the system
#   Increase physical memory or swap space
#   Check if swap backing store is full
#   Decrease Java heap size (-Xmx/-Xms)
#   Decrease number of Java threads
#   Decrease Java thread stack sizes (-Xss)
#   Set larger code cache with -XX:ReservedCodeCacheSize=
#   JVM is running with Unscaled Compressed Oops mode in which the Java heap is
#     placed in the first 4GB address space. The Java Heap base address is the
#     maximum limit for the native heap growth. Please use -XX:HeapBaseMinAddress
#     to set the Java Heap base and to place the Java Heap above 4GB virtual address.
# This output file may be truncated or incomplete.
#
#  Out of Memory Error (allocation.cpp:389), pid=4736, tid=0x00000000000016e0
#
# JRE version: OpenJDK Runtime Environment (8.0_242-b01) (build 1.8.0_242-release-1644-b01)
# Java VM: OpenJDK 64-Bit Server VM (25.242-b01 mixed mode windows-amd64 compressed oops)
# Failed to write core dump. Minidumps are not enabled by default on client versions of Windows
#

---------------  T H R E A D  ---------------

Current thread (0x00000000190d7000):  JavaThread "C2 CompilerThread0" daemon [_thread_in_native, id=5856, stack(0x000000001a720000,0x000000001a820000)]

Stack: [0x000000001a720000,0x000000001a820000]
[error occurred during error reporting (printing stack bounds), id 0xc0000005]

Native frames: (J=compiled Java code, j=interpreted, Vv=VM code, C=native code)


Current CompileTask:
C2:1724702 24353       4       com.android.tools.r8.ir.regalloc.a::a (270 bytes)


---------------  P R O C E S S  ---------------

Java Threads: ( => current thread )
  0x0000000023c09800 JavaThread "ForkJoinPool.commonPool-worker-3" daemon [_thread_blocked, id=12220, stack(0x0000000037380000,0x0000000037480000)]
  0x0000000023c0b000 JavaThread "ForkJoinPool.commonPool-worker-10" daemon [_thread_blocked, id=8252, stack(0x0000000037280000,0x0000000037380000)]
  0x0000000023c09000 JavaThread "ForkJoinPool.commonPool-worker-1" daemon [_thread_blocked, id=13540, stack(0x0000000037180000,0x0000000037280000)]
  0x0000000023c00000 JavaThread "ForkJoinPool.commonPool-worker-8" daemon [_thread_blocked, id=1520, stack(0x0000000037080000,0x0000000037180000)]
  0x0000000023c04800 JavaThread "ForkJoinPool.commonPool-worker-15" daemon [_thread_blocked, id=9060, stack(0x0000000036f80000,0x0000000037080000)]
  0x0000000023bff000 JavaThread "ForkJoinPool.commonPool-worker-6" daemon [_thread_blocked, id=9796, stack(0x0000000036560000,0x0000000036660000)]
  0x0000000023c03800 JavaThread "ForkJoinPool.commonPool-worker-13" daemon [_thread_blocked, id=14316, stack(0x0000000036460000,0x0000000036560000)]
  0x0000000023c03000 JavaThread "ForkJoinPool.commonPool-worker-4" daemon [_thread_blocked, id=12780, stack(0x0000000035b30000,0x0000000035c30000)]
  0x0000000020cda000 JavaThread "WorkerExecutor Queue Thread 13" [_thread_in_vm, id=1564, stack(0x0000000036240000,0x0000000036340000)]
  0x0000000020cd9000 JavaThread "WorkerExecutor Queue Thread 12" [_thread_blocked, id=9704, stack(0x0000000036140000,0x0000000036240000)]
  0x0000000020cd7000 JavaThread "WorkerExecutor Queue Thread 11" [_thread_blocked, id=12740, stack(0x0000000036040000,0x0000000036140000)]
  0x0000000020ccf800 JavaThread "WorkerExecutor Queue Thread 10" [_thread_blocked, id=14240, stack(0x0000000035f40000,0x0000000036040000)]
  0x0000000020cd6000 JavaThread "WorkerExecutor Queue Thread 9" [_thread_blocked, id=10552, stack(0x0000000035e40000,0x0000000035f40000)]
  0x0000000020cce800 JavaThread "WorkerExecutor Queue Thread 8" [_thread_blocked, id=11156, stack(0x0000000035d40000,0x0000000035e40000)]
  0x0000000020cd5800 JavaThread "WorkerExecutor Queue Thread 7" [_thread_blocked, id=2964, stack(0x0000000035c40000,0x0000000035d40000)]
  0x0000000020cce000 JavaThread "ForkJoinPool.commonPool-worker-11" daemon [_thread_blocked, id=4224, stack(0x0000000035830000,0x0000000035930000)]
  0x0000000020cd1800 JavaThread "ForkJoinPool.commonPool-worker-2" daemon [_thread_blocked, id=13032, stack(0x0000000035500000,0x0000000035600000)]
  0x0000000020cd4000 JavaThread "ForkJoinPool.commonPool-worker-9" daemon [_thread_blocked, id=4144, stack(0x0000000035400000,0x0000000035500000)]
  0x0000000020cd2800 JavaThread "WorkerExecutor Queue Thread 6" [_thread_blocked, id=14472, stack(0x0000000034980000,0x0000000034a80000)]
  0x0000000020cd0000 JavaThread "Cache worker for Java compile cache (E:\AndroidProjects\ShoppingUser\.gradle\6.5\javaCompile)" [_thread_blocked, id=9344, stack(0x0000000034f00000,0x0000000035000000)]
  0x0000000020cd1000 JavaThread "Cache worker for Java compile cache (C:\Users\kh\.gradle\caches\6.5\javaCompile)" [_thread_blocked, id=6228, stack(0x0000000034e00000,0x0000000034f00000)]
  0x0000000023c00800 JavaThread "WorkerExecutor Queue Thread 5" [_thread_blocked, id=4016, stack(0x0000000034d00000,0x0000000034e00000)]
  0x0000000023c01800 JavaThread "stdout" [_thread_in_native, id=15248, stack(0x0000000034530000,0x0000000034630000)]
  0x0000000023c02000 JavaThread "stderr" [_thread_in_native, id=1364, stack(0x0000000034430000,0x0000000034530000)]
  0x0000000023c07800 JavaThread "pool-12-thread-1" [_thread_blocked, id=4792, stack(0x0000000031d10000,0x0000000031e10000)]
  0x0000000023c06800 JavaThread "WorkerExecutor Queue Thread 4" [_thread_blocked, id=7532, stack(0x0000000031ac0000,0x0000000031bc0000)]
  0x0000000023c05000 JavaThread "WorkerExecutor Queue Thread 3" [_thread_blocked, id=9128, stack(0x0000000031c10000,0x0000000031d10000)]
  0x0000000023c06000 JavaThread "WorkerExecutor Queue Thread 2" [_thread_blocked, id=13760, stack(0x0000000031750000,0x0000000031850000)]
  0x0000000026a7c000 JavaThread "WorkerExecutor Queue" [_thread_blocked, id=8632, stack(0x0000000031250000,0x0000000031350000)]
  0x0000000026a7a800 JavaThread "Cache worker for execution history cache (E:\AndroidProjects\ShoppingUser\.gradle\6.5\executionHistory)" [_thread_blocked, id=2292, stack(0x0000000031150000,0x0000000031250000)]
  0x0000000026a79000 JavaThread "Execution worker for ':' Thread 11" [_thread_blocked, id=7476, stack(0x0000000031050000,0x0000000031150000)]
  0x0000000026a7c800 JavaThread "Execution worker for ':' Thread 10" [_thread_blocked, id=4928, stack(0x0000000030f50000,0x0000000031050000)]
  0x0000000026a79800 JavaThread "Execution worker for ':' Thread 9" [_thread_blocked, id=12008, stack(0x0000000030e50000,0x0000000030f50000)]
  0x0000000026a7e000 JavaThread "Execution worker for ':' Thread 8" [_thread_blocked, id=4700, stack(0x0000000030d50000,0x0000000030e50000)]
  0x0000000026a7d800 JavaThread "Execution worker for ':' Thread 7" [_thread_blocked, id=15036, stack(0x0000000030c50000,0x0000000030d50000)]
  0x0000000026a71800 JavaThread "Execution worker for ':' Thread 6" [_thread_blocked, id=9740, stack(0x000000002eac0000,0x000000002ebc0000)]
  0x0000000026a78000 JavaThread "Execution worker for ':' Thread 5" [_thread_blocked, id=3172, stack(0x000000002e5a0000,0x000000002e6a0000)]
  0x0000000026a77800 JavaThread "Execution worker for ':' Thread 4" [_thread_blocked, id=14608, stack(0x000000002dfc0000,0x000000002e0c0000)]
  0x0000000026a76800 JavaThread "Execution worker for ':' Thread 3" [_thread_blocked, id=10052, stack(0x000000002da90000,0x000000002db90000)]
  0x0000000026a74800 JavaThread "Execution worker for ':' Thread 2" [_thread_blocked, id=15160, stack(0x000000002d890000,0x000000002d990000)]
  0x0000000026a6f000 JavaThread "Execution worker for ':'" [_thread_blocked, id=2624, stack(0x000000002ca50000,0x000000002cb50000)]
  0x0000000026a76000 JavaThread "Cache worker for file content cache (E:\AndroidProjects\ShoppingUser\.gradle\6.5\fileContent)" [_thread_blocked, id=7076, stack(0x000000002c750000,0x000000002c850000)]
  0x0000000026a75000 JavaThread "pool-10-thread-1" [_thread_blocked, id=13236, stack(0x000000002c650000,0x000000002c750000)]
  0x0000000026a72000 JavaThread "Cache worker for Build Output Cleanup Cache (E:\AndroidProjects\ShoppingUser\.gradle\buildOutputCleanup)" [_thread_blocked, id=15352, stack(0x000000002c350000,0x000000002c450000)]
  0x0000000026a73000 JavaThread "jar transforms Thread 470" [_thread_blocked, id=2112, stack(0x000000002c250000,0x000000002c350000)]
  0x0000000026a73800 JavaThread "jar transforms Thread 469" [_thread_blocked, id=2848, stack(0x000000002c150000,0x000000002c250000)]
  0x0000000026a70000 JavaThread "jar transforms Thread 468" [_thread_blocked, id=2328, stack(0x000000002c050000,0x000000002c150000)]
  0x0000000026a70800 JavaThread "jar transforms Thread 467" [_thread_blocked, id=5244, stack(0x000000002bf50000,0x000000002c050000)]
  0x000000002033f000 JavaThread "jar transforms Thread 466" [_thread_blocked, id=9004, stack(0x000000002be50000,0x000000002bf50000)]
  0x0000000020345800 JavaThread "jar transforms Thread 465" [_thread_blocked, id=12224, stack(0x000000002bd50000,0x000000002be50000)]
  0x0000000020344000 JavaThread "jar transforms Thread 464" [_thread_blocked, id=300, stack(0x000000002bc50000,0x000000002bd50000)]
  0x000000002033e000 JavaThread "jar transforms Thread 463" [_thread_blocked, id=10288, stack(0x000000002bb50000,0x000000002bc50000)]
  0x0000000020341000 JavaThread "jar transforms Thread 462" [_thread_blocked, id=6956, stack(0x000000002ba50000,0x000000002bb50000)]
  0x000000002033f800 JavaThread "jar transforms Thread 461" [_thread_blocked, id=8296, stack(0x000000002b950000,0x000000002ba50000)]
  0x0000000020343800 JavaThread "jar transforms Thread 460" [_thread_blocked, id=880, stack(0x000000002b850000,0x000000002b950000)]
  0x0000000020345000 JavaThread "jar transforms Thread 459" [_thread_blocked, id=10180, stack(0x000000002b750000,0x000000002b850000)]
  0x0000000020342800 JavaThread "jar transforms Thread 458" [_thread_blocked, id=8800, stack(0x000000002b650000,0x000000002b750000)]
  0x0000000020342000 JavaThread "jar transforms Thread 457" [_thread_blocked, id=3748, stack(0x000000002b550000,0x000000002b650000)]
  0x0000000020340800 JavaThread "jar transforms Thread 456" [_thread_blocked, id=896, stack(0x000000002b450000,0x000000002b550000)]
  0x0000000020336800 JavaThread "jar transforms Thread 455" [_thread_blocked, id=13400, stack(0x000000002b350000,0x000000002b450000)]
  0x000000002033d800 JavaThread "jar transforms Thread 454" [_thread_blocked, id=812, stack(0x000000002b250000,0x000000002b350000)]
  0x000000002033c800 JavaThread "jar transforms Thread 453" [_thread_blocked, id=3184, stack(0x000000002b150000,0x000000002b250000)]
  0x000000002033c000 JavaThread "jar transforms Thread 452" [_thread_blocked, id=1700, stack(0x000000002b050000,0x000000002b150000)]
  0x000000002033b000 JavaThread "jar transforms Thread 451" [_thread_blocked, id=5520, stack(0x000000002af50000,0x000000002b050000)]
  0x0000000020339000 JavaThread "jar transforms Thread 450" [_thread_blocked, id=3220, stack(0x000000002ae50000,0x000000002af50000)]
  0x0000000020338000 JavaThread "jar transforms Thread 449" [_thread_blocked, id=12156, stack(0x000000002ad50000,0x000000002ae50000)]
  0x000000002033a800 JavaThread "jar transforms Thread 448" [_thread_blocked, id=15012, stack(0x000000002ac50000,0x000000002ad50000)]
  0x0000000020337800 JavaThread "jar transforms Thread 447" [_thread_blocked, id=9432, stack(0x000000002ab50000,0x000000002ac50000)]
  0x0000000020339800 JavaThread "jar transforms Thread 446" [_thread_blocked, id=9168, stack(0x000000002aa50000,0x000000002ab50000)]
  0x000000001c38d800 JavaThread "jar transforms Thread 445" [_thread_blocked, id=10600, stack(0x000000002a950000,0x000000002aa50000)]
  0x000000001c394800 JavaThread "jar transforms Thread 444" [_thread_blocked, id=10816, stack(0x000000002a850000,0x000000002a950000)]
  0x000000001c393000 JavaThread "jar transforms Thread 443" [_thread_blocked, id=1980, stack(0x000000002a750000,0x000000002a850000)]
  0x000000001c391800 JavaThread "jar transforms Thread 442" [_thread_blocked, id=12196, stack(0x000000002a650000,0x000000002a750000)]
  0x000000001c393800 JavaThread "jar transforms Thread 441" [_thread_blocked, id=15124, stack(0x000000002a550000,0x000000002a650000)]
  0x000000001c392000 JavaThread "jar transforms Thread 440" [_thread_blocked, id=7372, stack(0x000000002a450000,0x000000002a550000)]
  0x000000001c38a000 JavaThread "jar transforms Thread 439" [_thread_blocked, id=11180, stack(0x000000002a350000,0x000000002a450000)]
  0x000000001c390800 JavaThread "jar transforms Thread 438" [_thread_blocked, id=9244, stack(0x000000002a250000,0x000000002a350000)]
  0x000000001c38d000 JavaThread "jar transforms Thread 437" [_thread_blocked, id=11280, stack(0x000000002a150000,0x000000002a250000)]
  0x000000001c38c000 JavaThread "jar transforms Thread 436" [_thread_blocked, id=16168, stack(0x000000002a050000,0x000000002a150000)]
  0x000000001c390000 JavaThread "jar transforms Thread 435" [_thread_blocked, id=12884, stack(0x0000000029f50000,0x000000002a050000)]
  0x000000001c38b800 JavaThread "jar transforms Thread 434" [_thread_blocked, id=14948, stack(0x0000000029e50000,0x0000000029f50000)]
  0x000000001c38f000 JavaThread "jar transforms Thread 433" [_thread_blocked, id=14324, stack(0x0000000029d50000,0x0000000029e50000)]
  0x000000001c38a800 JavaThread "jar transforms Thread 432" [_thread_blocked, id=10524, stack(0x0000000029c50000,0x0000000029d50000)]
  0x000000001c38e800 JavaThread "jar transforms Thread 431" [_thread_blocked, id=14572, stack(0x0000000029b50000,0x0000000029c50000)]
  0x000000001c385800 JavaThread "jar transforms Thread 430" [_thread_blocked, id=1112, stack(0x0000000029a50000,0x0000000029b50000)]
  0x000000001c389000 JavaThread "jar transforms Thread 429" [_thread_blocked, id=14088, stack(0x0000000029950000,0x0000000029a50000)]
  0x000000001c388800 JavaThread "jar transforms Thread 428" [_thread_blocked, id=3124, stack(0x0000000029850000,0x0000000029950000)]
  0x000000001c387800 JavaThread "jar transforms Thread 427" [_thread_blocked, id=10244, stack(0x0000000029750000,0x0000000029850000)]
  0x000000001c387000 JavaThread "jar transforms Thread 426" [_thread_blocked, id=2852, stack(0x0000000029650000,0x0000000029750000)]
  0x000000001c386000 JavaThread "jar transforms Thread 425" [_thread_blocked, id=1284, stack(0x0000000029550000,0x0000000029650000)]
  0x000000001c966000 JavaThread "jar transforms Thread 424" [_thread_blocked, id=5232, stack(0x0000000029450000,0x0000000029550000)]
  0x000000001c963000 JavaThread "jar transforms Thread 423" [_thread_blocked, id=3876, stack(0x0000000029350000,0x0000000029450000)]
  0x000000001c963800 JavaThread "jar transforms Thread 422" [_thread_blocked, id=468, stack(0x0000000029250000,0x0000000029350000)]
  0x000000001c964800 JavaThread "jar transforms Thread 421" [_thread_blocked, id=13212, stack(0x0000000029150000,0x0000000029250000)]
  0x000000001c965000 JavaThread "jar transforms Thread 420" [_thread_blocked, id=13208, stack(0x0000000029050000,0x0000000029150000)]
  0x000000001c960800 JavaThread "jar transforms Thread 419" [_thread_blocked, id=15288, stack(0x0000000028f50000,0x0000000029050000)]
  0x000000001c962000 JavaThread "jar transforms Thread 418" [_thread_blocked, id=10120, stack(0x0000000028e50000,0x0000000028f50000)]
  0x000000001c967800 JavaThread "jar transforms Thread 417" [_thread_blocked, id=11720, stack(0x0000000028d50000,0x0000000028e50000)]
  0x000000001f722800 JavaThread "jar transforms Thread 416" [_thread_blocked, id=4852, stack(0x0000000028c50000,0x0000000028d50000)]
  0x000000001f721800 JavaThread "jar transforms Thread 415" [_thread_blocked, id=6256, stack(0x0000000028b50000,0x0000000028c50000)]
  0x000000001f724800 JavaThread "jar transforms Thread 414" [_thread_blocked, id=8616, stack(0x0000000028a50000,0x0000000028b50000)]
  0x000000001f721000 JavaThread "jar transforms Thread 413" [_thread_blocked, id=12940, stack(0x0000000028950000,0x0000000028a50000)]
  0x000000001f724000 JavaThread "jar transforms Thread 412" [_thread_blocked, id=8048, stack(0x0000000028850000,0x0000000028950000)]
  0x000000001f727000 JavaThread "jar transforms Thread 411" [_thread_blocked, id=6460, stack(0x0000000028750000,0x0000000028850000)]
  0x000000001f725800 JavaThread "jar transforms Thread 410" [_thread_blocked, id=10008, stack(0x0000000028650000,0x0000000028750000)]
  0x000000001f723000 JavaThread "jar transforms Thread 409" [_thread_blocked, id=1212, stack(0x0000000028550000,0x0000000028650000)]
  0x000000001f726000 JavaThread "jar transforms Thread 408" [_thread_blocked, id=3476, stack(0x0000000028450000,0x0000000028550000)]
  0x0000000022768000 JavaThread "jar transforms Thread 407" [_thread_blocked, id=9540, stack(0x0000000028350000,0x0000000028450000)]
  0x0000000022765000 JavaThread "jar transforms Thread 406" [_thread_blocked, id=7652, stack(0x0000000028250000,0x0000000028350000)]
  0x000000002275d800 JavaThread "jar transforms Thread 405" [_thread_blocked, id=8704, stack(0x0000000028150000,0x0000000028250000)]
  0x0000000022764800 JavaThread "jar transforms Thread 404" [_thread_blocked, id=580, stack(0x0000000028050000,0x0000000028150000)]
  0x0000000022763000 JavaThread "jar transforms Thread 403" [_thread_blocked, id=6852, stack(0x0000000027f50000,0x0000000028050000)]
  0x0000000022761800 JavaThread "jar transforms Thread 402" [_thread_blocked, id=3144, stack(0x0000000027e50000,0x0000000027f50000)]
  0x0000000022762000 JavaThread "jar transforms Thread 401" [_thread_blocked, id=4680, stack(0x0000000027b50000,0x0000000027c50000)]
  0x0000000022760800 JavaThread "jar transforms Thread 400" [_thread_blocked, id=1076, stack(0x0000000027a50000,0x0000000027b50000)]
  0x000000002275d000 JavaThread "jar transforms Thread 399" [_thread_blocked, id=14440, stack(0x0000000027950000,0x0000000027a50000)]
  0x0000000022759000 JavaThread "jar transforms Thread 398" [_thread_blocked, id=5112, stack(0x0000000027850000,0x0000000027950000)]
  0x000000002275b800 JavaThread "jar transforms Thread 397" [_thread_blocked, id=6300, stack(0x0000000027750000,0x0000000027850000)]
  0x000000002275e800 JavaThread "jar transforms Thread 396" [_thread_blocked, id=10696, stack(0x0000000027650000,0x0000000027750000)]
  0x000000002275a800 JavaThread "jar transforms Thread 395" [_thread_blocked, id=6236, stack(0x0000000027550000,0x0000000027650000)]
  0x000000002275c000 JavaThread "jar transforms Thread 394" [_thread_blocked, id=14712, stack(0x0000000027180000,0x0000000027280000)]
  0x000000002275a000 JavaThread "jar transforms Thread 393" [_thread_blocked, id=3248, stack(0x0000000025e60000,0x0000000025f60000)]
  0x0000000022760000 JavaThread "jar transforms Thread 392" [_thread_blocked, id=12472, stack(0x0000000025d60000,0x0000000025e60000)]
  0x000000002275f000 JavaThread "jar transforms Thread 391" [_thread_blocked, id=14108, stack(0x0000000025c60000,0x0000000025d60000)]
  0x000000001fda7800 JavaThread "jar transforms Thread 390" [_thread_blocked, id=8512, stack(0x0000000025b60000,0x0000000025c60000)]
  0x000000001fda5000 JavaThread "jar transforms Thread 389" [_thread_blocked, id=12852, stack(0x0000000025640000,0x0000000025740000)]
  0x000000001fda2000 JavaThread "jar transforms Thread 388" [_thread_blocked, id=1000, stack(0x0000000024d40000,0x0000000024e40000)]
  0x000000001fda4800 JavaThread "jar transforms Thread 387" [_thread_blocked, id=2368, stack(0x0000000024c40000,0x0000000024d40000)]
  0x000000001fda1800 JavaThread "jar transforms Thread 386" [_thread_blocked, id=15744, stack(0x0000000024b40000,0x0000000024c40000)]
  0x000000001fda0800 JavaThread "jar transforms Thread 385" [_thread_blocked, id=9896, stack(0x0000000024840000,0x0000000024940000)]
  0x000000001fda3800 JavaThread "jar transforms Thread 384" [_thread_blocked, id=13756, stack(0x0000000024740000,0x0000000024840000)]
  0x000000001fda3000 JavaThread "jar transforms Thread 383" [_thread_blocked, id=12460, stack(0x0000000024640000,0x0000000024740000)]
  0x000000001fda6800 JavaThread "jar transforms Thread 382" [_thread_blocked, id=10928, stack(0x0000000024540000,0x0000000024640000)]
  0x000000001fda6000 JavaThread "jar transforms Thread 381" [_thread_blocked, id=7796, stack(0x0000000024440000,0x0000000024540000)]
  0x000000001fd99000 JavaThread "jar transforms Thread 380" [_thread_blocked, id=2404, stack(0x0000000024340000,0x0000000024440000)]
  0x000000001fda0000 JavaThread "jar transforms Thread 379" [_thread_blocked, id=6340, stack(0x0000000024240000,0x0000000024340000)]
  0x000000001fd9f000 JavaThread "jar transforms Thread 378" [_thread_blocked, id=12772, stack(0x0000000024140000,0x0000000024240000)]
  0x000000001fd9c000 JavaThread "jar transforms Thread 377" [_thread_blocked, id=5264, stack(0x0000000023f40000,0x0000000024040000)]
  0x000000001fd9a800 JavaThread "Build operations Thread 12" [_thread_blocked, id=288, stack(0x0000000023e40000,0x0000000023f40000)]
  0x000000001fd98000 JavaThread "Build operations Thread 11" [_thread_blocked, id=14728, stack(0x0000000022d00000,0x0000000022e00000)]
  0x000000001fd9e800 JavaThread "Build operations Thread 10" [_thread_blocked, id=9856, stack(0x0000000022c00000,0x0000000022d00000)]
  0x000000001fd9d800 JavaThread "Build operations Thread 9" [_thread_blocked, id=13484, stack(0x0000000022b00000,0x0000000022c00000)]
  0x000000001f260800 JavaThread "Build operations Thread 8" [_thread_blocked, id=12436, stack(0x0000000022a00000,0x0000000022b00000)]
  0x000000001f260000 JavaThread "Build operations Thread 7" [_thread_blocked, id=7092, stack(0x0000000022900000,0x0000000022a00000)]
  0x000000001f262000 JavaThread "Build operations Thread 6" [_thread_blocked, id=15436, stack(0x00000000217e0000,0x00000000218e0000)]
  0x000000001f263000 JavaThread "Build operations Thread 5" [_thread_blocked, id=13660, stack(0x00000000216e0000,0x00000000217e0000)]
  0x000000001f25f000 JavaThread "Build operations Thread 4" [_thread_blocked, id=13824, stack(0x00000000215e0000,0x00000000216e0000)]
  0x000000001f261800 JavaThread "Build operations Thread 3" [_thread_blocked, id=9908, stack(0x00000000214e0000,0x00000000215e0000)]
  0x000000001f257800 JavaThread "Build operations Thread 2" [_thread_blocked, id=5188, stack(0x00000000213e0000,0x00000000214e0000)]
  0x000000001f25e800 JavaThread "Build operations" [_thread_blocked, id=7964, stack(0x00000000212e0000,0x00000000213e0000)]
  0x000000001f25d800 JavaThread "Cache worker for cache directory md-rule (C:\Users\kh\.gradle\caches\6.5\md-rule)" [_thread_blocked, id=12536, stack(0x00000000211e0000,0x00000000212e0000)]
  0x000000001f25d000 JavaThread "Cache worker for cache directory md-supplier (C:\Users\kh\.gradle\caches\6.5\md-supplier)" [_thread_blocked, id=12932, stack(0x000000001e840000,0x000000001e940000)]
  0x000000001f257000 JavaThread "Cache worker for checksums cache (E:\AndroidProjects\ShoppingUser\.gradle\checksums)" [_thread_blocked, id=13644, stack(0x000000001e540000,0x000000001e640000)]
  0x000000001f25a000 JavaThread "Cache worker for file hash cache (E:\AndroidProjects\ShoppingUser\.gradle\6.5\fileHashes)" [_thread_blocked, id=7272, stack(0x000000001e440000,0x000000001e540000)]
  0x000000001f256000 JavaThread "Thread-575" [_thread_blocked, id=3308, stack(0x000000001e340000,0x000000001e440000)]
  0x000000001f255800 JavaThread "Stdin handler" [_thread_blocked, id=10584, stack(0x000000001e240000,0x000000001e340000)]
  0x000000001f25c000 JavaThread "Asynchronous log dispatcher for DefaultDaemonConnection: socket connection from /127.0.0.1:65099 to /127.0.0.1:53082" [_thread_blocked, id=5868, stack(0x000000001dc00000,0x000000001dd00000)]
  0x000000001f25b800 JavaThread "Daemon worker Thread 5" [_thread_blocked, id=14228, stack(0x000000001db00000,0x000000001dc00000)]
  0x000000001f254000 JavaThread "Cancel handler" [_thread_blocked, id=12804, stack(0x0000000000a80000,0x0000000000b80000)]
  0x000000001f25a800 JavaThread "Handler for socket connection from /127.0.0.1:65099 to /127.0.0.1:53082" [_thread_in_native, id=12564, stack(0x0000000000980000,0x0000000000a80000)]
  0x000000001f259000 JavaThread "Daemon Thread 5" [_thread_blocked, id=12756, stack(0x0000000000880000,0x0000000000980000)]
  0x000000001fd9b800 JavaThread "Memory manager" [_thread_blocked, id=7300, stack(0x000000002cf50000,0x000000002d050000)]
  0x0000000022767800 JavaThread "Cache worker for file content cache (C:\Users\kh\.gradle\caches\6.5\fileContent)" [_thread_blocked, id=15304, stack(0x0000000025540000,0x0000000025640000)]
  0x0000000022763800 JavaThread "Cache worker for execution history cache (C:\Users\kh\.gradle\caches\6.5\executionHistory)" [_thread_blocked, id=9124, stack(0x0000000025040000,0x0000000025140000)]
  0x000000001c966800 JavaThread "Cache worker for file hash cache (C:\Users\kh\.gradle\caches\6.5\fileHashes)" [_thread_blocked, id=7780, stack(0x000000001ed40000,0x000000001ee40000)]
  0x000000001c961800 JavaThread "File lock request listener" [_thread_in_native, id=7768, stack(0x000000001ec40000,0x000000001ed40000)]
  0x000000001caca800 JavaThread "Cache worker for journal cache (C:\Users\kh\.gradle\caches\journal-1)" [_thread_blocked, id=2612, stack(0x000000001eb40000,0x000000001ec40000)]
  0x000000001c83f800 JavaThread "Daemon periodic checks" [_thread_blocked, id=12948, stack(0x000000001df40000,0x000000001e040000)]
  0x000000001c7e7000 JavaThread "Incoming local TCP Connector on port 65099" [_thread_in_native, id=15244, stack(0x000000001dd00000,0x000000001de00000)]
  0x000000001c724000 JavaThread "Daemon health stats" [_thread_blocked, id=7400, stack(0x000000001d6c0000,0x000000001d7c0000)]
  0x000000001916c000 JavaThread "Service Thread" daemon [_thread_blocked, id=9836, stack(0x000000001ab20000,0x000000001ac20000)]
  0x00000000190ed000 JavaThread "C1 CompilerThread3" daemon [_thread_blocked, id=3296, stack(0x000000001aa20000,0x000000001ab20000)]
  0x00000000190ec000 JavaThread "C2 CompilerThread2" daemon [_thread_in_native, id=12384, stack(0x000000001a920000,0x000000001aa20000)]
  0x00000000190e7800 JavaThread "C2 CompilerThread1" daemon [_thread_in_native, id=16120, stack(0x000000001a820000,0x000000001a920000)]
=>0x00000000190d7000 JavaThread "C2 CompilerThread0" daemon [_thread_in_native, id=5856, stack(0x000000001a720000,0x000000001a820000)]
  0x00000000190d2000 JavaThread "Attach Listener" daemon [_thread_blocked, id=1432, stack(0x000000001a620000,0x000000001a720000)]
  0x00000000190d1000 JavaThread "Signal Dispatcher" daemon [_thread_blocked, id=4872, stack(0x000000001a520000,0x000000001a620000)]
  0x000000000276b000 JavaThread "Finalizer" daemon [_thread_blocked, id=12792, stack(0x000000001a320000,0x000000001a420000)]
  0x00000000190c3000 JavaThread "Reference Handler" daemon [_thread_blocked, id=2472, stack(0x000000001a220000,0x000000001a320000)]
  0x000000000266d800 JavaThread "main" [_thread_blocked, id=1120, stack(0x00000000024a0000,0x00000000025a0000)]

Other Threads:
  0x00000000179d6000 VMThread [stack: 0x000000001a120000,0x000000001a220000] [id=1932]
  0x000000001916c800 WatcherThread [stack: 0x000000001ac20000,0x000000001ad20000] [id=4244]

VM state:not at safepoint (normal execution)

VM Mutex/Monitor currently owned by a thread:  ([mutex/lock_event])
[0x00000000026700d0] CompiledIC_lock - owner thread: 0x0000000000000000

heap address: 0x0000000080000000, size: 2048 MB, Compressed Oops mode: 32-bit
Narrow klass base: 0x0000000000000000, Narrow klass shift: 3
Compressed class space size: 1073741824 Address: 0x0000000100000000

Heap:
 PSYoungGen      total 488448K, used 153286K [0x00000000d5580000, 0x00000000fab00000, 0x0000000100000000)
  eden space 395264K, 19% used [0x00000000d5580000,0x00000000da1f4768,0x00000000ed780000)
  from space 93184K, 80% used [0x00000000f3a80000,0x00000000f83bd470,0x00000000f9580000)
  to   space 101376K, 0% used [0x00000000ed780000,0x00000000ed780000,0x00000000f3a80000)
 ParOldGen       total 402432K, used 183094K [0x0000000080000000, 0x0000000098900000, 0x00000000d5580000)
  object space 402432K, 45% used [0x0000000080000000,0x000000008b2cd928,0x0000000098900000)
 Metaspace       used 116440K, capacity 123878K, committed 124120K, reserved 1157120K
  class space    used 15160K, capacity 16623K, committed 16640K, reserved 1048576K

Card table byte_map: [0x0000000011b30000,0x0000000011f40000] byte_map_base: 0x0000000011730000

Marking Bits: (ParMarkBitMap*) 0x00000000672ff030
 Begin Bits: [0x0000000012bf0000, 0x0000000014bf0000)
 End Bits:   [0x0000000014bf0000, 0x0000000016bf0000)

Polling page: 0x0000000000c00000

CodeCache: size=245760Kb used=65205Kb max_used=65891Kb free=180554Kb
 bounds [0x0000000002770000, 0x0000000006820000, 0x0000000011770000]
 total_blobs=21002 nmethods=20047 adapters=866
 compilation: enabled

Compilation events (10 events):
Event: 1724.571 Thread 0x00000000190ec000 nmethod 24316 0x00000000056ae410 code [0x00000000056ae560, 0x00000000056ae618]
Event: 1724.571 Thread 0x00000000190ec000 24457       4       com.android.tools.r8.s.b.X::E (314 bytes)
Event: 1724.577 Thread 0x00000000190e7800 nmethod 24417 0x000000000601e990 code [0x000000000601ec60, 0x000000000601fae0]
Event: 1724.577 Thread 0x00000000190e7800 24599       4       com.android.tools.r8.code.v1::a (4137 bytes)
Event: 1724.623 Thread 0x00000000190ec000 nmethod 24457 0x0000000004da8cd0 code [0x0000000004da8fe0, 0x0000000004daaea8]
Event: 1724.623 Thread 0x00000000190ec000 24351       4       com.android.tools.r8.ir.optimize.a0::a (425 bytes)
Event: 1724.671 Thread 0x00000000190ed000 24822       3       java.nio.DirectByteBuffer::put (269 bytes)
Event: 1724.672 Thread 0x00000000190ed000 nmethod 24822 0x0000000004a6a450 code [0x0000000004a6a680, 0x0000000004a6b6f8]
Event: 1724.687 Thread 0x00000000190ed000 24823       3       java.util.concurrent.ForkJoinPool::scan (416 bytes)
Event: 1724.688 Thread 0x00000000190ed000 nmethod 24823 0x0000000004a7d4d0 code [0x0000000004a7d6a0, 0x0000000004a7e278]

GC Heap History (10 events):
Event: 1719.593 GC heap before
{Heap before GC invocations=26 (full 4):
 PSYoungGen      total 371200K, used 341842K [0x00000000d5580000, 0x00000000f3c00000, 0x0000000100000000)
  eden space 298496K, 100% used [0x00000000d5580000,0x00000000e7900000,0x00000000e7900000)
  from space 72704K, 59% used [0x00000000e7900000,0x00000000ea354bf8,0x00000000ec000000)
  to   space 73728K, 0% used [0x00000000ef400000,0x00000000ef400000,0x00000000f3c00000)
 ParOldGen       total 402432K, used 144338K [0x0000000080000000, 0x0000000098900000, 0x00000000d5580000)
  object space 402432K, 35% used [0x0000000080000000,0x0000000088cf4a30,0x0000000098900000)
 Metaspace       used 105598K, capacity 112264K, committed 112600K, reserved 1146880K
  class space    used 13956K, capacity 15265K, committed 15360K, reserved 1048576K
Event: 1719.608 GC heap after
Heap after GC invocations=26 (full 4):
 PSYoungGen      total 422400K, used 29056K [0x00000000d5580000, 0x00000000f3700000, 0x0000000100000000)
  eden space 353792K, 0% used [0x00000000d5580000,0x00000000d5580000,0x00000000eaf00000)
  from space 68608K, 42% used [0x00000000ef400000,0x00000000f1060378,0x00000000f3700000)
  to   space 69632K, 0% used [0x00000000eaf00000,0x00000000eaf00000,0x00000000ef300000)
 ParOldGen       total 402432K, used 144346K [0x0000000080000000, 0x0000000098900000, 0x00000000d5580000)
  object space 402432K, 35% used [0x0000000080000000,0x0000000088cf6a30,0x0000000098900000)
 Metaspace       used 105598K, capacity 112264K, committed 112600K, reserved 1146880K
  class space    used 13956K, capacity 15265K, committed 15360K, reserved 1048576K
}
Event: 1720.469 GC heap before
{Heap before GC invocations=27 (full 4):
 PSYoungGen      total 422400K, used 382848K [0x00000000d5580000, 0x00000000f3700000, 0x0000000100000000)
  eden space 353792K, 100% used [0x00000000d5580000,0x00000000eaf00000,0x00000000eaf00000)
  from space 68608K, 42% used [0x00000000ef400000,0x00000000f1060378,0x00000000f3700000)
  to   space 69632K, 0% used [0x00000000eaf00000,0x00000000eaf00000,0x00000000ef300000)
 ParOldGen       total 402432K, used 144346K [0x0000000080000000, 0x0000000098900000, 0x00000000d5580000)
  object space 402432K, 35% used [0x0000000080000000,0x0000000088cf6a30,0x0000000098900000)
 Metaspace       used 106564K, capacity 113192K, committed 113368K, reserved 1146880K
  class space    used 13973K, capacity 15267K, committed 15360K, reserved 1048576K
Event: 1720.479 GC heap after
Heap after GC invocations=27 (full 4):
 PSYoungGen      total 423424K, used 20279K [0x00000000d5580000, 0x00000000f6d00000, 0x0000000100000000)
  eden space 353792K, 0% used [0x00000000d5580000,0x00000000d5580000,0x00000000eaf00000)
  from space 69632K, 29% used [0x00000000eaf00000,0x00000000ec2cdce8,0x00000000ef300000)
  to   space 67072K, 0% used [0x00000000f2b80000,0x00000000f2b80000,0x00000000f6d00000)
 ParOldGen       total 402432K, used 144354K [0x0000000080000000, 0x0000000098900000, 0x00000000d5580000)
  object space 402432K, 35% used [0x0000000080000000,0x0000000088cf8a30,0x0000000098900000)
 Metaspace       used 106564K, capacity 113192K, committed 113368K, reserved 1146880K
  class space    used 13973K, capacity 15267K, committed 15360K, reserved 1048576K
}
Event: 1721.421 GC heap before
{Heap before GC invocations=28 (full 4):
 PSYoungGen      total 423424K, used 374042K [0x00000000d5580000, 0x00000000f6d00000, 0x0000000100000000)
  eden space 353792K, 99% used [0x00000000d5580000,0x00000000eaef8df8,0x00000000eaf00000)
  from space 69632K, 29% used [0x00000000eaf00000,0x00000000ec2cdce8,0x00000000ef300000)
  to   space 67072K, 0% used [0x00000000f2b80000,0x00000000f2b80000,0x00000000f6d00000)
 ParOldGen       total 402432K, used 144354K [0x0000000080000000, 0x0000000098900000, 0x00000000d5580000)
  object space 402432K, 35% used [0x0000000080000000,0x0000000088cf8a30,0x0000000098900000)
 Metaspace       used 107530K, capacity 114370K, committed 114520K, reserved 1148928K
  class space    used 14074K, capacity 15420K, committed 15488K, reserved 1048576K
Event: 1721.470 GC heap after
Heap after GC invocations=28 (full 4):
 PSYoungGen      total 420864K, used 67064K [0x00000000d5580000, 0x00000000f6d00000, 0x0000000100000000)
  eden space 353792K, 0% used [0x00000000d5580000,0x00000000d5580000,0x00000000eaf00000)
  from space 67072K, 99% used [0x00000000f2b80000,0x00000000f6cfe380,0x00000000f6d00000)
  to   space 69632K, 0% used [0x00000000eaf00000,0x00000000eaf00000,0x00000000ef300000)
 ParOldGen       total 402432K, used 183078K [0x0000000080000000, 0x0000000098900000, 0x00000000d5580000)
  object space 402432K, 45% used [0x0000000080000000,0x000000008b2c9928,0x0000000098900000)
 Metaspace       used 107530K, capacity 114370K, committed 114520K, reserved 1148928K
  class space    used 14074K, capacity 15420K, committed 15488K, reserved 1048576K
}
Event: 1723.400 GC heap before
{Heap before GC invocations=29 (full 4):
 PSYoungGen      total 420864K, used 420856K [0x00000000d5580000, 0x00000000f6d00000, 0x0000000100000000)
  eden space 353792K, 100% used [0x00000000d5580000,0x00000000eaf00000,0x00000000eaf00000)
  from space 67072K, 99% used [0x00000000f2b80000,0x00000000f6cfe380,0x00000000f6d00000)
  to   space 69632K, 0% used [0x00000000eaf00000,0x00000000eaf00000,0x00000000ef300000)
 ParOldGen       total 402432K, used 183078K [0x0000000080000000, 0x0000000098900000, 0x00000000d5580000)
  object space 402432K, 45% used [0x0000000080000000,0x000000008b2c9928,0x0000000098900000)
 Metaspace       used 113455K, capacity 120458K, committed 120664K, reserved 1153024K
  class space    used 14778K, capacity 16195K, committed 16256K, reserved 1048576K
Event: 1723.426 GC heap after
Heap after GC invocations=29 (full 4):
 PSYoungGen      total 423424K, used 54162K [0x00000000d5580000, 0x00000000f9580000, 0x0000000100000000)
  eden space 353792K, 0% used [0x00000000d5580000,0x00000000d5580000,0x00000000eaf00000)
  from space 69632K, 77% used [0x00000000eaf00000,0x00000000ee3e4808,0x00000000ef300000)
  to   space 93184K, 0% used [0x00000000f3a80000,0x00000000f3a80000,0x00000000f9580000)
 ParOldGen       total 402432K, used 183086K [0x0000000080000000, 0x0000000098900000, 0x00000000d5580000)
  object space 402432K, 45% used [0x0000000080000000,0x000000008b2cb928,0x0000000098900000)
 Metaspace       used 113455K, capacity 120458K, committed 120664K, reserved 1153024K
  class space    used 14778K, capacity 16195K, committed 16256K, reserved 1048576K
}
Event: 1724.282 GC heap before
{Heap before GC invocations=30 (full 4):
 PSYoungGen      total 423424K, used 407954K [0x00000000d5580000, 0x00000000f9580000, 0x0000000100000000)
  eden space 353792K, 100% used [0x00000000d5580000,0x00000000eaf00000,0x00000000eaf00000)
  from space 69632K, 77% used [0x00000000eaf00000,0x00000000ee3e4808,0x00000000ef300000)
  to   space 93184K, 0% used [0x00000000f3a80000,0x00000000f3a80000,0x00000000f9580000)
 ParOldGen       total 402432K, used 183086K [0x0000000080000000, 0x0000000098900000, 0x00000000d5580000)
  object space 402432K, 45% used [0x0000000080000000,0x000000008b2cb928,0x0000000098900000)
 Metaspace       used 115515K, capacity 122882K, committed 122968K, reserved 1155072K
  class space    used 15021K, capacity 16477K, committed 16512K, reserved 1048576K
Event: 1724.324 GC heap after
Heap after GC invocations=30 (full 4):
 PSYoungGen      total 488448K, used 74997K [0x00000000d5580000, 0x00000000fab00000, 0x0000000100000000)
  eden space 395264K, 0% used [0x00000000d5580000,0x00000000d5580000,0x00000000ed780000)
  from space 93184K, 80% used [0x00000000f3a80000,0x00000000f83bd470,0x00000000f9580000)
  to   space 101376K, 0% used [0x00000000ed780000,0x00000000ed780000,0x00000000f3a80000)
 ParOldGen       total 402432K, used 183094K [0x0000000080000000, 0x0000000098900000, 0x00000000d5580000)
  object space 402432K, 45% used [0x0000000080000000,0x000000008b2cd928,0x0000000098900000)
 Metaspace       used 115515K, capacity 122882K, committed 122968K, reserved 1155072K
  class space    used 15021K, capacity 16477K, committed 16512K, reserved 1048576K
}

Deoptimization events (10 events):
Event: 1724.435 Thread 0x0000000026a6f000 Uncommon trap: reason=unstable_if action=reinterpret pc=0x0000000006713494 method=org.gradle.internal.snapshot.impl.DefaultValueSnapshotter.processValue(Ljava/lang/Object;Lorg/gradle/internal/snapshot/impl/DefaultValueSnapshotter$ValueVisitor;)Ljava/lang/
Event: 1724.475 Thread 0x0000000020cda000 Uncommon trap: reason=unstable_if action=reinterpret pc=0x00000000056af688 method=sun.nio.ch.IOUtil.readIntoNativeBuffer(Ljava/io/FileDescriptor;Ljava/nio/ByteBuffer;JLsun/nio/ch/NativeDispatcher;)I @ 66
Event: 1724.475 Thread 0x0000000020cda000 Uncommon trap: reason=unstable_if action=reinterpret pc=0x000000000568c4a8 method=sun.nio.ch.IOUtil.readIntoNativeBuffer(Ljava/io/FileDescriptor;Ljava/nio/ByteBuffer;JLsun/nio/ch/NativeDispatcher;)I @ 66
Event: 1724.515 Thread 0x0000000020cda000 Uncommon trap: reason=speculate_class_check action=maybe_recompile pc=0x00000000031de5b0 method=sun.nio.ch.IOUtil.writeFromNativeBuffer(Ljava/io/FileDescriptor;Ljava/nio/ByteBuffer;JLsun/nio/ch/NativeDispatcher;)I @ 100
Event: 1724.523 Thread 0x0000000020cda000 Uncommon trap: reason=speculate_class_check action=maybe_recompile pc=0x00000000031de5b0 method=sun.nio.ch.IOUtil.writeFromNativeBuffer(Ljava/io/FileDescriptor;Ljava/nio/ByteBuffer;JLsun/nio/ch/NativeDispatcher;)I @ 100
Event: 1724.523 Thread 0x0000000020cda000 Uncommon trap: reason=speculate_class_check action=maybe_recompile pc=0x00000000031de5b0 method=sun.nio.ch.IOUtil.writeFromNativeBuffer(Ljava/io/FileDescriptor;Ljava/nio/ByteBuffer;JLsun/nio/ch/NativeDispatcher;)I @ 100
Event: 1724.523 Thread 0x0000000020cda000 Uncommon trap: reason=speculate_class_check action=maybe_recompile pc=0x00000000031de5b0 method=sun.nio.ch.IOUtil.writeFromNativeBuffer(Ljava/io/FileDescriptor;Ljava/nio/ByteBuffer;JLsun/nio/ch/NativeDispatcher;)I @ 100
Event: 1724.684 Thread 0x0000000020cd4000 Uncommon trap: reason=unstable_if action=reinterpret pc=0x00000000067c03e8 method=java.util.concurrent.ForkJoinPool.signalWork([Ljava/util/concurrent/ForkJoinPool$WorkQueue;Ljava/util/concurrent/ForkJoinPool$WorkQueue;)V @ 16
Event: 1724.684 Thread 0x0000000020cce000 Uncommon trap: reason=unstable_if action=reinterpret pc=0x00000000067c03e8 method=java.util.concurrent.ForkJoinPool.signalWork([Ljava/util/concurrent/ForkJoinPool$WorkQueue;Ljava/util/concurrent/ForkJoinPool$WorkQueue;)V @ 16
Event: 1724.701 Thread 0x0000000020cda000 Uncommon trap: reason=unstable_if action=reinterpret pc=0x000000000560c2fc method=java.nio.Bits.getInt(Ljava/nio/ByteBuffer;IZ)I @ 1

Classes redefined (0 events):
No events

Internal exceptions (10 events):
Event: 1723.965 Thread 0x0000000026a7c000 Exception <a 'sun/nio/fs/WindowsException'> (0x00000000e012b110) thrown at [C:\src\AOSP-openjdk-git\hotspot\src\share\vm\prims\jni.cpp, line 710]
Event: 1723.966 Thread 0x0000000026a7c000 Exception <a 'sun/nio/fs/WindowsException'> (0x00000000e01767a8) thrown at [C:\src\AOSP-openjdk-git\hotspot\src\share\vm\prims\jni.cpp, line 710]
Event: 1723.967 Thread 0x0000000026a7c000 Exception <a 'sun/nio/fs/WindowsException'> (0x00000000e04c2c80) thrown at [C:\src\AOSP-openjdk-git\hotspot\src\share\vm\prims\jni.cpp, line 710]
Event: 1723.968 Thread 0x0000000026a7c000 Exception <a 'sun/nio/fs/WindowsException'> (0x00000000e050cd68) thrown at [C:\src\AOSP-openjdk-git\hotspot\src\share\vm\prims\jni.cpp, line 710]
Event: 1723.969 Thread 0x0000000026a7c000 Exception <a 'sun/nio/fs/WindowsException'> (0x00000000e0724ce0) thrown at [C:\src\AOSP-openjdk-git\hotspot\src\share\vm\prims\jni.cpp, line 710]
Event: 1723.969 Thread 0x0000000026a7c000 Exception <a 'sun/nio/fs/WindowsException'> (0x00000000e076dc58) thrown at [C:\src\AOSP-openjdk-git\hotspot\src\share\vm\prims\jni.cpp, line 710]
Event: 1723.970 Thread 0x0000000026a7c000 Exception <a 'sun/nio/fs/WindowsException'> (0x00000000e07b5070) thrown at [C:\src\AOSP-openjdk-git\hotspot\src\share\vm\prims\jni.cpp, line 710]
Event: 1724.141 Thread 0x0000000023c06000 Exception <a 'sun/nio/fs/WindowsException'> (0x00000000e6ca2618) thrown at [C:\src\AOSP-openjdk-git\hotspot\src\share\vm\prims\jni.cpp, line 710]
Event: 1724.341 Thread 0x0000000023c03000 Exception <a 'sun/nio/fs/WindowsException'> (0x00000000d651a888) thrown at [C:\src\AOSP-openjdk-git\hotspot\src\share\vm\prims\jni.cpp, line 710]
Event: 1724.505 Thread 0x0000000020cda000 Exception <a 'java/lang/NoSuchMethodError': java.lang.Object.lambda$static$0(Lcom/android/apksig/util/RunnablesProvider;)V> (0x00000000d8142098) thrown at [C:\src\AOSP-openjdk-git\hotspot\src\share\vm\interpreter\linkResolver.cpp, line 620]

Events (10 events):
Event: 1724.701 loading class com/android/apksig/internal/asn1/ber/BerEncoding done
Event: 1724.701 loading class com/android/apksig/internal/asn1/ber/BerDataValue
Event: 1724.701 loading class com/android/apksig/internal/asn1/ber/BerDataValue done
Event: 1724.701 loading class com/android/apksig/internal/asn1/Asn1Class
Event: 1724.701 loading class com/android/apksig/internal/asn1/Asn1Class done
Event: 1724.701 loading class com/android/apksig/internal/asn1/Asn1Type
Event: 1724.701 loading class com/android/apksig/internal/asn1/Asn1Type done
Event: 1724.701 Thread 0x0000000020cda000 Uncommon trap: trap_request=0xffffff65 fr.pc=0x000000000560c2fc
Event: 1724.701 Thread 0x0000000020cda000 DEOPT PACKING pc=0x000000000560c2fc sp=0x000000003633d080
Event: 1724.701 Thread 0x0000000020cda000 DEOPT UNPACKING pc=0x00000000027b557b sp=0x000000003633cfc8 mode 2


Dynamic libraries:
0x00007ff680900000 - 0x00007ff680931000 	C:\Program Files\Android\Android Studio\jre\bin\java.exe
0x00007fffba7f0000 - 0x00007fffba9e5000 	C:\WINDOWS\SYSTEM32\ntdll.dll
0x00007fffb9430000 - 0x00007fffb94ed000 	C:\WINDOWS\System32\KERNEL32.DLL
0x00007fffb8130000 - 0x00007fffb83f8000 	C:\WINDOWS\System32\KERNELBASE.dll
0x00007fffb9370000 - 0x00007fffb941c000 	C:\WINDOWS\System32\ADVAPI32.dll
0x00007fffb9560000 - 0x00007fffb95fe000 	C:\WINDOWS\System32\msvcrt.dll
0x00007fffb8b80000 - 0x00007fffb8c1b000 	C:\WINDOWS\System32\sechost.dll
0x00007fffb9850000 - 0x00007fffb997b000 	C:\WINDOWS\System32\RPCRT4.dll
0x00007fffb9ea0000 - 0x00007fffba040000 	C:\WINDOWS\System32\USER32.dll
0x00007fffb80d0000 - 0x00007fffb80f2000 	C:\WINDOWS\System32\win32u.dll
0x00007fffb9820000 - 0x00007fffb984a000 	C:\WINDOWS\System32\GDI32.dll
0x00007fffb7fc0000 - 0x00007fffb80cb000 	C:\WINDOWS\System32\gdi32full.dll
0x00007fffb8500000 - 0x00007fffb859d000 	C:\WINDOWS\System32\msvcp_win.dll
0x00007fffb8760000 - 0x00007fffb8860000 	C:\WINDOWS\System32\ucrtbase.dll
0x00007fff9df80000 - 0x00007fff9e21a000 	C:\WINDOWS\WinSxS\amd64_microsoft.windows.common-controls_6595b64144ccf1df_6.0.19041.1052_none_60b8f8fd71f5e8cb\COMCTL32.dll
0x00007fffba040000 - 0x00007fffba070000 	C:\WINDOWS\System32\IMM32.DLL
0x0000000066940000 - 0x0000000066a12000 	C:\Program Files\Android\Android Studio\jre\jre\bin\msvcr100.dll
0x0000000066b30000 - 0x000000006737b000 	C:\Program Files\Android\Android Studio\jre\jre\bin\server\jvm.dll
0x00007fffb8860000 - 0x00007fffb8868000 	C:\WINDOWS\System32\PSAPI.DLL
0x00007fff9b480000 - 0x00007fff9b489000 	C:\WINDOWS\SYSTEM32\WSOCK32.dll
0x00007fffaece0000 - 0x00007fffaecea000 	C:\WINDOWS\SYSTEM32\VERSION.dll
0x00007fffa2550000 - 0x00007fffa2577000 	C:\WINDOWS\SYSTEM32\WINMM.dll
0x00007fffb94f0000 - 0x00007fffb955b000 	C:\WINDOWS\System32\WS2_32.dll
0x00007fffae950000 - 0x00007fffae95f000 	C:\Program Files\Android\Android Studio\jre\jre\bin\verify.dll
0x00007fff779d0000 - 0x00007fff779f9000 	C:\Program Files\Android\Android Studio\jre\jre\bin\java.dll
0x00007fff89950000 - 0x00007fff89966000 	C:\Program Files\Android\Android Studio\jre\jre\bin\zip.dll
0x00007fffba070000 - 0x00007fffba7af000 	C:\WINDOWS\System32\SHELL32.dll
0x00007fffb5cd0000 - 0x00007fffb6460000 	C:\WINDOWS\SYSTEM32\windows.storage.dll
0x00007fffb8dd0000 - 0x00007fffb9125000 	C:\WINDOWS\System32\combase.dll
0x00007fffb79a0000 - 0x00007fffb79cc000 	C:\WINDOWS\SYSTEM32\Wldp.dll
0x00007fffb8a70000 - 0x00007fffb8b1e000 	C:\WINDOWS\System32\SHCORE.dll
0x00007fffb9130000 - 0x00007fffb9185000 	C:\WINDOWS\System32\shlwapi.dll
0x00007fffb7e70000 - 0x00007fffb7e8f000 	C:\WINDOWS\SYSTEM32\profapi.dll
0x00007fff779b0000 - 0x00007fff779ca000 	C:\Program Files\Android\Android Studio\jre\jre\bin\net.dll
0x00007fffb7710000 - 0x00007fffb777a000 	C:\WINDOWS\system32\mswsock.dll
0x00007fff77990000 - 0x00007fff779a3000 	C:\Program Files\Android\Android Studio\jre\jre\bin\nio.dll
0x00007fff8ba40000 - 0x00007fff8ba67000 	C:\Users\kh\.gradle\native\f6784746aeab05261644944871eae4fe03e0ef1612fff0a4a95f87b438bc6780\windows-amd64\native-platform.dll
0x00007fff984e0000 - 0x00007fff984ed000 	C:\Program Files\Android\Android Studio\jre\jre\bin\management.dll
0x00007fffb78f0000 - 0x00007fffb7908000 	C:\WINDOWS\SYSTEM32\CRYPTSP.dll
0x00007fffb7040000 - 0x00007fffb7074000 	C:\WINDOWS\system32\rsaenh.dll
0x00007fffb8100000 - 0x00007fffb8127000 	C:\WINDOWS\System32\bcrypt.dll
0x00007fffb7df0000 - 0x00007fffb7e1e000 	C:\WINDOWS\SYSTEM32\USERENV.dll
0x00007fffb7f30000 - 0x00007fffb7fb3000 	C:\WINDOWS\System32\bcryptprimitives.dll
0x00007fffb78e0000 - 0x00007fffb78ec000 	C:\WINDOWS\SYSTEM32\CRYPTBASE.dll
0x00007fffb73b0000 - 0x00007fffb73eb000 	C:\WINDOWS\SYSTEM32\IPHLPAPI.DLL
0x00007fffb92d0000 - 0x00007fffb92d8000 	C:\WINDOWS\System32\NSI.dll
0x00007fffac970000 - 0x00007fffac987000 	C:\WINDOWS\SYSTEM32\dhcpcsvc6.DLL
0x00007fffadd00000 - 0x00007fffadd1d000 	C:\WINDOWS\SYSTEM32\dhcpcsvc.DLL
0x00007fffb73f0000 - 0x00007fffb74bc000 	C:\WINDOWS\SYSTEM32\DNSAPI.dll
0x00007fffb01b0000 - 0x00007fffb01bb000 	C:\WINDOWS\SYSTEM32\WINNSI.DLL
0x00007fff5c430000 - 0x00007fff5c454000 	C:\Program Files\Android\Android Studio\jre\jre\bin\sunec.dll
0x00007fffadf70000 - 0x00007fffadf7a000 	C:\Windows\System32\rasadhlp.dll
0x00007fffac790000 - 0x00007fffac80f000 	C:\WINDOWS\System32\fwpuclnt.dll
0x00007fff8b4c0000 - 0x00007fff8b4cb000 	C:\Program Files\Android\Android Studio\jre\jre\bin\sunmscapi.dll
0x00007fffb85a0000 - 0x00007fffb86ff000 	C:\WINDOWS\System32\CRYPT32.dll
0x00007fffb6c70000 - 0x00007fffb6ca3000 	C:\WINDOWS\SYSTEM32\ntmarta.dll

VM Arguments:
jvm_args: -Xmx2048m -Dfile.encoding=UTF-8 -Duser.country=US -Duser.language=en -Duser.variant 
java_command: org.gradle.launcher.daemon.bootstrap.GradleDaemon 6.5
java_class_path (initial): C:\Users\kh\.gradle\wrapper\dists\gradle-6.5-bin\6nifqtx7604sqp1q6g8wikw7p\gradle-6.5\lib\gradle-launcher-6.5.jar
Launcher Type: SUN_STANDARD

Environment Variables:
PATH=C:\Program Files (x86)\Common Files\Oracle\Java\javapath;C:\ProgramData\Oracle\Java\javapath;C:\Program Files (x86)\Common Files\Intel\Shared Libraries\redist\intel64\compiler;C:\Windows\system32;C:\Windows;C:\Windows\System32\Wbem;C:\Windows\System32\WindowsPowerShell\v1.0\;C:\Windows\System32\OpenSSH\;C:\Program Files (x86)\NVIDIA Corporation\PhysX\Common;E:\AndroidProjects\Animation Projects\bin;C:\Program Files\Git\cmd;C:\WINDOWS\system32;C:\WINDOWS;C:\WINDOWS\System32\Wbem;C:\WINDOWS\System32\WindowsPowerShell\v1.0\;C:\WINDOWS\System32\OpenSSH\;C:\Users\kh\AppData\Local\Microsoft\WindowsApps;E:\Proteus\SDCC\bin;E:\Logic\win32;C:\modeltech_6.5\win32;%USERPROFILE%\AppData\Local\Microsoft\WindowsApps;
USERNAME=kh
OS=Windows_NT
PROCESSOR_IDENTIFIER=Intel64 Family 6 Model 158 Stepping 10, GenuineIntel



---------------  S Y S T E M  ---------------

OS: Windows 10.0 , 64 bit Build 19041 (10.0.19041.1023)

CPU:total 12 (initial active 12) (6 cores per cpu, 2 threads per core) family 6 model 158 stepping 10, cmov, cx8, fxsr, mmx, sse, sse2, sse3, ssse3, sse4.1, sse4.2, popcnt, avx, avx2, aes, clmul, erms, 3dnowpref, lzcnt, ht, tsc, tscinvbit, bmi1, bmi2, adx

Memory: 4k page, physical 16600544k(2995204k free), swap 16600544k(5400k free)

vm_info: OpenJDK 64-Bit Server VM (25.242-b01) for windows-amd64 JRE (1.8.0_242-release-1644-b01), built by "builder" with MS VC++ 10.0 (VS2010)

time: Sun Jul 04 20:32:30 2021
timezone: Egypt Standard Time
elapsed time: 1724 seconds (0d 0h 28m 44s)

