#
# There is insufficient memory for the Java Runtime Environment to continue.
# Native memory allocation (malloc) failed to allocate 190416 bytes for Chunk::new
# Possible reasons:
#   The system is out of physical RAM or swap space
#   The process is running with CompressedOops enabled, and the Java Heap may be blocking the growth of the native heap
# Possible solutions:
#   Reduce memory load on the system
#   Increase physical memory or swap space
#   Check if swap backing store is full
#   Decrease Java heap size (-Xmx/-Xms)
#   Decrease number of Java threads
#   Decrease Java thread stack sizes (-Xss)
#   Set larger code cache with -XX:ReservedCodeCacheSize=
#   JVM is running with Unscaled Compressed Oops mode in which the Java heap is
#     placed in the first 4GB address space. The Java Heap base address is the
#     maximum limit for the native heap growth. Please use -XX:HeapBaseMinAddress
#     to set the Java Heap base and to place the Java Heap above 4GB virtual address.
# This output file may be truncated or incomplete.
#
#  Out of Memory Error (allocation.cpp:389), pid=6116, tid=0x0000000000000dac
#
# JRE version: OpenJDK Runtime Environment (8.0_242-b01) (build 1.8.0_242-release-1644-b01)
# Java VM: OpenJDK 64-Bit Server VM (25.242-b01 mixed mode windows-amd64 compressed oops)
# Failed to write core dump. Minidumps are not enabled by default on client versions of Windows
#

---------------  T H R E A D  ---------------

Current thread (0x00000000193cf000):  JavaThread "C2 CompilerThread2" daemon [_thread_in_native, id=3500, stack(0x000000001ac10000,0x000000001ad10000)]

Stack: [0x000000001ac10000,0x000000001ad10000]
[error occurred during error reporting (printing stack bounds), id 0xc0000005]

Native frames: (J=compiled Java code, j=interpreted, Vv=VM code, C=native code)


Current CompileTask:
C2: 862824 17872   !   4       org.gradle.internal.Try::ofFailable (16 bytes)


---------------  P R O C E S S  ---------------

Java Threads: ( => current thread )
  0x0000000020a90800 JavaThread "Cache worker for execution history cache (E:\AndroidProjects\ShoppingUser\.gradle\6.5\executionHistory)" [_thread_blocked, id=3872, stack(0x0000000031610000,0x0000000031710000)]
  0x0000000020a83800 JavaThread "Execution worker for ':' Thread 11" [_thread_blocked, id=6312, stack(0x0000000031510000,0x0000000031610000)]
  0x0000000020a89000 JavaThread "Execution worker for ':' Thread 10" [_thread_blocked, id=12012, stack(0x0000000031410000,0x0000000031510000)]
  0x0000000020a8a000 JavaThread "Execution worker for ':' Thread 9" [_thread_blocked, id=14080, stack(0x0000000031310000,0x0000000031410000)]
  0x0000000020a85000 JavaThread "Execution worker for ':' Thread 8" [_thread_blocked, id=11444, stack(0x0000000031210000,0x0000000031310000)]
  0x0000000020a88000 JavaThread "Execution worker for ':' Thread 7" [_thread_blocked, id=6136, stack(0x0000000031110000,0x0000000031210000)]
  0x0000000020a83000 JavaThread "Execution worker for ':' Thread 6" [_thread_blocked, id=8840, stack(0x0000000030330000,0x0000000030430000)]
  0x0000000020a87800 JavaThread "Execution worker for ':' Thread 5" [_thread_blocked, id=11660, stack(0x0000000030230000,0x0000000030330000)]
  0x0000000020a86800 JavaThread "Execution worker for ':' Thread 4" [_thread_blocked, id=9544, stack(0x000000002ff10000,0x0000000030010000)]
  0x0000000020a82000 JavaThread "Execution worker for ':' Thread 3" [_thread_blocked, id=1076, stack(0x000000002f580000,0x000000002f680000)]
  0x0000000020a84800 JavaThread "Execution worker for ':' Thread 2" [_thread_blocked, id=13000, stack(0x000000002e930000,0x000000002ea30000)]
  0x0000000020a86000 JavaThread "Execution worker for ':'" [_thread_blocked, id=14248, stack(0x000000002e630000,0x000000002e730000)]
  0x000000001c02e000 JavaThread "Cache worker for file content cache (E:\AndroidProjects\ShoppingUser\.gradle\6.5\fileContent)" [_thread_blocked, id=12456, stack(0x000000002e530000,0x000000002e630000)]
  0x000000001c02d800 JavaThread "pool-6-thread-1" [_thread_blocked, id=13776, stack(0x000000002e430000,0x000000002e530000)]
  0x000000001c02f800 JavaThread "Cache worker for Build Output Cleanup Cache (E:\AndroidProjects\ShoppingUser\.gradle\buildOutputCleanup)" [_thread_blocked, id=8816, stack(0x000000002e330000,0x000000002e430000)]
  0x000000001c034000 JavaThread "jar transforms Thread 363" [_thread_blocked, id=8336, stack(0x000000002e230000,0x000000002e330000)]
  0x000000001c02c800 JavaThread "jar transforms Thread 362" [_thread_blocked, id=4036, stack(0x000000002e130000,0x000000002e230000)]
  0x000000001c031000 JavaThread "jar transforms Thread 361" [_thread_blocked, id=9464, stack(0x000000002e030000,0x000000002e130000)]
  0x000000001c032800 JavaThread "jar transforms Thread 360" [_thread_blocked, id=9976, stack(0x000000002df30000,0x000000002e030000)]
  0x000000001c030800 JavaThread "jar transforms Thread 359" [_thread_blocked, id=3200, stack(0x000000002de30000,0x000000002df30000)]
  0x000000001c02f000 JavaThread "jar transforms Thread 358" [_thread_blocked, id=1108, stack(0x000000002dd30000,0x000000002de30000)]
  0x000000001c032000 JavaThread "jar transforms Thread 357" [_thread_blocked, id=1264, stack(0x000000002dc30000,0x000000002dd30000)]
  0x000000001c033800 JavaThread "jar transforms Thread 356" [_thread_blocked, id=3768, stack(0x000000002db30000,0x000000002dc30000)]
  0x000000001c025000 JavaThread "jar transforms Thread 355" [_thread_blocked, id=6272, stack(0x000000002da30000,0x000000002db30000)]
  0x000000001c026800 JavaThread "jar transforms Thread 354" [_thread_blocked, id=1068, stack(0x000000002d930000,0x000000002da30000)]
  0x000000001c02c000 JavaThread "jar transforms Thread 353" [_thread_blocked, id=5320, stack(0x000000002d830000,0x000000002d930000)]
  0x000000001c029800 JavaThread "jar transforms Thread 352" [_thread_blocked, id=9952, stack(0x000000002d730000,0x000000002d830000)]
  0x000000001c02b000 JavaThread "jar transforms Thread 351" [_thread_blocked, id=8848, stack(0x000000002d630000,0x000000002d730000)]
  0x000000001c02a800 JavaThread "jar transforms Thread 350" [_thread_blocked, id=12844, stack(0x000000002d530000,0x000000002d630000)]
  0x000000001c029000 JavaThread "jar transforms Thread 349" [_thread_blocked, id=10512, stack(0x000000002d430000,0x000000002d530000)]
  0x000000001c027800 JavaThread "jar transforms Thread 348" [_thread_blocked, id=13632, stack(0x000000002d330000,0x000000002d430000)]
  0x000000001c026000 JavaThread "jar transforms Thread 347" [_thread_blocked, id=9516, stack(0x000000002d230000,0x000000002d330000)]
  0x000000001c028000 JavaThread "jar transforms Thread 346" [_thread_blocked, id=14468, stack(0x000000002d130000,0x000000002d230000)]
  0x00000000218a3800 JavaThread "jar transforms Thread 345" [_thread_blocked, id=7588, stack(0x000000002d030000,0x000000002d130000)]
  0x00000000218a8000 JavaThread "jar transforms Thread 344" [_thread_blocked, id=1544, stack(0x000000002cf30000,0x000000002d030000)]
  0x00000000218a7000 JavaThread "jar transforms Thread 343" [_thread_blocked, id=12240, stack(0x000000002cd30000,0x000000002ce30000)]
  0x00000000218a6800 JavaThread "jar transforms Thread 342" [_thread_blocked, id=8952, stack(0x000000002cc30000,0x000000002cd30000)]
  0x00000000218a5800 JavaThread "jar transforms Thread 341" [_thread_blocked, id=300, stack(0x000000002cb30000,0x000000002cc30000)]
  0x00000000218a8800 JavaThread "jar transforms Thread 340" [_thread_blocked, id=6508, stack(0x000000002ca30000,0x000000002cb30000)]
  0x00000000218a4000 JavaThread "jar transforms Thread 339" [_thread_blocked, id=6140, stack(0x000000002c930000,0x000000002ca30000)]
  0x00000000218a5000 JavaThread "jar transforms Thread 338" [_thread_blocked, id=5024, stack(0x000000002c830000,0x000000002c930000)]
  0x000000002189e000 JavaThread "jar transforms Thread 337" [_thread_blocked, id=492, stack(0x000000002c730000,0x000000002c830000)]
  0x000000002189c000 JavaThread "jar transforms Thread 336" [_thread_blocked, id=6452, stack(0x000000002c630000,0x000000002c730000)]
  0x000000002189d800 JavaThread "jar transforms Thread 335" [_thread_blocked, id=8684, stack(0x000000002c530000,0x000000002c630000)]
  0x000000002189c800 JavaThread "jar transforms Thread 334" [_thread_blocked, id=13304, stack(0x000000002c430000,0x000000002c530000)]
  0x00000000218a2800 JavaThread "jar transforms Thread 333" [_thread_blocked, id=12264, stack(0x000000002c330000,0x000000002c430000)]
  0x000000002189b000 JavaThread "jar transforms Thread 332" [_thread_blocked, id=10660, stack(0x000000002c230000,0x000000002c330000)]
  0x00000000218a2000 JavaThread "jar transforms Thread 331" [_thread_blocked, id=5376, stack(0x000000002c130000,0x000000002c230000)]
  0x00000000218a1000 JavaThread "jar transforms Thread 330" [_thread_blocked, id=8168, stack(0x000000002c030000,0x000000002c130000)]
  0x000000002189a800 JavaThread "jar transforms Thread 329" [_thread_blocked, id=6228, stack(0x000000002bf30000,0x000000002c030000)]
  0x00000000218a0800 JavaThread "jar transforms Thread 328" [_thread_blocked, id=8420, stack(0x000000002be30000,0x000000002bf30000)]
  0x000000002189f800 JavaThread "jar transforms Thread 327" [_thread_blocked, id=6400, stack(0x000000002bd30000,0x000000002be30000)]
  0x0000000021899800 JavaThread "jar transforms Thread 326" [_thread_blocked, id=1968, stack(0x000000002bc30000,0x000000002bd30000)]
  0x000000002189f000 JavaThread "jar transforms Thread 325" [_thread_blocked, id=6852, stack(0x000000002bb30000,0x000000002bc30000)]
  0x000000001c657000 JavaThread "jar transforms Thread 324" [_thread_blocked, id=14204, stack(0x000000002ba30000,0x000000002bb30000)]
  0x000000001c654000 JavaThread "jar transforms Thread 323" [_thread_blocked, id=7208, stack(0x000000002b930000,0x000000002ba30000)]
  0x000000001c656800 JavaThread "jar transforms Thread 322" [_thread_blocked, id=6940, stack(0x000000002b830000,0x000000002b930000)]
  0x000000001c655000 JavaThread "jar transforms Thread 321" [_thread_blocked, id=14036, stack(0x000000002b730000,0x000000002b830000)]
  0x000000001c655800 JavaThread "jar transforms Thread 320" [_thread_blocked, id=1292, stack(0x000000002b630000,0x000000002b730000)]
  0x000000001c653800 JavaThread "jar transforms Thread 319" [_thread_blocked, id=8012, stack(0x000000002b530000,0x000000002b630000)]
  0x000000001c658000 JavaThread "jar transforms Thread 318" [_thread_blocked, id=14676, stack(0x000000002b430000,0x000000002b530000)]
  0x000000001c652800 JavaThread "jar transforms Thread 317" [_thread_blocked, id=3496, stack(0x000000002b330000,0x000000002b430000)]
  0x000000001c64b000 JavaThread "jar transforms Thread 316" [_thread_blocked, id=13208, stack(0x000000002b230000,0x000000002b330000)]
  0x000000001c64c000 JavaThread "jar transforms Thread 315" [_thread_blocked, id=13324, stack(0x000000002b130000,0x000000002b230000)]
  0x000000001c652000 JavaThread "jar transforms Thread 314" [_thread_blocked, id=7876, stack(0x000000002b030000,0x000000002b130000)]
  0x000000001c651000 JavaThread "jar transforms Thread 313" [_thread_blocked, id=3188, stack(0x000000002af30000,0x000000002b030000)]
  0x000000001c64f000 JavaThread "jar transforms Thread 312" [_thread_blocked, id=9816, stack(0x000000002ae30000,0x000000002af30000)]
  0x000000001c649800 JavaThread "jar transforms Thread 311" [_thread_blocked, id=14116, stack(0x000000002ad30000,0x000000002ae30000)]
  0x000000001c650800 JavaThread "jar transforms Thread 310" [_thread_blocked, id=6424, stack(0x000000002ac30000,0x000000002ad30000)]
  0x000000001c64e000 JavaThread "jar transforms Thread 309" [_thread_blocked, id=14692, stack(0x000000002ab30000,0x000000002ac30000)]
  0x000000001c64d800 JavaThread "jar transforms Thread 308" [_thread_blocked, id=12896, stack(0x000000002aa30000,0x000000002ab30000)]
  0x000000001c64a800 JavaThread "jar transforms Thread 307" [_thread_blocked, id=11584, stack(0x000000002a930000,0x000000002aa30000)]
  0x000000001c64c800 JavaThread "jar transforms Thread 306" [_thread_blocked, id=12888, stack(0x000000002a830000,0x000000002a930000)]
  0x000000001c64f800 JavaThread "jar transforms Thread 305" [_thread_blocked, id=3760, stack(0x000000002a730000,0x000000002a830000)]
  0x000000001c649000 JavaThread "jar transforms Thread 304" [_thread_blocked, id=10720, stack(0x000000002a630000,0x000000002a730000)]
  0x00000000193d3000 JavaThread "jar transforms Thread 303" [_thread_blocked, id=5584, stack(0x000000002a530000,0x000000002a630000)]
  0x00000000193d0800 JavaThread "jar transforms Thread 302" [_thread_blocked, id=8416, stack(0x000000002a430000,0x000000002a530000)]
  0x00000000193d1000 JavaThread "jar transforms Thread 301" [_thread_blocked, id=4016, stack(0x000000002a330000,0x000000002a430000)]
  0x00000000193cf800 JavaThread "jar transforms Thread 300" [_thread_blocked, id=7832, stack(0x000000002a230000,0x000000002a330000)]
  0x00000000193ce000 JavaThread "jar transforms Thread 299" [_thread_blocked, id=288, stack(0x000000002a130000,0x000000002a230000)]
  0x000000001d4d2000 JavaThread "jar transforms Thread 298" [_thread_blocked, id=3648, stack(0x000000002a030000,0x000000002a130000)]
  0x000000001d4d1800 JavaThread "jar transforms Thread 297" [_thread_blocked, id=7512, stack(0x0000000029f30000,0x000000002a030000)]
  0x000000001d4d0800 JavaThread "jar transforms Thread 296" [_thread_blocked, id=14136, stack(0x0000000029e30000,0x0000000029f30000)]
  0x000000001d4ce800 JavaThread "jar transforms Thread 295" [_thread_blocked, id=6644, stack(0x0000000029d30000,0x0000000029e30000)]
  0x000000001d4d3000 JavaThread "jar transforms Thread 294" [_thread_blocked, id=2144, stack(0x0000000029c30000,0x0000000029d30000)]
  0x000000001d4d0000 JavaThread "jar transforms Thread 293" [_thread_blocked, id=6964, stack(0x0000000029b30000,0x0000000029c30000)]
  0x000000001d4c6800 JavaThread "jar transforms Thread 292" [_thread_blocked, id=9680, stack(0x0000000029a30000,0x0000000029b30000)]
  0x000000001d4cd800 JavaThread "jar transforms Thread 291" [_thread_blocked, id=10648, stack(0x0000000029930000,0x0000000029a30000)]
  0x000000001d4cd000 JavaThread "jar transforms Thread 290" [_thread_blocked, id=13156, stack(0x0000000029830000,0x0000000029930000)]
  0x000000001d4cc000 JavaThread "jar transforms Thread 289" [_thread_blocked, id=7448, stack(0x0000000029730000,0x0000000029830000)]
  0x000000001d4cb000 JavaThread "jar transforms Thread 288" [_thread_blocked, id=14788, stack(0x0000000029630000,0x0000000029730000)]
  0x000000001d4c3800 JavaThread "jar transforms Thread 287" [_thread_blocked, id=3236, stack(0x0000000029530000,0x0000000029630000)]
  0x000000001d4c9800 JavaThread "jar transforms Thread 286" [_thread_blocked, id=8912, stack(0x0000000029430000,0x0000000029530000)]
  0x000000001d4c4800 JavaThread "jar transforms Thread 285" [_thread_blocked, id=15136, stack(0x0000000029330000,0x0000000029430000)]
  0x0000000026474000 JavaThread "jar transforms Thread 284" [_thread_blocked, id=12276, stack(0x0000000029230000,0x0000000029330000)]
  0x000000002646f800 JavaThread "jar transforms Thread 283" [_thread_blocked, id=984, stack(0x0000000029130000,0x0000000029230000)]
  0x0000000026473800 JavaThread "jar transforms Thread 282" [_thread_blocked, id=7968, stack(0x0000000029030000,0x0000000029130000)]
  0x0000000026476800 JavaThread "jar transforms Thread 281" [_thread_blocked, id=1620, stack(0x0000000028f30000,0x0000000029030000)]
  0x0000000026472000 JavaThread "jar transforms Thread 280" [_thread_blocked, id=840, stack(0x0000000028e30000,0x0000000028f30000)]
  0x000000002646f000 JavaThread "jar transforms Thread 279" [_thread_blocked, id=5032, stack(0x0000000028d30000,0x0000000028e30000)]
  0x0000000026472800 JavaThread "jar transforms Thread 278" [_thread_blocked, id=9276, stack(0x0000000028c30000,0x0000000028d30000)]
  0x0000000026471000 JavaThread "jar transforms Thread 277" [_thread_blocked, id=12424, stack(0x0000000028b30000,0x0000000028c30000)]
  0x0000000026475800 JavaThread "jar transforms Thread 276" [_thread_blocked, id=12428, stack(0x0000000028a30000,0x0000000028b30000)]
  0x0000000026475000 JavaThread "jar transforms Thread 275" [_thread_blocked, id=8864, stack(0x0000000028930000,0x0000000028a30000)]
  0x0000000026470800 JavaThread "jar transforms Thread 274" [_thread_blocked, id=6540, stack(0x0000000028830000,0x0000000028930000)]
  0x0000000026467000 JavaThread "jar transforms Thread 273" [_thread_blocked, id=9748, stack(0x0000000028730000,0x0000000028830000)]
  0x000000002646e000 JavaThread "jar transforms Thread 272" [_thread_blocked, id=15104, stack(0x0000000028630000,0x0000000028730000)]
  0x000000002646b000 JavaThread "jar transforms Thread 271" [_thread_blocked, id=13180, stack(0x0000000028530000,0x0000000028630000)]
  0x000000002646d000 JavaThread "jar transforms Thread 270" [_thread_blocked, id=9968, stack(0x0000000028430000,0x0000000028530000)]
  0x0000000020d15800 JavaThread "jar transforms Thread 269" [_thread_blocked, id=8380, stack(0x0000000028330000,0x0000000028430000)]
  0x0000000020d15000 JavaThread "jar transforms Thread 268" [_thread_blocked, id=8060, stack(0x0000000028230000,0x0000000028330000)]
  0x0000000020d1a000 JavaThread "jar transforms Thread 267" [_thread_blocked, id=12032, stack(0x0000000028130000,0x0000000028230000)]
  0x0000000020d14000 JavaThread "jar transforms Thread 266" [_thread_blocked, id=11312, stack(0x0000000027e30000,0x0000000027f30000)]
  0x0000000020d12800 JavaThread "jar transforms Thread 265" [_thread_blocked, id=8444, stack(0x0000000027d30000,0x0000000027e30000)]
  0x0000000020d18800 JavaThread "jar transforms Thread 264" [_thread_blocked, id=13496, stack(0x0000000027c30000,0x0000000027d30000)]
  0x0000000020d13800 JavaThread "jar transforms Thread 263" [_thread_blocked, id=7620, stack(0x0000000027b30000,0x0000000027c30000)]
  0x0000000020d19800 JavaThread "jar transforms Thread 262" [_thread_blocked, id=13012, stack(0x0000000027a30000,0x0000000027b30000)]
  0x0000000020d17000 JavaThread "jar transforms Thread 261" [_thread_blocked, id=5816, stack(0x00000000268d0000,0x00000000269d0000)]
  0x0000000020d16800 JavaThread "jar transforms Thread 260" [_thread_blocked, id=6652, stack(0x00000000267d0000,0x00000000268d0000)]
  0x0000000020d0b000 JavaThread "jar transforms Thread 259" [_thread_blocked, id=15064, stack(0x00000000266d0000,0x00000000267d0000)]
  0x0000000020d0e000 JavaThread "jar transforms Thread 258" [_thread_blocked, id=8656, stack(0x00000000265d0000,0x00000000266d0000)]
  0x0000000020d0d000 JavaThread "jar transforms Thread 257" [_thread_blocked, id=15184, stack(0x00000000264d0000,0x00000000265d0000)]
  0x0000000020d11000 JavaThread "jar transforms Thread 256" [_thread_blocked, id=11996, stack(0x0000000025380000,0x0000000025480000)]
  0x0000000020d10800 JavaThread "jar transforms Thread 255" [_thread_blocked, id=9412, stack(0x0000000024fd0000,0x00000000250d0000)]
  0x0000000020d0f800 JavaThread "jar transforms Thread 254" [_thread_blocked, id=4828, stack(0x00000000238e0000,0x00000000239e0000)]
  0x0000000020d0e800 JavaThread "jar transforms Thread 253" [_thread_blocked, id=10816, stack(0x0000000022fe0000,0x00000000230e0000)]
  0x0000000020d0c800 JavaThread "jar transforms Thread 252" [_thread_blocked, id=12404, stack(0x0000000022ae0000,0x0000000022be0000)]
  0x0000000020d12000 JavaThread "jar transforms Thread 251" [_thread_blocked, id=6212, stack(0x00000000229e0000,0x0000000022ae0000)]
  0x0000000020d0b800 JavaThread "jar transforms Thread 250" [_thread_blocked, id=6956, stack(0x00000000228e0000,0x00000000229e0000)]
  0x000000001b06d000 JavaThread "jar transforms Thread 249" [_thread_blocked, id=6812, stack(0x00000000227e0000,0x00000000228e0000)]
  0x000000001b068800 JavaThread "jar transforms Thread 248" [_thread_blocked, id=14400, stack(0x00000000226e0000,0x00000000227e0000)]
  0x000000001b06f000 JavaThread "jar transforms Thread 247" [_thread_blocked, id=8348, stack(0x00000000225e0000,0x00000000226e0000)]
  0x000000001b067800 JavaThread "jar transforms Thread 246" [_thread_blocked, id=11800, stack(0x00000000224e0000,0x00000000225e0000)]
  0x000000001b06d800 JavaThread "jar transforms Thread 245" [_thread_blocked, id=13116, stack(0x00000000223e0000,0x00000000224e0000)]
  0x000000001b06c000 JavaThread "jar transforms Thread 244" [_thread_blocked, id=3948, stack(0x00000000221e0000,0x00000000222e0000)]
  0x000000001b06a800 JavaThread "jar transforms Thread 243" [_thread_blocked, id=8572, stack(0x00000000220e0000,0x00000000221e0000)]
  0x000000001b06e800 JavaThread "Build operations Thread 12" [_thread_in_native, id=5036, stack(0x0000000021fe0000,0x00000000220e0000)]
  0x000000001b06b800 JavaThread "Build operations Thread 11" [_thread_in_Java, id=11848, stack(0x0000000021ee0000,0x0000000021fe0000)]
  0x000000001b06a000 JavaThread "Build operations Thread 10" [_thread_in_native, id=12256, stack(0x0000000021de0000,0x0000000021ee0000)]
  0x000000001b069000 JavaThread "Build operations Thread 9" [_thread_blocked, id=11332, stack(0x0000000021ce0000,0x0000000021de0000)]
  0x000000001b066000 JavaThread "Build operations Thread 8" [_thread_blocked, id=6336, stack(0x0000000021be0000,0x0000000021ce0000)]
  0x000000001b05d000 JavaThread "Build operations Thread 7" [_thread_blocked, id=13016, stack(0x0000000021ae0000,0x0000000021be0000)]
  0x000000001b062800 JavaThread "Build operations Thread 6" [_thread_in_Java, id=15192, stack(0x0000000020780000,0x0000000020880000)]
  0x000000001b061000 JavaThread "Build operations Thread 5" [_thread_blocked, id=12228, stack(0x0000000020680000,0x0000000020780000)]
  0x000000001b060000 JavaThread "Build operations Thread 4" [_thread_blocked, id=10156, stack(0x0000000020580000,0x0000000020680000)]
  0x000000001b05b000 JavaThread "Build operations Thread 3" [_thread_in_native, id=15196, stack(0x0000000020480000,0x0000000020580000)]
  0x000000001b058800 JavaThread "Build operations Thread 2" [_thread_blocked, id=996, stack(0x000000001f040000,0x000000001f140000)]
  0x000000001b05f800 JavaThread "Build operations" [_thread_blocked, id=7528, stack(0x000000001eb40000,0x000000001ec40000)]
  0x000000001b05e000 JavaThread "Cache worker for cache directory md-rule (C:\Users\kh\.gradle\caches\6.5\md-rule)" [_thread_blocked, id=8648, stack(0x000000001ea40000,0x000000001eb40000)]
  0x000000001b05e800 JavaThread "Cache worker for cache directory md-supplier (C:\Users\kh\.gradle\caches\6.5\md-supplier)" [_thread_blocked, id=1084, stack(0x000000001e940000,0x000000001ea40000)]
  0x000000001b051000 JavaThread "Cache worker for checksums cache (E:\AndroidProjects\ShoppingUser\.gradle\checksums)" [_thread_blocked, id=5100, stack(0x000000001e840000,0x000000001e940000)]
  0x000000001b058000 JavaThread "Cache worker for file hash cache (E:\AndroidProjects\ShoppingUser\.gradle\6.5\fileHashes)" [_thread_blocked, id=11676, stack(0x000000001e740000,0x000000001e840000)]
  0x000000001b050800 JavaThread "Thread-344" [_thread_blocked, id=13892, stack(0x000000001e640000,0x000000001e740000)]
  0x000000001b057000 JavaThread "Stdin handler" [_thread_blocked, id=3928, stack(0x000000001e540000,0x000000001e640000)]
  0x000000001b052000 JavaThread "Asynchronous log dispatcher for DefaultDaemonConnection: socket connection from /127.0.0.1:61148 to /127.0.0.1:61358" [_thread_blocked, id=14332, stack(0x000000001df00000,0x000000001e000000)]
  0x000000001b056800 JavaThread "Daemon worker Thread 3" [_thread_blocked, id=13356, stack(0x000000001de00000,0x000000001df00000)]
  0x000000001b055000 JavaThread "Cancel handler" [_thread_blocked, id=11944, stack(0x0000000000d70000,0x0000000000e70000)]
  0x000000001b055800 JavaThread "Handler for socket connection from /127.0.0.1:61148 to /127.0.0.1:61358" [_thread_in_native, id=2008, stack(0x0000000000c70000,0x0000000000d70000)]
  0x000000001b054000 JavaThread "Daemon Thread 3" [_thread_blocked, id=13868, stack(0x0000000000b70000,0x0000000000c70000)]
  0x000000001b064000 JavaThread "ForkJoinPool.commonPool-worker-10" daemon [_thread_blocked, id=9668, stack(0x00000000356c0000,0x00000000357c0000)]
  0x000000001b063000 JavaThread "ForkJoinPool.commonPool-worker-8" daemon [_thread_blocked, id=10152, stack(0x00000000354c0000,0x00000000355c0000)]
  0x000000001b061800 JavaThread "ForkJoinPool.commonPool-worker-2" daemon [_thread_blocked, id=5236, stack(0x00000000339d0000,0x0000000033ad0000)]
  0x000000001b053800 JavaThread "Cache worker for Java compile cache (C:\Users\kh\.gradle\caches\6.5\javaCompile)" [_thread_blocked, id=8856, stack(0x00000000326b0000,0x00000000327b0000)]
  0x0000000026468000 JavaThread "Memory manager" [_thread_blocked, id=8956, stack(0x000000002ee30000,0x000000002ef30000)]
  0x000000001d4c7800 JavaThread "Cache worker for file content cache (C:\Users\kh\.gradle\caches\6.5\fileContent)" [_thread_blocked, id=10536, stack(0x00000000237e0000,0x00000000238e0000)]
  0x0000000020d18000 JavaThread "Cache worker for execution history cache (C:\Users\kh\.gradle\caches\6.5\executionHistory)" [_thread_blocked, id=6684, stack(0x00000000232e0000,0x00000000233e0000)]
  0x00000000193d3800 JavaThread "Cache worker for file hash cache (C:\Users\kh\.gradle\caches\6.5\fileHashes)" [_thread_blocked, id=5140, stack(0x000000001f1b0000,0x000000001f2b0000)]
  0x00000000193d4800 JavaThread "File lock request listener" [_thread_in_native, id=3688, stack(0x000000001ef40000,0x000000001f040000)]
  0x000000001b1a4000 JavaThread "Cache worker for journal cache (C:\Users\kh\.gradle\caches\journal-1)" [_thread_blocked, id=7432, stack(0x000000001ee40000,0x000000001ef40000)]
  0x000000001bb99000 JavaThread "Daemon periodic checks" [_thread_blocked, id=12616, stack(0x000000001e240000,0x000000001e340000)]
  0x000000001b672800 JavaThread "Incoming local TCP Connector on port 61148" [_thread_in_native, id=3844, stack(0x000000001e000000,0x000000001e100000)]
  0x000000001c03b000 JavaThread "Daemon health stats" [_thread_blocked, id=14052, stack(0x000000001c7e0000,0x000000001c8e0000)]
  0x0000000019464000 JavaThread "Service Thread" daemon [_thread_blocked, id=13164, stack(0x000000001ae10000,0x000000001af10000)]
  0x00000000193cd800 JavaThread "C1 CompilerThread3" daemon [_thread_in_native, id=8608, stack(0x000000001ad10000,0x000000001ae10000)]
=>0x00000000193cf000 JavaThread "C2 CompilerThread2" daemon [_thread_in_native, id=3500, stack(0x000000001ac10000,0x000000001ad10000)]
  0x00000000193d2000 JavaThread "C2 CompilerThread1" daemon [_thread_in_native, id=6220, stack(0x000000001ab10000,0x000000001ac10000)]
  0x00000000193c7000 JavaThread "C2 CompilerThread0" daemon [_thread_in_native, id=8924, stack(0x000000001aa10000,0x000000001ab10000)]
  0x00000000193c2000 JavaThread "Attach Listener" daemon [_thread_blocked, id=12060, stack(0x000000001a910000,0x000000001aa10000)]
  0x00000000193c1000 JavaThread "Signal Dispatcher" daemon [_thread_blocked, id=13708, stack(0x000000001a810000,0x000000001a910000)]
  0x0000000002a5a800 JavaThread "Finalizer" daemon [_thread_blocked, id=5072, stack(0x000000001a610000,0x000000001a710000)]
  0x00000000193b3000 JavaThread "Reference Handler" daemon [_thread_blocked, id=1420, stack(0x000000001a510000,0x000000001a610000)]
  0x000000000295d800 JavaThread "main" [_thread_blocked, id=13984, stack(0x00000000027f0000,0x00000000028f0000)]

Other Threads:
  0x0000000017cc6000 VMThread [stack: 0x000000001a410000,0x000000001a510000] [id=4716]
  0x0000000019465000 WatcherThread [stack: 0x000000001af10000,0x000000001b010000] [id=14968]

VM state:not at safepoint (normal execution)

VM Mutex/Monitor currently owned by a thread: None

heap address: 0x0000000080000000, size: 2048 MB, Compressed Oops mode: 32-bit
Narrow klass base: 0x0000000000000000, Narrow klass shift: 3
Compressed class space size: 1073741824 Address: 0x0000000100000000

Heap:
 PSYoungGen      total 351232K, used 252707K [0x00000000d5580000, 0x00000000eeb00000, 0x0000000100000000)
  eden space 297984K, 72% used [0x00000000d5580000,0x00000000e29a9540,0x00000000e7880000)
  from space 53248K, 66% used [0x00000000eae00000,0x00000000ed09f808,0x00000000ee200000)
  to   space 54784K, 0% used [0x00000000e7880000,0x00000000e7880000,0x00000000eae00000)
 ParOldGen       total 354304K, used 98816K [0x0000000080000000, 0x0000000095a00000, 0x00000000d5580000)
  object space 354304K, 27% used [0x0000000080000000,0x00000000860803d8,0x0000000095a00000)
 Metaspace       used 105092K, capacity 112056K, committed 112332K, reserved 1146880K
  class space    used 14163K, capacity 15528K, committed 15616K, reserved 1048576K

Card table byte_map: [0x0000000011e20000,0x0000000012230000] byte_map_base: 0x0000000011a20000

Marking Bits: (ParMarkBitMap*) 0x000000007510f030
 Begin Bits: [0x0000000012ee0000, 0x0000000014ee0000)
 End Bits:   [0x0000000014ee0000, 0x0000000016ee0000)

Polling page: 0x0000000000e80000

CodeCache: size=245760Kb used=46679Kb max_used=46872Kb free=199080Kb
 bounds [0x0000000002a60000, 0x0000000005880000, 0x0000000011a60000]
 total_blobs=15646 nmethods=14759 adapters=798
 compilation: enabled

Compilation events (10 events):
Event: 862.802 Thread 0x00000000193cd800 18135       2       org.gradle.internal.execution.history.changes.AbstractFingerprintCompareStrategy::hasSameRootHashes (22 bytes)
Event: 862.802 Thread 0x00000000193cd800 nmethod 18135 0x00000000039769d0 code [0x0000000003976b60, 0x0000000003976d88]
Event: 862.802 Thread 0x00000000193cd800 18136       2       org.gradle.internal.execution.history.changes.AbstractFingerprintCompareStrategy::visitChangesSince (31 bytes)
Event: 862.803 Thread 0x00000000193cd800 nmethod 18136 0x000000000504c690 code [0x000000000504c860, 0x000000000504cbe8]
Event: 862.805 Thread 0x00000000193cd800 18143       2       org.gradle.internal.execution.steps.ResolveCachingStateStep::logDisabledReasons (104 bytes)
Event: 862.806 Thread 0x00000000193cd800 nmethod 18143 0x0000000003a8aad0 code [0x0000000003a8ad20, 0x0000000003a8b538]
Event: 862.813 Thread 0x00000000193cd800 18144       2       org.gradle.internal.execution.steps.SkipUpToDateStep::lambda$execute$0 (78 bytes)
Event: 862.814 Thread 0x00000000193cd800 nmethod 18144 0x0000000004aaf3d0 code [0x0000000004aaf5e0, 0x0000000004aafcc8]
Event: 862.822 Thread 0x00000000193cd800 18145       2       org.gradle.internal.resource.local.SingleDepthFileAccessTracker::markAccessed (23 bytes)
Event: 862.822 Thread 0x00000000193cd800 nmethod 18145 0x000000000488a590 code [0x000000000488a700, 0x000000000488a8b8]

GC Heap History (10 events):
Event: 768.812 GC heap before
{Heap before GC invocations=18 (full 3):
 PSYoungGen      total 243712K, used 243700K [0x00000000d5580000, 0x00000000ec980000, 0x0000000100000000)
  eden space 208384K, 100% used [0x00000000d5580000,0x00000000e2100000,0x00000000e2100000)
  from space 35328K, 99% used [0x00000000e5500000,0x00000000e777d330,0x00000000e7780000)
  to   space 53248K, 0% used [0x00000000e2100000,0x00000000e2100000,0x00000000e5500000)
 ParOldGen       total 218624K, used 87175K [0x0000000080000000, 0x000000008d580000, 0x00000000d5580000)
  object space 218624K, 39% used [0x0000000080000000,0x0000000085521f00,0x000000008d580000)
 Metaspace       used 83910K, capacity 88642K, committed 88792K, reserved 1126400K
  class space    used 11321K, capacity 12276K, committed 12288K, reserved 1048576K
Event: 768.830 GC heap after
Heap after GC invocations=18 (full 3):
 PSYoungGen      total 261632K, used 13472K [0x00000000d5580000, 0x00000000ebb00000, 0x0000000100000000)
  eden space 208384K, 0% used [0x00000000d5580000,0x00000000d5580000,0x00000000e2100000)
  from space 53248K, 25% used [0x00000000e2100000,0x00000000e2e280e8,0x00000000e5500000)
  to   space 51200K, 0% used [0x00000000e8900000,0x00000000e8900000,0x00000000ebb00000)
 ParOldGen       total 218624K, used 116800K [0x0000000080000000, 0x000000008d580000, 0x00000000d5580000)
  object space 218624K, 53% used [0x0000000080000000,0x00000000872101e8,0x000000008d580000)
 Metaspace       used 83910K, capacity 88642K, committed 88792K, reserved 1126400K
  class space    used 11321K, capacity 12276K, committed 12288K, reserved 1048576K
}
Event: 770.877 GC heap before
{Heap before GC invocations=19 (full 3):
 PSYoungGen      total 261632K, used 221856K [0x00000000d5580000, 0x00000000ebb00000, 0x0000000100000000)
  eden space 208384K, 100% used [0x00000000d5580000,0x00000000e2100000,0x00000000e2100000)
  from space 53248K, 25% used [0x00000000e2100000,0x00000000e2e280e8,0x00000000e5500000)
  to   space 51200K, 0% used [0x00000000e8900000,0x00000000e8900000,0x00000000ebb00000)
 ParOldGen       total 218624K, used 116800K [0x0000000080000000, 0x000000008d580000, 0x00000000d5580000)
  object space 218624K, 53% used [0x0000000080000000,0x00000000872101e8,0x000000008d580000)
 Metaspace       used 87623K, capacity 92342K, committed 92632K, reserved 1128448K
  class space    used 11745K, capacity 12706K, committed 12800K, reserved 1048576K
Event: 770.887 GC heap after
Heap after GC invocations=19 (full 3):
 PSYoungGen      total 297472K, used 22212K [0x00000000d5580000, 0x00000000eb000000, 0x0000000100000000)
  eden space 257536K, 0% used [0x00000000d5580000,0x00000000d5580000,0x00000000e5100000)
  from space 39936K, 55% used [0x00000000e8900000,0x00000000e9eb1298,0x00000000eb000000)
  to   space 48640K, 0% used [0x00000000e5100000,0x00000000e5100000,0x00000000e8080000)
 ParOldGen       total 218624K, used 116808K [0x0000000080000000, 0x000000008d580000, 0x00000000d5580000)
  object space 218624K, 53% used [0x0000000080000000,0x00000000872121e8,0x000000008d580000)
 Metaspace       used 87623K, capacity 92342K, committed 92632K, reserved 1128448K
  class space    used 11745K, capacity 12706K, committed 12800K, reserved 1048576K
}
Event: 771.819 GC heap before
{Heap before GC invocations=20 (full 3):
 PSYoungGen      total 297472K, used 203834K [0x00000000d5580000, 0x00000000eb000000, 0x0000000100000000)
  eden space 257536K, 70% used [0x00000000d5580000,0x00000000e06dd720,0x00000000e5100000)
  from space 39936K, 55% used [0x00000000e8900000,0x00000000e9eb1298,0x00000000eb000000)
  to   space 48640K, 0% used [0x00000000e5100000,0x00000000e5100000,0x00000000e8080000)
 ParOldGen       total 218624K, used 116808K [0x0000000080000000, 0x000000008d580000, 0x00000000d5580000)
  object space 218624K, 53% used [0x0000000080000000,0x00000000872121e8,0x000000008d580000)
 Metaspace       used 93293K, capacity 98258K, committed 98380K, reserved 1134592K
  class space    used 12430K, capacity 13420K, committed 13440K, reserved 1048576K
Event: 771.835 GC heap after
Heap after GC invocations=20 (full 3):
 PSYoungGen      total 306176K, used 39892K [0x00000000d5580000, 0x00000000ee200000, 0x0000000100000000)
  eden space 257536K, 0% used [0x00000000d5580000,0x00000000d5580000,0x00000000e5100000)
  from space 48640K, 82% used [0x00000000e5100000,0x00000000e77f53c8,0x00000000e8080000)
  to   space 53248K, 0% used [0x00000000eae00000,0x00000000eae00000,0x00000000ee200000)
 ParOldGen       total 218624K, used 116824K [0x0000000080000000, 0x000000008d580000, 0x00000000d5580000)
  object space 218624K, 53% used [0x0000000080000000,0x00000000872161e8,0x000000008d580000)
 Metaspace       used 93293K, capacity 98258K, committed 98380K, reserved 1134592K
  class space    used 12430K, capacity 13420K, committed 13440K, reserved 1048576K
}
Event: 771.835 GC heap before
{Heap before GC invocations=21 (full 4):
 PSYoungGen      total 306176K, used 39892K [0x00000000d5580000, 0x00000000ee200000, 0x0000000100000000)
  eden space 257536K, 0% used [0x00000000d5580000,0x00000000d5580000,0x00000000e5100000)
  from space 48640K, 82% used [0x00000000e5100000,0x00000000e77f53c8,0x00000000e8080000)
  to   space 53248K, 0% used [0x00000000eae00000,0x00000000eae00000,0x00000000ee200000)
 ParOldGen       total 218624K, used 116824K [0x0000000080000000, 0x000000008d580000, 0x00000000d5580000)
  object space 218624K, 53% used [0x0000000080000000,0x00000000872161e8,0x000000008d580000)
 Metaspace       used 93293K, capacity 98258K, committed 98380K, reserved 1134592K
  class space    used 12430K, capacity 13420K, committed 13440K, reserved 1048576K
Event: 772.002 GC heap after
Heap after GC invocations=21 (full 4):
 PSYoungGen      total 306176K, used 0K [0x00000000d5580000, 0x00000000ee200000, 0x0000000100000000)
  eden space 257536K, 0% used [0x00000000d5580000,0x00000000d5580000,0x00000000e5100000)
  from space 48640K, 0% used [0x00000000e5100000,0x00000000e5100000,0x00000000e8080000)
  to   space 53248K, 0% used [0x00000000eae00000,0x00000000eae00000,0x00000000ee200000)
 ParOldGen       total 354304K, used 98808K [0x0000000080000000, 0x0000000095a00000, 0x00000000d5580000)
  object space 354304K, 27% used [0x0000000080000000,0x000000008607e3d8,0x0000000095a00000)
 Metaspace       used 92935K, capacity 97182K, committed 98380K, reserved 1134592K
  class space    used 12319K, capacity 13222K, committed 13440K, reserved 1048576K
}
Event: 773.913 GC heap before
{Heap before GC invocations=22 (full 4):
 PSYoungGen      total 306176K, used 257536K [0x00000000d5580000, 0x00000000ee200000, 0x0000000100000000)
  eden space 257536K, 100% used [0x00000000d5580000,0x00000000e5100000,0x00000000e5100000)
  from space 48640K, 0% used [0x00000000e5100000,0x00000000e5100000,0x00000000e8080000)
  to   space 53248K, 0% used [0x00000000eae00000,0x00000000eae00000,0x00000000ee200000)
 ParOldGen       total 354304K, used 98808K [0x0000000080000000, 0x0000000095a00000, 0x00000000d5580000)
  object space 354304K, 27% used [0x0000000080000000,0x000000008607e3d8,0x0000000095a00000)
 Metaspace       used 101767K, capacity 107978K, committed 108108K, reserved 1142784K
  class space    used 13690K, capacity 14925K, committed 14976K, reserved 1048576K
Event: 773.938 GC heap after
Heap after GC invocations=22 (full 4):
 PSYoungGen      total 351232K, used 35454K [0x00000000d5580000, 0x00000000eeb00000, 0x0000000100000000)
  eden space 297984K, 0% used [0x00000000d5580000,0x00000000d5580000,0x00000000e7880000)
  from space 53248K, 66% used [0x00000000eae00000,0x00000000ed09f808,0x00000000ee200000)
  to   space 54784K, 0% used [0x00000000e7880000,0x00000000e7880000,0x00000000eae00000)
 ParOldGen       total 354304K, used 98816K [0x0000000080000000, 0x0000000095a00000, 0x00000000d5580000)
  object space 354304K, 27% used [0x0000000080000000,0x00000000860803d8,0x0000000095a00000)
 Metaspace       used 101767K, capacity 107978K, committed 108108K, reserved 1142784K
  class space    used 13690K, capacity 14925K, committed 14976K, reserved 1048576K
}

Deoptimization events (10 events):
Event: 862.659 Thread 0x000000001b056800 Uncommon trap: reason=class_check action=maybe_recompile pc=0x0000000003c46684 method=org.gradle.cache.internal.LockOnDemandCrossProcessCacheAccess.incrementLockCount()V @ 97
Event: 862.693 Thread 0x000000001b056800 Uncommon trap: reason=array_check action=maybe_recompile pc=0x00000000046ce020 method=com.google.common.collect.ImmutableSet.construct(I[Ljava/lang/Object;)Lcom/google/common/collect/ImmutableSet; @ 122
Event: 862.694 Thread 0x000000001b056800 Uncommon trap: reason=array_check action=maybe_recompile pc=0x00000000046ce020 method=com.google.common.collect.ImmutableSet.construct(I[Ljava/lang/Object;)Lcom/google/common/collect/ImmutableSet; @ 122
Event: 862.695 Thread 0x000000001b056800 Uncommon trap: reason=class_check action=maybe_recompile pc=0x000000000310ec20 method=java.util.Spliterators$ArraySpliterator.tryAdvance(Ljava/util/function/Consumer;)Z @ 49
Event: 862.712 Thread 0x000000001b056800 Uncommon trap: reason=array_check action=maybe_recompile pc=0x00000000046ce020 method=com.google.common.collect.ImmutableSet.construct(I[Ljava/lang/Object;)Lcom/google/common/collect/ImmutableSet; @ 122
Event: 862.712 Thread 0x000000001b056800 Uncommon trap: reason=class_check action=maybe_recompile pc=0x000000000310ec20 method=java.util.Spliterators$ArraySpliterator.tryAdvance(Ljava/util/function/Consumer;)Z @ 49
Event: 862.723 Thread 0x000000001b056800 Uncommon trap: reason=array_check action=maybe_recompile pc=0x00000000033de270 method=java.util.ComparableTimSort.binarySort([Ljava/lang/Object;III)V @ 193
Event: 862.725 Thread 0x000000001b056800 Uncommon trap: reason=array_check action=maybe_recompile pc=0x00000000033de270 method=java.util.ComparableTimSort.binarySort([Ljava/lang/Object;III)V @ 193
Event: 862.799 Thread 0x000000001b05f800 Uncommon trap: reason=unstable_if action=reinterpret pc=0x0000000002f50b88 method=java.util.concurrent.ConcurrentHashMap.transfer([Ljava/util/concurrent/ConcurrentHashMap$Node;[Ljava/util/concurrent/ConcurrentHashMap$Node;)V @ 277
Event: 862.799 Thread 0x000000001b069000 Uncommon trap: reason=unstable_if action=reinterpret pc=0x0000000002f50b58 method=java.util.concurrent.ConcurrentHashMap.transfer([Ljava/util/concurrent/ConcurrentHashMap$Node;[Ljava/util/concurrent/ConcurrentHashMap$Node;)V @ 34

Classes redefined (0 events):
No events

Internal exceptions (10 events):
Event: 774.260 Thread 0x000000001b068800 Implicit null exception at 0x000000000375f16f to 0x000000000375f25d
Event: 774.260 Thread 0x000000001b06a000 Implicit null exception at 0x000000000375f16f to 0x000000000375f25d
Event: 774.260 Thread 0x000000001b064000 Implicit null exception at 0x000000000375f16f to 0x000000000375f25d
Event: 774.260 Thread 0x000000001b063000 Implicit null exception at 0x000000000375f16f to 0x000000000375f25d
Event: 774.478 Thread 0x000000001b06f000 Exception <a 'sun/nio/fs/WindowsException'> (0x00000000db627df0) thrown at [C:\src\AOSP-openjdk-git\hotspot\src\share\vm\prims\jni.cpp, line 710]
Event: 774.531 Thread 0x000000001b05e000 Exception <a 'java/lang/NoSuchMethodError': java.lang.Object.lambda$asRunnable$0(Lcom/android/tools/build/apkzlib/utils/IOExceptionRunnable;)V> (0x00000000dbac8fb8) thrown at [C:\src\AOSP-openjdk-git\hotspot\src\share\vm\interpreter\linkResolver.cpp, line
Event: 774.549 Thread 0x000000001b05e000 Exception <a 'java/lang/NoSuchMethodError': java.lang.Object.newSystemTemporaryDirectory()Lcom/android/tools/build/apkzlib/bytestorage/TemporaryDirectory;> (0x00000000dbc08100) thrown at [C:\src\AOSP-openjdk-git\hotspot\src\share\vm\interpreter\linkResolv
Event: 774.599 Thread 0x000000001b05e000 Exception <a 'java/lang/NoSuchMethodError': java.lang.Object.lambda$static$0(Lcom/android/apksig/util/RunnablesProvider;)V> (0x00000000dbf296a8) thrown at [C:\src\AOSP-openjdk-git\hotspot\src\share\vm\interpreter\linkResolver.cpp, line 620]
Event: 862.661 Thread 0x000000001b056800 Exception <a 'sun/nio/fs/WindowsException'> (0x00000000dfd4b388) thrown at [C:\src\AOSP-openjdk-git\hotspot\src\share\vm\prims\jni.cpp, line 710]
Event: 862.698 Thread 0x000000001b056800 Exception <a 'sun/nio/fs/WindowsException'> (0x00000000e02e8418) thrown at [C:\src\AOSP-openjdk-git\hotspot\src\share\vm\prims\jni.cpp, line 710]

Events (10 events):
Event: 862.768 Thread 0x00000000193cd800 flushing nmethod 0x0000000005815a10
Event: 862.768 Thread 0x00000000193cd800 flushing nmethod 0x0000000005829bd0
Event: 862.777 Executing VM operation: RevokeBias
Event: 862.777 Executing VM operation: RevokeBias done
Event: 862.798 Thread 0x000000001b05f800 Uncommon trap: trap_request=0xffffff65 fr.pc=0x0000000002f50b88
Event: 862.798 Thread 0x000000001b069000 Uncommon trap: trap_request=0xffffff65 fr.pc=0x0000000002f50b58
Event: 862.799 Thread 0x000000001b05f800 DEOPT PACKING pc=0x0000000002f50b88 sp=0x000000001ec3cde0
Event: 862.799 Thread 0x000000001b069000 DEOPT PACKING pc=0x0000000002f50b58 sp=0x0000000021ddcac0
Event: 862.799 Thread 0x000000001b05f800 DEOPT UNPACKING pc=0x0000000002aa557b sp=0x000000001ec3cd68 mode 2
Event: 862.799 Thread 0x000000001b069000 DEOPT UNPACKING pc=0x0000000002aa557b sp=0x0000000021ddca50 mode 2


Dynamic libraries:
0x00007ff789ea0000 - 0x00007ff789ed1000 	C:\Program Files\Android\Android Studio\jre\bin\java.exe
0x00007ffc90450000 - 0x00007ffc90645000 	C:\WINDOWS\SYSTEM32\ntdll.dll
0x00007ffc902f0000 - 0x00007ffc903ad000 	C:\WINDOWS\System32\KERNEL32.DLL
0x00007ffc8dcc0000 - 0x00007ffc8df89000 	C:\WINDOWS\System32\KERNELBASE.dll
0x00007ffc8e920000 - 0x00007ffc8e9cc000 	C:\WINDOWS\System32\ADVAPI32.dll
0x00007ffc8e740000 - 0x00007ffc8e7de000 	C:\WINDOWS\System32\msvcrt.dll
0x00007ffc901e0000 - 0x00007ffc9027b000 	C:\WINDOWS\System32\sechost.dll
0x00007ffc8e7f0000 - 0x00007ffc8e91a000 	C:\WINDOWS\System32\RPCRT4.dll
0x00007ffc8fe70000 - 0x00007ffc90010000 	C:\WINDOWS\System32\USER32.dll
0x00007ffc8dbe0000 - 0x00007ffc8dc02000 	C:\WINDOWS\System32\win32u.dll
0x00007ffc8fdb0000 - 0x00007ffc8fdda000 	C:\WINDOWS\System32\GDI32.dll
0x00007ffc8df90000 - 0x00007ffc8e09b000 	C:\WINDOWS\System32\gdi32full.dll
0x00007ffc8e2c0000 - 0x00007ffc8e35d000 	C:\WINDOWS\System32\msvcp_win.dll
0x00007ffc8e0a0000 - 0x00007ffc8e1a0000 	C:\WINDOWS\System32\ucrtbase.dll
0x00007ffc77210000 - 0x00007ffc774aa000 	C:\WINDOWS\WinSxS\amd64_microsoft.windows.common-controls_6595b64144ccf1df_6.0.19041.1110_none_60b5254171f9507e\COMCTL32.dll
0x00007ffc90010000 - 0x00007ffc90040000 	C:\WINDOWS\System32\IMM32.DLL
0x0000000074780000 - 0x0000000074852000 	C:\Program Files\Android\Android Studio\jre\jre\bin\msvcr100.dll
0x0000000074940000 - 0x000000007518b000 	C:\Program Files\Android\Android Studio\jre\jre\bin\server\jvm.dll
0x00007ffc8e7e0000 - 0x00007ffc8e7e8000 	C:\WINDOWS\System32\PSAPI.DLL
0x00007ffc73a40000 - 0x00007ffc73a49000 	C:\WINDOWS\SYSTEM32\WSOCK32.dll
0x00007ffc72b90000 - 0x00007ffc72bb7000 	C:\WINDOWS\SYSTEM32\WINMM.dll
0x00007ffc843b0000 - 0x00007ffc843ba000 	C:\WINDOWS\SYSTEM32\VERSION.dll
0x00007ffc90280000 - 0x00007ffc902eb000 	C:\WINDOWS\System32\WS2_32.dll
0x00007ffc85260000 - 0x00007ffc8526f000 	C:\Program Files\Android\Android Studio\jre\jre\bin\verify.dll
0x00007ffc78840000 - 0x00007ffc78869000 	C:\Program Files\Android\Android Studio\jre\jre\bin\java.dll
0x00007ffc78820000 - 0x00007ffc78836000 	C:\Program Files\Android\Android Studio\jre\jre\bin\zip.dll
0x00007ffc8f070000 - 0x00007ffc8f7af000 	C:\WINDOWS\System32\SHELL32.dll
0x00007ffc8b910000 - 0x00007ffc8c0a1000 	C:\WINDOWS\SYSTEM32\windows.storage.dll
0x00007ffc8e9d0000 - 0x00007ffc8ed25000 	C:\WINDOWS\System32\combase.dll
0x00007ffc8d600000 - 0x00007ffc8d62c000 	C:\WINDOWS\SYSTEM32\Wldp.dll
0x00007ffc90040000 - 0x00007ffc900ee000 	C:\WINDOWS\System32\SHCORE.dll
0x00007ffc903b0000 - 0x00007ffc90405000 	C:\WINDOWS\System32\shlwapi.dll
0x00007ffc8dad0000 - 0x00007ffc8daef000 	C:\WINDOWS\SYSTEM32\profapi.dll
0x00007ffc78800000 - 0x00007ffc7881a000 	C:\Program Files\Android\Android Studio\jre\jre\bin\net.dll
0x00007ffc8d360000 - 0x00007ffc8d3ca000 	C:\WINDOWS\system32\mswsock.dll
0x00007ffc787e0000 - 0x00007ffc787f3000 	C:\Program Files\Android\Android Studio\jre\jre\bin\nio.dll
0x00007ffc62c50000 - 0x00007ffc62c77000 	C:\Users\kh\.gradle\native\f6784746aeab05261644944871eae4fe03e0ef1612fff0a4a95f87b438bc6780\windows-amd64\native-platform.dll
0x00007ffc787d0000 - 0x00007ffc787dd000 	C:\Program Files\Android\Android Studio\jre\jre\bin\management.dll
0x00007ffc8d540000 - 0x00007ffc8d558000 	C:\WINDOWS\SYSTEM32\CRYPTSP.dll
0x00007ffc8cc90000 - 0x00007ffc8ccc4000 	C:\WINDOWS\system32\rsaenh.dll
0x00007ffc8e1a0000 - 0x00007ffc8e1c7000 	C:\WINDOWS\System32\bcrypt.dll
0x00007ffc8da90000 - 0x00007ffc8dabe000 	C:\WINDOWS\SYSTEM32\USERENV.dll
0x00007ffc8e1d0000 - 0x00007ffc8e253000 	C:\WINDOWS\System32\bcryptprimitives.dll
0x00007ffc8d560000 - 0x00007ffc8d56c000 	C:\WINDOWS\SYSTEM32\CRYPTBASE.dll
0x00007ffc8d000000 - 0x00007ffc8d03b000 	C:\WINDOWS\SYSTEM32\IPHLPAPI.DLL
0x00007ffc8e660000 - 0x00007ffc8e668000 	C:\WINDOWS\System32\NSI.dll
0x00007ffc82770000 - 0x00007ffc82787000 	C:\WINDOWS\SYSTEM32\dhcpcsvc6.DLL
0x00007ffc82da0000 - 0x00007ffc82dbd000 	C:\WINDOWS\SYSTEM32\dhcpcsvc.DLL
0x00007ffc8d040000 - 0x00007ffc8d10c000 	C:\WINDOWS\SYSTEM32\DNSAPI.dll
0x00007ffc85e00000 - 0x00007ffc85e0b000 	C:\WINDOWS\SYSTEM32\WINNSI.DLL

VM Arguments:
jvm_args: -Xmx2048m -Dfile.encoding=UTF-8 -Duser.country=US -Duser.language=en -Duser.variant 
java_command: org.gradle.launcher.daemon.bootstrap.GradleDaemon 6.5
java_class_path (initial): C:\Users\kh\.gradle\wrapper\dists\gradle-6.5-bin\6nifqtx7604sqp1q6g8wikw7p\gradle-6.5\lib\gradle-launcher-6.5.jar
Launcher Type: SUN_STANDARD

Environment Variables:
PATH=C:\Program Files (x86)\Common Files\Oracle\Java\javapath;C:\ProgramData\Oracle\Java\javapath;C:\Program Files (x86)\Common Files\Intel\Shared Libraries\redist\intel64\compiler;C:\Windows\system32;C:\Windows;C:\Windows\System32\Wbem;C:\Windows\System32\WindowsPowerShell\v1.0\;C:\Windows\System32\OpenSSH\;C:\Program Files (x86)\NVIDIA Corporation\PhysX\Common;E:\AndroidProjects\Animation Projects\bin;C:\Program Files\Git\cmd;C:\WINDOWS\system32;C:\WINDOWS;C:\WINDOWS\System32\Wbem;C:\WINDOWS\System32\WindowsPowerShell\v1.0\;C:\WINDOWS\System32\OpenSSH\;C:\Users\kh\AppData\Local\Microsoft\WindowsApps;E:\Proteus\SDCC\bin;E:\Logic\win32;C:\modeltech_6.5\win32;%USERPROFILE%\AppData\Local\Microsoft\WindowsApps;
USERNAME=kh
OS=Windows_NT
PROCESSOR_IDENTIFIER=Intel64 Family 6 Model 158 Stepping 10, GenuineIntel



---------------  S Y S T E M  ---------------

OS: Windows 10.0 , 64 bit Build 19041 (10.0.19041.1023)

CPU:total 12 (initial active 12) (6 cores per cpu, 2 threads per core) family 6 model 158 stepping 10, cmov, cx8, fxsr, mmx, sse, sse2, sse3, ssse3, sse4.1, sse4.2, popcnt, avx, avx2, aes, clmul, erms, 3dnowpref, lzcnt, ht, tsc, tscinvbit, bmi1, bmi2, adx

Memory: 4k page, physical 16600544k(2635480k free), swap 16600544k(7576k free)

vm_info: OpenJDK 64-Bit Server VM (25.242-b01) for windows-amd64 JRE (1.8.0_242-release-1644-b01), built by "builder" with MS VC++ 10.0 (VS2010)

time: Sun Jul 18 15:43:43 2021
timezone: Egypt Standard Time
elapsed time: 862 seconds (0d 0h 14m 22s)

